[0.006s] Invoking command in '/home/tadtawan/mobile_robot/lab1_ws/build/lab1_2': CMAKE_PREFIX_PATH=${CMAKE_PREFIX_PATH}:/opt/ros/humble /usr/bin/cmake /home/tadtawan/mobile_robot/lab1_ws/src/lab1_2 -DCMAKE_INSTALL_PREFIX=/home/tadtawan/mobile_robot/lab1_ws/install/lab1_2
[0.057s] -- The C compiler identification is GNU 11.4.0
[0.096s] -- The CXX compiler identification is GNU 11.4.0
[0.104s] -- Detecting C compiler ABI info
[0.149s] -- Detecting C compiler ABI info - done
[0.154s] -- Check for working C compiler: /usr/bin/cc - skipped
[0.155s] -- Detecting C compile features
[0.156s] -- Detecting C compile features - done
[0.158s] -- Detecting CXX compiler ABI info
[0.209s] -- Detecting CXX compiler ABI info - done
[0.214s] -- Check for working CXX compiler: /usr/bin/c++ - skipped
[0.214s] -- Detecting CXX compile features
[0.214s] -- Detecting CXX compile features - done
[0.217s] -- Found ament_cmake: 1.3.11 (/opt/ros/humble/share/ament_cmake/cmake)
[0.319s] -- Found Python3: /usr/bin/python3 (found version "3.10.12") found components: Interpreter 
[0.382s] -- Found rclcpp: 16.0.11 (/opt/ros/humble/share/rclcpp/cmake)
[0.408s] -- Found rosidl_generator_c: 3.1.6 (/opt/ros/humble/share/rosidl_generator_c/cmake)
[0.412s] -- Found rosidl_adapter: 3.1.6 (/opt/ros/humble/share/rosidl_adapter/cmake)
[0.417s] -- Found rosidl_generator_cpp: 3.1.6 (/opt/ros/humble/share/rosidl_generator_cpp/cmake)
[0.425s] -- Using all available rosidl_typesupport_c: rosidl_typesupport_fastrtps_c;rosidl_typesupport_introspection_c
[0.436s] -- Using all available rosidl_typesupport_cpp: rosidl_typesupport_fastrtps_cpp;rosidl_typesupport_introspection_cpp
[0.465s] -- Found rmw_implementation_cmake: 6.1.2 (/opt/ros/humble/share/rmw_implementation_cmake/cmake)
[0.466s] -- Found rmw_fastrtps_cpp: 6.2.7 (/opt/ros/humble/share/rmw_fastrtps_cpp/cmake)
[0.522s] -- Found OpenSSL: /usr/lib/x86_64-linux-gnu/libcrypto.so (found version "3.0.2")  
[0.541s] -- Found FastRTPS: /opt/ros/humble/include  
[0.567s] -- Using RMW implementation 'rmw_fastrtps_cpp' as default
[0.575s] -- Looking for pthread.h
[0.630s] -- Looking for pthread.h - found
[0.630s] -- Performing Test CMAKE_HAVE_LIBC_PTHREAD
[0.684s] -- Performing Test CMAKE_HAVE_LIBC_PTHREAD - Success
[0.685s] -- Found Threads: TRUE  
[0.720s] -- Found rclpy: 3.3.15 (/opt/ros/humble/share/rclpy/cmake)
[0.827s] -- Configuring done
[0.833s] -- Generating done
[0.835s] -- Build files have been written to: /home/tadtawan/mobile_robot/lab1_ws/build/lab1_2
[0.844s] Invoked command in '/home/tadtawan/mobile_robot/lab1_ws/build/lab1_2' returned '0': CMAKE_PREFIX_PATH=${CMAKE_PREFIX_PATH}:/opt/ros/humble /usr/bin/cmake /home/tadtawan/mobile_robot/lab1_ws/src/lab1_2 -DCMAKE_INSTALL_PREFIX=/home/tadtawan/mobile_robot/lab1_ws/install/lab1_2
[0.845s] Invoking command in '/home/tadtawan/mobile_robot/lab1_ws/build/lab1_2': CMAKE_PREFIX_PATH=${CMAKE_PREFIX_PATH}:/opt/ros/humble /usr/bin/cmake --build /home/tadtawan/mobile_robot/lab1_ws/build/lab1_2 -- -j16 -l16
[0.885s] [ 50%] [32mBuilding CXX object CMakeFiles/cpp_node_test.dir/src/cpp_node.cpp.o[0m
[0.891s] [ 50%] Built target ament_cmake_python_copy_lab1_2
[1.077s] running egg_info
[1.078s] creating lab1_2.egg-info
[1.078s] writing lab1_2.egg-info/PKG-INFO
[1.078s] writing dependency_links to lab1_2.egg-info/dependency_links.txt
[1.078s] writing top-level names to lab1_2.egg-info/top_level.txt
[1.079s] writing manifest file 'lab1_2.egg-info/SOURCES.txt'
[1.081s] reading manifest file 'lab1_2.egg-info/SOURCES.txt'
[1.081s] writing manifest file 'lab1_2.egg-info/SOURCES.txt'
[1.110s] [ 50%] Built target ament_cmake_python_build_lab1_2_egg
[1.157s] [100%] [32m[1mLinking CXX executable cpp_node_test[0m
[1.217s] [100%] Built target cpp_node_test
[1.224s] Invoked command in '/home/tadtawan/mobile_robot/lab1_ws/build/lab1_2' returned '0': CMAKE_PREFIX_PATH=${CMAKE_PREFIX_PATH}:/opt/ros/humble /usr/bin/cmake --build /home/tadtawan/mobile_robot/lab1_ws/build/lab1_2 -- -j16 -l16
[1.231s] Invoking command in '/home/tadtawan/mobile_robot/lab1_ws/build/lab1_2': CMAKE_PREFIX_PATH=${CMAKE_PREFIX_PATH}:/opt/ros/humble /usr/bin/cmake --install /home/tadtawan/mobile_robot/lab1_ws/build/lab1_2
[1.235s] -- Install configuration: ""
[1.235s] -- Installing: /home/tadtawan/mobile_robot/lab1_ws/install/lab1_2/share/lab1_2/environment/pythonpath.sh
[1.235s] -- Installing: /home/tadtawan/mobile_robot/lab1_ws/install/lab1_2/share/lab1_2/environment/pythonpath.dsv
[1.235s] -- Installing: /home/tadtawan/mobile_robot/lab1_ws/install/lab1_2/local/lib/python3.10/dist-packages/lab1_2-0.0.0-py3.10.egg-info
[1.236s] -- Installing: /home/tadtawan/mobile_robot/lab1_ws/install/lab1_2/local/lib/python3.10/dist-packages/lab1_2-0.0.0-py3.10.egg-info/top_level.txt
[1.236s] -- Installing: /home/tadtawan/mobile_robot/lab1_ws/install/lab1_2/local/lib/python3.10/dist-packages/lab1_2-0.0.0-py3.10.egg-info/dependency_links.txt
[1.236s] -- Installing: /home/tadtawan/mobile_robot/lab1_ws/install/lab1_2/local/lib/python3.10/dist-packages/lab1_2-0.0.0-py3.10.egg-info/SOURCES.txt
[1.236s] -- Installing: /home/tadtawan/mobile_robot/lab1_ws/install/lab1_2/local/lib/python3.10/dist-packages/lab1_2-0.0.0-py3.10.egg-info/PKG-INFO
[1.236s] -- Installing: /home/tadtawan/mobile_robot/lab1_ws/install/lab1_2/local/lib/python3.10/dist-packages/lab1_2
[1.236s] -- Installing: /home/tadtawan/mobile_robot/lab1_ws/install/lab1_2/local/lib/python3.10/dist-packages/lab1_2/__init__.py
[1.236s] -- Installing: /home/tadtawan/mobile_robot/lab1_ws/install/lab1_2/local/lib/python3.10/dist-packages/lab1_2/dummy_module.py
[1.256s] Listing '/home/tadtawan/mobile_robot/lab1_ws/install/lab1_2/local/lib/python3.10/dist-packages/lab1_2'...
[1.256s] Compiling '/home/tadtawan/mobile_robot/lab1_ws/install/lab1_2/local/lib/python3.10/dist-packages/lab1_2/__init__.py'...
[1.256s] Compiling '/home/tadtawan/mobile_robot/lab1_ws/install/lab1_2/local/lib/python3.10/dist-packages/lab1_2/dummy_module.py'...
[1.259s] -- Installing: /home/tadtawan/mobile_robot/lab1_ws/install/lab1_2/lib/lab1_2/dummy_script.py
[1.259s] -- Installing: /home/tadtawan/mobile_robot/lab1_ws/install/lab1_2/lib/lab1_2/cpp_node_test
[1.259s] -- Set runtime path of "/home/tadtawan/mobile_robot/lab1_ws/install/lab1_2/lib/lab1_2/cpp_node_test" to ""
[1.259s] -- Up-to-date: /home/tadtawan/mobile_robot/lab1_ws/install/lab1_2/share/lab1_2
[1.259s] -- Installing: /home/tadtawan/mobile_robot/lab1_ws/install/lab1_2/share/ament_index/resource_index/package_run_dependencies/lab1_2
[1.259s] -- Installing: /home/tadtawan/mobile_robot/lab1_ws/install/lab1_2/share/ament_index/resource_index/parent_prefix_path/lab1_2
[1.259s] -- Installing: /home/tadtawan/mobile_robot/lab1_ws/install/lab1_2/share/lab1_2/environment/ament_prefix_path.sh
[1.259s] -- Installing: /home/tadtawan/mobile_robot/lab1_ws/install/lab1_2/share/lab1_2/environment/ament_prefix_path.dsv
[1.259s] -- Installing: /home/tadtawan/mobile_robot/lab1_ws/install/lab1_2/share/lab1_2/environment/path.sh
[1.259s] -- Installing: /home/tadtawan/mobile_robot/lab1_ws/install/lab1_2/share/lab1_2/environment/path.dsv
[1.260s] -- Installing: /home/tadtawan/mobile_robot/lab1_ws/install/lab1_2/share/lab1_2/local_setup.bash
[1.260s] -- Installing: /home/tadtawan/mobile_robot/lab1_ws/install/lab1_2/share/lab1_2/local_setup.sh
[1.260s] -- Installing: /home/tadtawan/mobile_robot/lab1_ws/install/lab1_2/share/lab1_2/local_setup.zsh
[1.260s] -- Installing: /home/tadtawan/mobile_robot/lab1_ws/install/lab1_2/share/lab1_2/local_setup.dsv
[1.260s] -- Installing: /home/tadtawan/mobile_robot/lab1_ws/install/lab1_2/share/lab1_2/package.dsv
[1.260s] -- Installing: /home/tadtawan/mobile_robot/lab1_ws/install/lab1_2/share/ament_index/resource_index/packages/lab1_2
[1.260s] -- Installing: /home/tadtawan/mobile_robot/lab1_ws/install/lab1_2/share/lab1_2/cmake/lab1_2Config.cmake
[1.260s] -- Installing: /home/tadtawan/mobile_robot/lab1_ws/install/lab1_2/share/lab1_2/cmake/lab1_2Config-version.cmake
[1.260s] -- Installing: /home/tadtawan/mobile_robot/lab1_ws/install/lab1_2/share/lab1_2/package.xml
[1.261s] Invoked command in '/home/tadtawan/mobile_robot/lab1_ws/build/lab1_2' returned '0': CMAKE_PREFIX_PATH=${CMAKE_PREFIX_PATH}:/opt/ros/humble /usr/bin/cmake --install /home/tadtawan/mobile_robot/lab1_ws/build/lab1_2
