[0.015s] Invoking command in '/home/tadtawan/mobile_robot/lab1_ws/build/lab1_1': CMAKE_PREFIX_PATH=${CMAKE_PREFIX_PATH}:/opt/ros/humble /usr/bin/cmake --build /home/tadtawan/mobile_robot/lab1_ws/build/lab1_1 -- -j16 -l16
[0.111s] [  0%] Built target ament_cmake_python_copy_lab1_1
[0.131s] [100%] Built target cpp_node_test
[0.266s] running egg_info
[0.266s] writing lab1_1.egg-info/PKG-INFO
[0.267s] writing dependency_links to lab1_1.egg-info/dependency_links.txt
[0.267s] writing top-level names to lab1_1.egg-info/top_level.txt
[0.272s] reading manifest file 'lab1_1.egg-info/SOURCES.txt'
[0.272s] writing manifest file 'lab1_1.egg-info/SOURCES.txt'
[0.289s] [100%] Built target ament_cmake_python_build_lab1_1_egg
[0.296s] Invoked command in '/home/tadtawan/mobile_robot/lab1_ws/build/lab1_1' returned '0': CMAKE_PREFIX_PATH=${CMAKE_PREFIX_PATH}:/opt/ros/humble /usr/bin/cmake --build /home/tadtawan/mobile_robot/lab1_ws/build/lab1_1 -- -j16 -l16
[0.302s] Invoking command in '/home/tadtawan/mobile_robot/lab1_ws/build/lab1_1': CMAKE_PREFIX_PATH=${CMAKE_PREFIX_PATH}:/opt/ros/humble /usr/bin/cmake --install /home/tadtawan/mobile_robot/lab1_ws/build/lab1_1
[0.309s] -- Install configuration: ""
[0.311s] -- Up-to-date: /home/tadtawan/mobile_robot/lab1_ws/install/lab1_1/share/lab1_1/environment/pythonpath.sh
[0.311s] -- Up-to-date: /home/tadtawan/mobile_robot/lab1_ws/install/lab1_1/share/lab1_1/environment/pythonpath.dsv
[0.311s] -- Up-to-date: /home/tadtawan/mobile_robot/lab1_ws/install/lab1_1/local/lib/python3.10/dist-packages/lab1_1-0.0.0-py3.10.egg-info
[0.311s] -- Installing: /home/tadtawan/mobile_robot/lab1_ws/install/lab1_1/local/lib/python3.10/dist-packages/lab1_1-0.0.0-py3.10.egg-info/top_level.txt
[0.311s] -- Installing: /home/tadtawan/mobile_robot/lab1_ws/install/lab1_1/local/lib/python3.10/dist-packages/lab1_1-0.0.0-py3.10.egg-info/dependency_links.txt
[0.311s] -- Installing: /home/tadtawan/mobile_robot/lab1_ws/install/lab1_1/local/lib/python3.10/dist-packages/lab1_1-0.0.0-py3.10.egg-info/SOURCES.txt
[0.311s] -- Installing: /home/tadtawan/mobile_robot/lab1_ws/install/lab1_1/local/lib/python3.10/dist-packages/lab1_1-0.0.0-py3.10.egg-info/PKG-INFO
[0.311s] -- Up-to-date: /home/tadtawan/mobile_robot/lab1_ws/install/lab1_1/local/lib/python3.10/dist-packages/lab1_1
[0.311s] -- Up-to-date: /home/tadtawan/mobile_robot/lab1_ws/install/lab1_1/local/lib/python3.10/dist-packages/lab1_1/__init__.py
[0.311s] -- Up-to-date: /home/tadtawan/mobile_robot/lab1_ws/install/lab1_1/local/lib/python3.10/dist-packages/lab1_1/dummy_module.py
[0.336s] Listing '/home/tadtawan/mobile_robot/lab1_ws/install/lab1_1/local/lib/python3.10/dist-packages/lab1_1'...
[0.340s] -- Up-to-date: /home/tadtawan/mobile_robot/lab1_ws/install/lab1_1/lib/lab1_1/dummy_script.py
[0.340s] -- Up-to-date: /home/tadtawan/mobile_robot/lab1_ws/install/lab1_1/lib/lab1_1/bicycle_model.py
[0.342s] -- Up-to-date: /home/tadtawan/mobile_robot/lab1_ws/install/lab1_1/lib/lab1_1/cpp_node_test
[0.342s] -- Up-to-date: /home/tadtawan/mobile_robot/lab1_ws/install/lab1_1/share/lab1_1/models
[0.342s] -- Up-to-date: /home/tadtawan/mobile_robot/lab1_ws/install/lab1_1/share/lab1_1/models/gas_bottle
[0.342s] -- Up-to-date: /home/tadtawan/mobile_robot/lab1_ws/install/lab1_1/share/lab1_1/models/gas_bottle/model.config
[0.342s] -- Up-to-date: /home/tadtawan/mobile_robot/lab1_ws/install/lab1_1/share/lab1_1/models/gas_bottle/blender
[0.342s] -- Up-to-date: /home/tadtawan/mobile_robot/lab1_ws/install/lab1_1/share/lab1_1/models/gas_bottle/blender/gase_bottle.blend
[0.342s] -- Up-to-date: /home/tadtawan/mobile_robot/lab1_ws/install/lab1_1/share/lab1_1/models/gas_bottle/model.sdf
[0.342s] -- Up-to-date: /home/tadtawan/mobile_robot/lab1_ws/install/lab1_1/share/lab1_1/models/gas_bottle/meshes
[0.342s] -- Up-to-date: /home/tadtawan/mobile_robot/lab1_ws/install/lab1_1/share/lab1_1/models/gas_bottle/meshes/gas_bottle_fire_baseColor.png
[0.342s] -- Up-to-date: /home/tadtawan/mobile_robot/lab1_ws/install/lab1_1/share/lab1_1/models/gas_bottle/meshes/gas_bottle.dae
[0.342s] -- Up-to-date: /home/tadtawan/mobile_robot/lab1_ws/install/lab1_1/share/lab1_1/models/perception_lab
[0.342s] -- Up-to-date: /home/tadtawan/mobile_robot/lab1_ws/install/lab1_1/share/lab1_1/models/perception_lab/model.config
[0.342s] -- Up-to-date: /home/tadtawan/mobile_robot/lab1_ws/install/lab1_1/share/lab1_1/models/perception_lab/model.sdf
[0.342s] -- Up-to-date: /home/tadtawan/mobile_robot/lab1_ws/install/lab1_1/share/lab1_1/models/perception_lab/meshes
[0.342s] -- Up-to-date: /home/tadtawan/mobile_robot/lab1_ws/install/lab1_1/share/lab1_1/models/perception_lab/meshes/prototype_HD.png
[0.342s] -- Up-to-date: /home/tadtawan/mobile_robot/lab1_ws/install/lab1_1/share/lab1_1/models/perception_lab/meshes/perception_plane_v2_HD.dae
[0.342s] -- Up-to-date: /home/tadtawan/mobile_robot/lab1_ws/install/lab1_1/share/lab1_1/models/perception_lab/meshes/perception_plane_v2.dae
[0.343s] -- Up-to-date: /home/tadtawan/mobile_robot/lab1_ws/install/lab1_1/share/lab1_1/models/perception_lab/meshes/perception_lab.stl
[0.343s] -- Up-to-date: /home/tadtawan/mobile_robot/lab1_ws/install/lab1_1/share/lab1_1/models/perception_lab/meshes/prototype.png
[0.343s] -- Up-to-date: /home/tadtawan/mobile_robot/lab1_ws/install/lab1_1/share/lab1_1/models/test_plane
[0.343s] -- Up-to-date: /home/tadtawan/mobile_robot/lab1_ws/install/lab1_1/share/lab1_1/models/test_plane/model.config
[0.343s] -- Up-to-date: /home/tadtawan/mobile_robot/lab1_ws/install/lab1_1/share/lab1_1/models/test_plane/model.sdf
[0.343s] -- Up-to-date: /home/tadtawan/mobile_robot/lab1_ws/install/lab1_1/share/lab1_1/models/test_plane/meshes
[0.343s] -- Up-to-date: /home/tadtawan/mobile_robot/lab1_ws/install/lab1_1/share/lab1_1/models/test_plane/meshes/test_plane_v2.dae
[0.343s] -- Up-to-date: /home/tadtawan/mobile_robot/lab1_ws/install/lab1_1/share/lab1_1/models/test_plane/meshes/texture_07.png
[0.343s] -- Up-to-date: /home/tadtawan/mobile_robot/lab1_ws/install/lab1_1/share/lab1_1/models/test_plane/meshes/test_plane.dae
[0.343s] -- Up-to-date: /home/tadtawan/mobile_robot/lab1_ws/install/lab1_1/share/lab1_1/models/turtlebot3_dqn_world
[0.343s] -- Up-to-date: /home/tadtawan/mobile_robot/lab1_ws/install/lab1_1/share/lab1_1/models/turtlebot3_dqn_world/model.config
[0.343s] -- Up-to-date: /home/tadtawan/mobile_robot/lab1_ws/install/lab1_1/share/lab1_1/models/turtlebot3_dqn_world/obstacle1
[0.343s] -- Up-to-date: /home/tadtawan/mobile_robot/lab1_ws/install/lab1_1/share/lab1_1/models/turtlebot3_dqn_world/obstacle1/model.config
[0.343s] -- Up-to-date: /home/tadtawan/mobile_robot/lab1_ws/install/lab1_1/share/lab1_1/models/turtlebot3_dqn_world/obstacle1/model.sdf
[0.343s] -- Up-to-date: /home/tadtawan/mobile_robot/lab1_ws/install/lab1_1/share/lab1_1/models/turtlebot3_dqn_world/obstacle_plugin
[0.343s] -- Up-to-date: /home/tadtawan/mobile_robot/lab1_ws/install/lab1_1/share/lab1_1/models/turtlebot3_dqn_world/obstacle_plugin/obstacle2.cc
[0.343s] -- Up-to-date: /home/tadtawan/mobile_robot/lab1_ws/install/lab1_1/share/lab1_1/models/turtlebot3_dqn_world/obstacle_plugin/obstacle1.cc
[0.343s] -- Up-to-date: /home/tadtawan/mobile_robot/lab1_ws/install/lab1_1/share/lab1_1/models/turtlebot3_dqn_world/obstacle_plugin/obstacles.cc
[0.343s] -- Up-to-date: /home/tadtawan/mobile_robot/lab1_ws/install/lab1_1/share/lab1_1/models/turtlebot3_dqn_world/obstacle_plugin/CMakeLists.txt
[0.343s] -- Up-to-date: /home/tadtawan/mobile_robot/lab1_ws/install/lab1_1/share/lab1_1/models/turtlebot3_dqn_world/inner_walls
[0.343s] -- Up-to-date: /home/tadtawan/mobile_robot/lab1_ws/install/lab1_1/share/lab1_1/models/turtlebot3_dqn_world/inner_walls/model.config
[0.343s] -- Up-to-date: /home/tadtawan/mobile_robot/lab1_ws/install/lab1_1/share/lab1_1/models/turtlebot3_dqn_world/inner_walls/model.sdf
[0.343s] -- Up-to-date: /home/tadtawan/mobile_robot/lab1_ws/install/lab1_1/share/lab1_1/models/turtlebot3_dqn_world/obstacles
[0.343s] -- Up-to-date: /home/tadtawan/mobile_robot/lab1_ws/install/lab1_1/share/lab1_1/models/turtlebot3_dqn_world/obstacles/model.config
[0.344s] -- Up-to-date: /home/tadtawan/mobile_robot/lab1_ws/install/lab1_1/share/lab1_1/models/turtlebot3_dqn_world/obstacles/model.sdf
[0.344s] -- Up-to-date: /home/tadtawan/mobile_robot/lab1_ws/install/lab1_1/share/lab1_1/models/turtlebot3_dqn_world/goal_box
[0.344s] -- Up-to-date: /home/tadtawan/mobile_robot/lab1_ws/install/lab1_1/share/lab1_1/models/turtlebot3_dqn_world/goal_box/model.config
[0.344s] -- Up-to-date: /home/tadtawan/mobile_robot/lab1_ws/install/lab1_1/share/lab1_1/models/turtlebot3_dqn_world/goal_box/model.sdf
[0.344s] -- Up-to-date: /home/tadtawan/mobile_robot/lab1_ws/install/lab1_1/share/lab1_1/models/turtlebot3_dqn_world/model.sdf
[0.344s] -- Up-to-date: /home/tadtawan/mobile_robot/lab1_ws/install/lab1_1/share/lab1_1/models/turtlebot3_dqn_world/obstacle2
[0.344s] -- Up-to-date: /home/tadtawan/mobile_robot/lab1_ws/install/lab1_1/share/lab1_1/models/turtlebot3_dqn_world/obstacle2/model.config
[0.344s] -- Up-to-date: /home/tadtawan/mobile_robot/lab1_ws/install/lab1_1/share/lab1_1/models/turtlebot3_dqn_world/obstacle2/model.sdf
[0.344s] -- Up-to-date: /home/tadtawan/mobile_robot/lab1_ws/install/lab1_1/share/lab1_1/models/plane
[0.344s] -- Up-to-date: /home/tadtawan/mobile_robot/lab1_ws/install/lab1_1/share/lab1_1/models/plane/model.config
[0.344s] -- Up-to-date: /home/tadtawan/mobile_robot/lab1_ws/install/lab1_1/share/lab1_1/models/plane/materials
[0.344s] -- Up-to-date: /home/tadtawan/mobile_robot/lab1_ws/install/lab1_1/share/lab1_1/models/plane/materials/textures
[0.344s] -- Up-to-date: /home/tadtawan/mobile_robot/lab1_ws/install/lab1_1/share/lab1_1/models/plane/materials/textures/sand.jpeg
[0.344s] -- Up-to-date: /home/tadtawan/mobile_robot/lab1_ws/install/lab1_1/share/lab1_1/models/plane/materials/scripts
[0.344s] -- Up-to-date: /home/tadtawan/mobile_robot/lab1_ws/install/lab1_1/share/lab1_1/models/plane/materials/scripts/plane.material
[0.344s] -- Up-to-date: /home/tadtawan/mobile_robot/lab1_ws/install/lab1_1/share/lab1_1/models/plane/model.sdf
[0.344s] -- Up-to-date: /home/tadtawan/mobile_robot/lab1_ws/install/lab1_1/share/lab1_1/models/robotics_gym
[0.344s] -- Up-to-date: /home/tadtawan/mobile_robot/lab1_ws/install/lab1_1/share/lab1_1/models/robotics_gym/model.config
[0.344s] -- Up-to-date: /home/tadtawan/mobile_robot/lab1_ws/install/lab1_1/share/lab1_1/models/robotics_gym/thumbnails
[0.344s] -- Up-to-date: /home/tadtawan/mobile_robot/lab1_ws/install/lab1_1/share/lab1_1/models/robotics_gym/thumbnails/1.jpg
[0.344s] -- Up-to-date: /home/tadtawan/mobile_robot/lab1_ws/install/lab1_1/share/lab1_1/models/robotics_gym/model.sdf
[0.344s] -- Up-to-date: /home/tadtawan/mobile_robot/lab1_ws/install/lab1_1/share/lab1_1/models/robotics_gym/meshes
[0.344s] -- Up-to-date: /home/tadtawan/mobile_robot/lab1_ws/install/lab1_1/share/lab1_1/models/robotics_gym/meshes/my_robotics_gym.dae
[0.344s] -- Up-to-date: /home/tadtawan/mobile_robot/lab1_ws/install/lab1_1/share/lab1_1/models/demo_cube
[0.344s] -- Up-to-date: /home/tadtawan/mobile_robot/lab1_ws/install/lab1_1/share/lab1_1/models/demo_cube/model.config
[0.344s] -- Up-to-date: /home/tadtawan/mobile_robot/lab1_ws/install/lab1_1/share/lab1_1/models/demo_cube/model.sdf
[0.344s] -- Up-to-date: /home/tadtawan/mobile_robot/lab1_ws/install/lab1_1/share/lab1_1/models/office
[0.345s] -- Up-to-date: /home/tadtawan/mobile_robot/lab1_ws/install/lab1_1/share/lab1_1/models/office/model.config
[0.345s] -- Up-to-date: /home/tadtawan/mobile_robot/lab1_ws/install/lab1_1/share/lab1_1/models/office/blender
[0.345s] -- Up-to-date: /home/tadtawan/mobile_robot/lab1_ws/install/lab1_1/share/lab1_1/models/office/blender/kombini1.blend1
[0.345s] -- Up-to-date: /home/tadtawan/mobile_robot/lab1_ws/install/lab1_1/share/lab1_1/models/office/blender/kimbiniraw.blend
[0.345s] -- Up-to-date: /home/tadtawan/mobile_robot/lab1_ws/install/lab1_1/share/lab1_1/models/office/blender/kombini1.blend
[0.345s] -- Up-to-date: /home/tadtawan/mobile_robot/lab1_ws/install/lab1_1/share/lab1_1/models/office/model.sdf
[0.345s] -- Up-to-date: /home/tadtawan/mobile_robot/lab1_ws/install/lab1_1/share/lab1_1/models/office/meshes
[0.345s] -- Up-to-date: /home/tadtawan/mobile_robot/lab1_ws/install/lab1_1/share/lab1_1/models/office/meshes/wood.005_baseColor.jpg
[0.345s] -- Up-to-date: /home/tadtawan/mobile_robot/lab1_ws/install/lab1_1/share/lab1_1/models/office/meshes/Poster_cert.002_baseColor.jpg
[0.345s] -- Up-to-date: /home/tadtawan/mobile_robot/lab1_ws/install/lab1_1/share/lab1_1/models/office/meshes/office.dae
[0.345s] -- Up-to-date: /home/tadtawan/mobile_robot/lab1_ws/install/lab1_1/share/lab1_1/models/office/meshes/Poster_office_3_baseColor.jpg
[0.345s] -- Up-to-date: /home/tadtawan/mobile_robot/lab1_ws/install/lab1_1/share/lab1_1/models/office/meshes/floor.001_baseColor.jpg
[0.345s] -- Up-to-date: /home/tadtawan/mobile_robot/lab1_ws/install/lab1_1/share/lab1_1/models/office/meshes/Flowers_baseColor_scale1.jpg
[0.345s] -- Up-to-date: /home/tadtawan/mobile_robot/lab1_ws/install/lab1_1/share/lab1_1/models/office/meshes/01_-_Default_baseColor.jpg
[0.345s] -- Up-to-date: /home/tadtawan/mobile_robot/lab1_ws/install/lab1_1/share/lab1_1/models/office/meshes/Fronds_baseColor.jpg
[0.345s] -- Up-to-date: /home/tadtawan/mobile_robot/lab1_ws/install/lab1_1/share/lab1_1/models/office/meshes/Office_Chair_baseColor.jpg
[0.345s] -- Up-to-date: /home/tadtawan/mobile_robot/lab1_ws/install/lab1_1/share/lab1_1/models/office/meshes/Poster_cert_baseColor.jpg
[0.345s] -- Up-to-date: /home/tadtawan/mobile_robot/lab1_ws/install/lab1_1/share/lab1_1/models/office/meshes/Poster_Pam_baseColor.jpg
[0.345s] -- Up-to-date: /home/tadtawan/mobile_robot/lab1_ws/install/lab1_1/share/lab1_1/models/office/meshes/office.stl
[0.345s] -- Up-to-date: /home/tadtawan/mobile_robot/lab1_ws/install/lab1_1/share/lab1_1/models/office/meshes/Poster_cert.001_baseColor.jpg
[0.345s] -- Up-to-date: /home/tadtawan/mobile_robot/lab1_ws/install/lab1_1/share/lab1_1/models/office/meshes/Poster_office_baseColor.jpg
[0.345s] -- Up-to-date: /home/tadtawan/mobile_robot/lab1_ws/install/lab1_1/share/lab1_1/models/office/meshes/02_-_Default_baseColor.jpg
[0.345s] -- Up-to-date: /home/tadtawan/mobile_robot/lab1_ws/install/lab1_1/share/lab1_1/models/office/meshes/Material_27_baseColor.jpg
[0.345s] -- Up-to-date: /home/tadtawan/mobile_robot/lab1_ws/install/lab1_1/share/lab1_1/models/office/meshes/Poster_office_2_baseColor.jpg
[0.345s] -- Up-to-date: /home/tadtawan/mobile_robot/lab1_ws/install/lab1_1/share/lab1_1/models/office/meshes/Coffee_baseColor.jpg
[0.346s] -- Up-to-date: /home/tadtawan/mobile_robot/lab1_ws/install/lab1_1/share/lab1_1/models/office/meshes/Projector_baseColor.jpg
[0.346s] -- Up-to-date: /home/tadtawan/mobile_robot/lab1_ws/install/lab1_1/share/lab1_1/models/perception_table
[0.346s] -- Up-to-date: /home/tadtawan/mobile_robot/lab1_ws/install/lab1_1/share/lab1_1/models/perception_table/model.config
[0.346s] -- Up-to-date: /home/tadtawan/mobile_robot/lab1_ws/install/lab1_1/share/lab1_1/models/perception_table/model.sdf
[0.346s] -- Up-to-date: /home/tadtawan/mobile_robot/lab1_ws/install/lab1_1/share/lab1_1/models/turtlebot3_house
[0.346s] -- Up-to-date: /home/tadtawan/mobile_robot/lab1_ws/install/lab1_1/share/lab1_1/models/turtlebot3_house/model.config
[0.346s] -- Up-to-date: /home/tadtawan/mobile_robot/lab1_ws/install/lab1_1/share/lab1_1/models/turtlebot3_house/model.sdf
[0.346s] -- Up-to-date: /home/tadtawan/mobile_robot/lab1_ws/install/lab1_1/share/lab1_1/models/turtlebot3_world
[0.346s] -- Up-to-date: /home/tadtawan/mobile_robot/lab1_ws/install/lab1_1/share/lab1_1/models/turtlebot3_world/model.config
[0.346s] -- Up-to-date: /home/tadtawan/mobile_robot/lab1_ws/install/lab1_1/share/lab1_1/models/turtlebot3_world/model-1_4.sdf
[0.346s] -- Up-to-date: /home/tadtawan/mobile_robot/lab1_ws/install/lab1_1/share/lab1_1/models/turtlebot3_world/model.sdf
[0.346s] -- Up-to-date: /home/tadtawan/mobile_robot/lab1_ws/install/lab1_1/share/lab1_1/models/turtlebot3_world/meshes
[0.346s] -- Up-to-date: /home/tadtawan/mobile_robot/lab1_ws/install/lab1_1/share/lab1_1/models/turtlebot3_world/meshes/hexagon.dae
[0.346s] -- Up-to-date: /home/tadtawan/mobile_robot/lab1_ws/install/lab1_1/share/lab1_1/models/turtlebot3_world/meshes/wall.stl
[0.346s] -- Up-to-date: /home/tadtawan/mobile_robot/lab1_ws/install/lab1_1/share/lab1_1/models/turtlebot3_world/meshes/hexagon.stl
[0.346s] -- Up-to-date: /home/tadtawan/mobile_robot/lab1_ws/install/lab1_1/share/lab1_1/models/turtlebot3_world/meshes/wall.dae
[0.346s] -- Up-to-date: /home/tadtawan/mobile_robot/lab1_ws/install/lab1_1/share/lab1_1/models/circuit
[0.346s] -- Up-to-date: /home/tadtawan/mobile_robot/lab1_ws/install/lab1_1/share/lab1_1/models/circuit/model.config
[0.347s] -- Up-to-date: /home/tadtawan/mobile_robot/lab1_ws/install/lab1_1/share/lab1_1/models/circuit/model.sdf
[0.347s] -- Up-to-date: /home/tadtawan/mobile_robot/lab1_ws/install/lab1_1/share/lab1_1/models/circuit/meshes
[0.347s] -- Up-to-date: /home/tadtawan/mobile_robot/lab1_ws/install/lab1_1/share/lab1_1/models/circuit/meshes/circuit.dae
[0.347s] -- Up-to-date: /home/tadtawan/mobile_robot/lab1_ws/install/lab1_1/share/lab1_1/models/circuit/meshes/circuit.stl
[0.347s] -- Up-to-date: /home/tadtawan/mobile_robot/lab1_ws/install/lab1_1/share/lab1_1/models/circuit/meshes/circuit_texture.png
[0.347s] -- Up-to-date: /home/tadtawan/mobile_robot/lab1_ws/install/lab1_1/share/lab1_1/models/ground_plane_invisible
[0.347s] -- Up-to-date: /home/tadtawan/mobile_robot/lab1_ws/install/lab1_1/share/lab1_1/models/ground_plane_invisible/model.config
[0.347s] -- Up-to-date: /home/tadtawan/mobile_robot/lab1_ws/install/lab1_1/share/lab1_1/models/ground_plane_invisible/model-1_4.sdf
[0.347s] -- Up-to-date: /home/tadtawan/mobile_robot/lab1_ws/install/lab1_1/share/lab1_1/models/ground_plane_invisible/model-1_2.sdf
[0.347s] -- Up-to-date: /home/tadtawan/mobile_robot/lab1_ws/install/lab1_1/share/lab1_1/models/ground_plane_invisible/model-1_3.sdf
[0.347s] -- Up-to-date: /home/tadtawan/mobile_robot/lab1_ws/install/lab1_1/share/lab1_1/models/ground_plane_invisible/model.sdf
[0.347s] -- Up-to-date: /home/tadtawan/mobile_robot/lab1_ws/install/lab1_1/share/lab1_1/models/turtlebot3_room
[0.347s] -- Up-to-date: /home/tadtawan/mobile_robot/lab1_ws/install/lab1_1/share/lab1_1/models/turtlebot3_room/model.config
[0.347s] -- Up-to-date: /home/tadtawan/mobile_robot/lab1_ws/install/lab1_1/share/lab1_1/models/turtlebot3_room/troom.blend1
[0.347s] -- Up-to-date: /home/tadtawan/mobile_robot/lab1_ws/install/lab1_1/share/lab1_1/models/turtlebot3_room/model.sdf
[0.347s] -- Up-to-date: /home/tadtawan/mobile_robot/lab1_ws/install/lab1_1/share/lab1_1/models/turtlebot3_room/troom.blend
[0.347s] -- Up-to-date: /home/tadtawan/mobile_robot/lab1_ws/install/lab1_1/share/lab1_1/models/turtlebot3_room/meshes
[0.347s] -- Up-to-date: /home/tadtawan/mobile_robot/lab1_ws/install/lab1_1/share/lab1_1/models/turtlebot3_room/meshes/room_texture.png
[0.347s] -- Up-to-date: /home/tadtawan/mobile_robot/lab1_ws/install/lab1_1/share/lab1_1/models/turtlebot3_room/meshes/hexagon.dae
[0.347s] -- Up-to-date: /home/tadtawan/mobile_robot/lab1_ws/install/lab1_1/share/lab1_1/models/turtlebot3_room/meshes/room.stl
[0.347s] -- Up-to-date: /home/tadtawan/mobile_robot/lab1_ws/install/lab1_1/share/lab1_1/models/turtlebot3_room/meshes/wall.dae
[0.347s] -- Up-to-date: /home/tadtawan/mobile_robot/lab1_ws/install/lab1_1/share/lab1_1/models/turtlebot3_room/meshes/turtleroom_v2.dae
[0.347s] -- Up-to-date: /home/tadtawan/mobile_robot/lab1_ws/install/lab1_1/share/lab1_1/meshes
[0.347s] -- Up-to-date: /home/tadtawan/mobile_robot/lab1_ws/install/lab1_1/share/lab1_1/meshes/limo_base.stl
[0.347s] -- Up-to-date: /home/tadtawan/mobile_robot/lab1_ws/install/lab1_1/share/lab1_1/meshes/limo_optimal_wheels.dae
[0.347s] -- Up-to-date: /home/tadtawan/mobile_robot/lab1_ws/install/lab1_1/share/lab1_1/meshes/steering.dae
[0.347s] -- Up-to-date: /home/tadtawan/mobile_robot/lab1_ws/install/lab1_1/share/lab1_1/meshes/limo_wheel.dae
[0.347s] -- Up-to-date: /home/tadtawan/mobile_robot/lab1_ws/install/lab1_1/share/lab1_1/meshes/sidescreentexture.png
[0.347s] -- Up-to-date: /home/tadtawan/mobile_robot/lab1_ws/install/lab1_1/share/lab1_1/meshes/limo_base.dae
[0.347s] -- Up-to-date: /home/tadtawan/mobile_robot/lab1_ws/install/lab1_1/share/lab1_1/meshes/rotw2_rviz.png
[0.347s] -- Up-to-date: /home/tadtawan/mobile_robot/lab1_ws/install/lab1_1/share/lab1_1/meshes/face.png
[0.348s] -- Up-to-date: /home/tadtawan/mobile_robot/lab1_ws/install/lab1_1/share/lab1_1/meshes/limo_texture.png
[0.348s] -- Up-to-date: /home/tadtawan/mobile_robot/lab1_ws/install/lab1_1/share/lab1_1/meshes/arrow_texture.png
[0.348s] -- Up-to-date: /home/tadtawan/mobile_robot/lab1_ws/install/lab1_1/share/lab1_1/meshes/lcd_screen_texture.png
[0.348s] -- Up-to-date: /home/tadtawan/mobile_robot/lab1_ws/install/lab1_1/share/lab1_1/meshes/steering_texture.png
[0.348s] -- Up-to-date: /home/tadtawan/mobile_robot/lab1_ws/install/lab1_1/share/lab1_1/meshes/limo_wheel.stl
[0.348s] -- Up-to-date: /home/tadtawan/mobile_robot/lab1_ws/install/lab1_1/share/lab1_1/meshes/limo_optimal.dae
[0.348s] -- Up-to-date: /home/tadtawan/mobile_robot/lab1_ws/install/lab1_1/share/lab1_1/worlds
[0.348s] -- Up-to-date: /home/tadtawan/mobile_robot/lab1_ws/install/lab1_1/share/lab1_1/worlds/basic.world
[0.348s] -- Up-to-date: /home/tadtawan/mobile_robot/lab1_ws/install/lab1_1/share/lab1_1/launch
[0.348s] -- Up-to-date: /home/tadtawan/mobile_robot/lab1_ws/install/lab1_1/share/lab1_1/launch/world.launch.py
[0.348s] -- Up-to-date: /home/tadtawan/mobile_robot/lab1_ws/install/lab1_1/share/lab1_1/launch/spawn_robot.launch.py
[0.348s] -- Up-to-date: /home/tadtawan/mobile_robot/lab1_ws/install/lab1_1/share/lab1_1/scripts
[0.348s] -- Up-to-date: /home/tadtawan/mobile_robot/lab1_ws/install/lab1_1/share/lab1_1/scripts/bicycle_model.py
[0.348s] -- Up-to-date: /home/tadtawan/mobile_robot/lab1_ws/install/lab1_1/share/lab1_1/scripts/dummy_script.py
[0.348s] -- Up-to-date: /home/tadtawan/mobile_robot/lab1_ws/install/lab1_1/share/lab1_1/descriptions
[0.348s] -- Installing: /home/tadtawan/mobile_robot/lab1_ws/install/lab1_1/share/lab1_1/descriptions/robot.urdf
[0.348s] -- Up-to-date: /home/tadtawan/mobile_robot/lab1_ws/install/lab1_1/share/ament_index/resource_index/package_run_dependencies/lab1_1
[0.348s] -- Up-to-date: /home/tadtawan/mobile_robot/lab1_ws/install/lab1_1/share/ament_index/resource_index/parent_prefix_path/lab1_1
[0.348s] -- Up-to-date: /home/tadtawan/mobile_robot/lab1_ws/install/lab1_1/share/lab1_1/environment/ament_prefix_path.sh
[0.348s] -- Up-to-date: /home/tadtawan/mobile_robot/lab1_ws/install/lab1_1/share/lab1_1/environment/ament_prefix_path.dsv
[0.348s] -- Up-to-date: /home/tadtawan/mobile_robot/lab1_ws/install/lab1_1/share/lab1_1/environment/path.sh
[0.348s] -- Up-to-date: /home/tadtawan/mobile_robot/lab1_ws/install/lab1_1/share/lab1_1/environment/path.dsv
[0.348s] -- Up-to-date: /home/tadtawan/mobile_robot/lab1_ws/install/lab1_1/share/lab1_1/local_setup.bash
[0.348s] -- Up-to-date: /home/tadtawan/mobile_robot/lab1_ws/install/lab1_1/share/lab1_1/local_setup.sh
[0.348s] -- Up-to-date: /home/tadtawan/mobile_robot/lab1_ws/install/lab1_1/share/lab1_1/local_setup.zsh
[0.348s] -- Up-to-date: /home/tadtawan/mobile_robot/lab1_ws/install/lab1_1/share/lab1_1/local_setup.dsv
[0.348s] -- Installing: /home/tadtawan/mobile_robot/lab1_ws/install/lab1_1/share/lab1_1/package.dsv
[0.348s] -- Up-to-date: /home/tadtawan/mobile_robot/lab1_ws/install/lab1_1/share/ament_index/resource_index/packages/lab1_1
[0.349s] -- Up-to-date: /home/tadtawan/mobile_robot/lab1_ws/install/lab1_1/share/lab1_1/cmake/lab1_1Config.cmake
[0.349s] -- Up-to-date: /home/tadtawan/mobile_robot/lab1_ws/install/lab1_1/share/lab1_1/cmake/lab1_1Config-version.cmake
[0.349s] -- Up-to-date: /home/tadtawan/mobile_robot/lab1_ws/install/lab1_1/share/lab1_1/package.xml
[0.349s] Invoked command in '/home/tadtawan/mobile_robot/lab1_ws/build/lab1_1' returned '0': CMAKE_PREFIX_PATH=${CMAKE_PREFIX_PATH}:/opt/ros/humble /usr/bin/cmake --install /home/tadtawan/mobile_robot/lab1_ws/build/lab1_1
