[0.008s] Invoking command in '/home/tadtawan/mobile_robot/lab1_ws/build/lab1_2': CMAKE_PREFIX_PATH=${CMAKE_PREFIX_PATH}:/home/tadtawan/fra532_lecture5_ws/install/mir_driver:/home/tadtawan/fra532_lecture5_ws/install/twist_stamper:/home/tadtawan/fra532_lecture5_ws/install/mir_restapi:/home/tadtawan/mobile_robot/fra532_lecture5_ws/install/mir_driver:/home/tadtawan/mobile_robot/fra532_lecture5_ws/install/twist_stamper:/home/tadtawan/mobile_robot/fra532_lecture5_ws/install/mir_restapi:/opt/ros/humble /usr/bin/cmake --build /home/tadtawan/mobile_robot/lab1_ws/build/lab1_2 -- -j16 -l16
[0.037s] [100%] Built target cpp_node_test
[0.040s] [100%] Built target ament_cmake_python_copy_lab1_2
[0.195s] running egg_info
[0.195s] writing lab1_2.egg-info/PKG-INFO
[0.195s] writing dependency_links to lab1_2.egg-info/dependency_links.txt
[0.195s] writing top-level names to lab1_2.egg-info/top_level.txt
[0.197s] reading manifest file 'lab1_2.egg-info/SOURCES.txt'
[0.197s] writing manifest file 'lab1_2.egg-info/SOURCES.txt'
[0.214s] [100%] Built target ament_cmake_python_build_lab1_2_egg
[0.221s] Invoked command in '/home/tadtawan/mobile_robot/lab1_ws/build/lab1_2' returned '0': CMAKE_PREFIX_PATH=${CMAKE_PREFIX_PATH}:/home/tadtawan/fra532_lecture5_ws/install/mir_driver:/home/tadtawan/fra532_lecture5_ws/install/twist_stamper:/home/tadtawan/fra532_lecture5_ws/install/mir_restapi:/home/tadtawan/mobile_robot/fra532_lecture5_ws/install/mir_driver:/home/tadtawan/mobile_robot/fra532_lecture5_ws/install/twist_stamper:/home/tadtawan/mobile_robot/fra532_lecture5_ws/install/mir_restapi:/opt/ros/humble /usr/bin/cmake --build /home/tadtawan/mobile_robot/lab1_ws/build/lab1_2 -- -j16 -l16
[0.226s] Invoking command in '/home/tadtawan/mobile_robot/lab1_ws/build/lab1_2': CMAKE_PREFIX_PATH=${CMAKE_PREFIX_PATH}:/home/tadtawan/fra532_lecture5_ws/install/mir_driver:/home/tadtawan/fra532_lecture5_ws/install/twist_stamper:/home/tadtawan/fra532_lecture5_ws/install/mir_restapi:/home/tadtawan/mobile_robot/fra532_lecture5_ws/install/mir_driver:/home/tadtawan/mobile_robot/fra532_lecture5_ws/install/twist_stamper:/home/tadtawan/mobile_robot/fra532_lecture5_ws/install/mir_restapi:/opt/ros/humble /usr/bin/cmake --install /home/tadtawan/mobile_robot/lab1_ws/build/lab1_2
[0.231s] -- Install configuration: ""
[0.231s] -- Up-to-date: /home/tadtawan/mobile_robot/lab1_ws/install/lab1_2/share/lab1_2/environment/pythonpath.sh
[0.231s] -- Up-to-date: /home/tadtawan/mobile_robot/lab1_ws/install/lab1_2/share/lab1_2/environment/pythonpath.dsv
[0.231s] -- Up-to-date: /home/tadtawan/mobile_robot/lab1_ws/install/lab1_2/local/lib/python3.10/dist-packages/lab1_2-0.0.0-py3.10.egg-info
[0.231s] -- Installing: /home/tadtawan/mobile_robot/lab1_ws/install/lab1_2/local/lib/python3.10/dist-packages/lab1_2-0.0.0-py3.10.egg-info/top_level.txt
[0.231s] -- Installing: /home/tadtawan/mobile_robot/lab1_ws/install/lab1_2/local/lib/python3.10/dist-packages/lab1_2-0.0.0-py3.10.egg-info/dependency_links.txt
[0.231s] -- Installing: /home/tadtawan/mobile_robot/lab1_ws/install/lab1_2/local/lib/python3.10/dist-packages/lab1_2-0.0.0-py3.10.egg-info/SOURCES.txt
[0.231s] -- Installing: /home/tadtawan/mobile_robot/lab1_ws/install/lab1_2/local/lib/python3.10/dist-packages/lab1_2-0.0.0-py3.10.egg-info/PKG-INFO
[0.231s] -- Up-to-date: /home/tadtawan/mobile_robot/lab1_ws/install/lab1_2/local/lib/python3.10/dist-packages/lab1_2
[0.231s] -- Up-to-date: /home/tadtawan/mobile_robot/lab1_ws/install/lab1_2/local/lib/python3.10/dist-packages/lab1_2/__init__.py
[0.231s] -- Up-to-date: /home/tadtawan/mobile_robot/lab1_ws/install/lab1_2/local/lib/python3.10/dist-packages/lab1_2/dummy_module.py
[0.254s] Listing '/home/tadtawan/mobile_robot/lab1_ws/install/lab1_2/local/lib/python3.10/dist-packages/lab1_2'...
[0.257s] -- Up-to-date: /home/tadtawan/mobile_robot/lab1_ws/install/lab1_2/lib/lab1_2/dummy_script.py
[0.257s] -- Up-to-date: /home/tadtawan/mobile_robot/lab1_ws/install/lab1_2/lib/lab1_2/pid.py
[0.257s] -- Installing: /home/tadtawan/mobile_robot/lab1_ws/install/lab1_2/lib/lab1_2/pure_pursuit.py
[0.257s] -- Up-to-date: /home/tadtawan/mobile_robot/lab1_ws/install/lab1_2/lib/lab1_2/cpp_node_test
[0.257s] -- Up-to-date: /home/tadtawan/mobile_robot/lab1_ws/install/lab1_2/share/lab1_2/config
[0.257s] -- Up-to-date: /home/tadtawan/mobile_robot/lab1_ws/install/lab1_2/share/lab1_2/config/path.yaml
[0.257s] -- Up-to-date: /home/tadtawan/mobile_robot/lab1_ws/install/lab1_2/share/ament_index/resource_index/package_run_dependencies/lab1_2
[0.257s] -- Up-to-date: /home/tadtawan/mobile_robot/lab1_ws/install/lab1_2/share/ament_index/resource_index/parent_prefix_path/lab1_2
[0.258s] -- Up-to-date: /home/tadtawan/mobile_robot/lab1_ws/install/lab1_2/share/lab1_2/environment/ament_prefix_path.sh
[0.258s] -- Up-to-date: /home/tadtawan/mobile_robot/lab1_ws/install/lab1_2/share/lab1_2/environment/ament_prefix_path.dsv
[0.258s] -- Up-to-date: /home/tadtawan/mobile_robot/lab1_ws/install/lab1_2/share/lab1_2/environment/path.sh
[0.258s] -- Up-to-date: /home/tadtawan/mobile_robot/lab1_ws/install/lab1_2/share/lab1_2/environment/path.dsv
[0.258s] -- Up-to-date: /home/tadtawan/mobile_robot/lab1_ws/install/lab1_2/share/lab1_2/local_setup.bash
[0.258s] -- Up-to-date: /home/tadtawan/mobile_robot/lab1_ws/install/lab1_2/share/lab1_2/local_setup.sh
[0.258s] -- Up-to-date: /home/tadtawan/mobile_robot/lab1_ws/install/lab1_2/share/lab1_2/local_setup.zsh
[0.258s] -- Up-to-date: /home/tadtawan/mobile_robot/lab1_ws/install/lab1_2/share/lab1_2/local_setup.dsv
[0.258s] -- Installing: /home/tadtawan/mobile_robot/lab1_ws/install/lab1_2/share/lab1_2/package.dsv
[0.258s] -- Up-to-date: /home/tadtawan/mobile_robot/lab1_ws/install/lab1_2/share/ament_index/resource_index/packages/lab1_2
[0.258s] -- Up-to-date: /home/tadtawan/mobile_robot/lab1_ws/install/lab1_2/share/lab1_2/cmake/lab1_2Config.cmake
[0.258s] -- Up-to-date: /home/tadtawan/mobile_robot/lab1_ws/install/lab1_2/share/lab1_2/cmake/lab1_2Config-version.cmake
[0.258s] -- Up-to-date: /home/tadtawan/mobile_robot/lab1_ws/install/lab1_2/share/lab1_2/package.xml
[0.266s] Invoked command in '/home/tadtawan/mobile_robot/lab1_ws/build/lab1_2' returned '0': CMAKE_PREFIX_PATH=${CMAKE_PREFIX_PATH}:/home/tadtawan/fra532_lecture5_ws/install/mir_driver:/home/tadtawan/fra532_lecture5_ws/install/twist_stamper:/home/tadtawan/fra532_lecture5_ws/install/mir_restapi:/home/tadtawan/mobile_robot/fra532_lecture5_ws/install/mir_driver:/home/tadtawan/mobile_robot/fra532_lecture5_ws/install/twist_stamper:/home/tadtawan/mobile_robot/fra532_lecture5_ws/install/mir_restapi:/opt/ros/humble /usr/bin/cmake --install /home/tadtawan/mobile_robot/lab1_ws/build/lab1_2
