[0.015s] Invoking command in '/home/tadtawan/mobile_robot/lab1_ws/build/lab1_1': CMAKE_PREFIX_PATH=/opt/ros/humble /usr/bin/cmake --build /home/tadtawan/mobile_robot/lab1_ws/build/lab1_1 -- -j16 -l16
[0.231s] [  0%] Built target ament_cmake_python_copy_lab1_1
[0.237s] [ 50%] [32mBuilding CXX object CMakeFiles/cpp_node.dir/src/cpp_node.cpp.o[0m
[0.391s] running egg_info
[0.391s] writing lab1_1.egg-info/PKG-INFO
[0.394s] writing dependency_links to lab1_1.egg-info/dependency_links.txt
[0.394s] writing top-level names to lab1_1.egg-info/top_level.txt
[0.402s] reading manifest file 'lab1_1.egg-info/SOURCES.txt'
[0.402s] writing manifest file 'lab1_1.egg-info/SOURCES.txt'
[0.421s] [ 50%] Built target ament_cmake_python_build_lab1_1_egg
[0.937s] [100%] [32m[1mLinking CXX executable cpp_node[0m
[1.125s] [100%] Built target cpp_node
[1.132s] Invoked command in '/home/tadtawan/mobile_robot/lab1_ws/build/lab1_1' returned '0': CMAKE_PREFIX_PATH=/opt/ros/humble /usr/bin/cmake --build /home/tadtawan/mobile_robot/lab1_ws/build/lab1_1 -- -j16 -l16
[1.140s] Invoking command in '/home/tadtawan/mobile_robot/lab1_ws/build/lab1_1': CMAKE_PREFIX_PATH=/opt/ros/humble /usr/bin/cmake --install /home/tadtawan/mobile_robot/lab1_ws/build/lab1_1
[1.147s] -- Install configuration: ""
[1.149s] -- Up-to-date: /home/tadtawan/mobile_robot/lab1_ws/install/lab1_1/share/lab1_1/environment/pythonpath.sh
[1.149s] -- Up-to-date: /home/tadtawan/mobile_robot/lab1_ws/install/lab1_1/share/lab1_1/environment/pythonpath.dsv
[1.149s] -- Up-to-date: /home/tadtawan/mobile_robot/lab1_ws/install/lab1_1/local/lib/python3.10/dist-packages/lab1_1-0.0.1-py3.10.egg-info
[1.149s] -- Installing: /home/tadtawan/mobile_robot/lab1_ws/install/lab1_1/local/lib/python3.10/dist-packages/lab1_1-0.0.1-py3.10.egg-info/top_level.txt
[1.149s] -- Installing: /home/tadtawan/mobile_robot/lab1_ws/install/lab1_1/local/lib/python3.10/dist-packages/lab1_1-0.0.1-py3.10.egg-info/dependency_links.txt
[1.149s] -- Installing: /home/tadtawan/mobile_robot/lab1_ws/install/lab1_1/local/lib/python3.10/dist-packages/lab1_1-0.0.1-py3.10.egg-info/SOURCES.txt
[1.149s] -- Installing: /home/tadtawan/mobile_robot/lab1_ws/install/lab1_1/local/lib/python3.10/dist-packages/lab1_1-0.0.1-py3.10.egg-info/PKG-INFO
[1.150s] -- Up-to-date: /home/tadtawan/mobile_robot/lab1_ws/install/lab1_1/local/lib/python3.10/dist-packages/lab1_1
[1.150s] -- Up-to-date: /home/tadtawan/mobile_robot/lab1_ws/install/lab1_1/local/lib/python3.10/dist-packages/lab1_1/__init__.py
[1.150s] -- Up-to-date: /home/tadtawan/mobile_robot/lab1_ws/install/lab1_1/local/lib/python3.10/dist-packages/lab1_1/dummy_module.py
[1.173s] Listing '/home/tadtawan/mobile_robot/lab1_ws/install/lab1_1/local/lib/python3.10/dist-packages/lab1_1'...
[1.176s] -- Up-to-date: /home/tadtawan/mobile_robot/lab1_ws/install/lab1_1/lib/lab1_1/dummy_script.py
[1.176s] -- Up-to-date: /home/tadtawan/mobile_robot/lab1_ws/install/lab1_1/lib/lab1_1/bicycle_model.py
[1.177s] -- Installing: /home/tadtawan/mobile_robot/lab1_ws/install/lab1_1/lib/lab1_1/cpp_node
[1.177s] -- Set runtime path of "/home/tadtawan/mobile_robot/lab1_ws/install/lab1_1/lib/lab1_1/cpp_node" to ""
[1.177s] -- Up-to-date: /home/tadtawan/mobile_robot/lab1_ws/install/lab1_1/share/lab1_1/models
[1.177s] -- Up-to-date: /home/tadtawan/mobile_robot/lab1_ws/install/lab1_1/share/lab1_1/models/gas_bottle
[1.177s] -- Up-to-date: /home/tadtawan/mobile_robot/lab1_ws/install/lab1_1/share/lab1_1/models/gas_bottle/model.config
[1.178s] -- Up-to-date: /home/tadtawan/mobile_robot/lab1_ws/install/lab1_1/share/lab1_1/models/gas_bottle/blender
[1.178s] -- Up-to-date: /home/tadtawan/mobile_robot/lab1_ws/install/lab1_1/share/lab1_1/models/gas_bottle/blender/gase_bottle.blend
[1.178s] -- Up-to-date: /home/tadtawan/mobile_robot/lab1_ws/install/lab1_1/share/lab1_1/models/gas_bottle/model.sdf
[1.178s] -- Up-to-date: /home/tadtawan/mobile_robot/lab1_ws/install/lab1_1/share/lab1_1/models/gas_bottle/meshes
[1.178s] -- Up-to-date: /home/tadtawan/mobile_robot/lab1_ws/install/lab1_1/share/lab1_1/models/gas_bottle/meshes/gas_bottle_fire_baseColor.png
[1.178s] -- Up-to-date: /home/tadtawan/mobile_robot/lab1_ws/install/lab1_1/share/lab1_1/models/gas_bottle/meshes/gas_bottle.dae
[1.178s] -- Up-to-date: /home/tadtawan/mobile_robot/lab1_ws/install/lab1_1/share/lab1_1/models/perception_lab
[1.178s] -- Up-to-date: /home/tadtawan/mobile_robot/lab1_ws/install/lab1_1/share/lab1_1/models/perception_lab/model.config
[1.178s] -- Up-to-date: /home/tadtawan/mobile_robot/lab1_ws/install/lab1_1/share/lab1_1/models/perception_lab/model.sdf
[1.178s] -- Up-to-date: /home/tadtawan/mobile_robot/lab1_ws/install/lab1_1/share/lab1_1/models/perception_lab/meshes
[1.178s] -- Up-to-date: /home/tadtawan/mobile_robot/lab1_ws/install/lab1_1/share/lab1_1/models/perception_lab/meshes/prototype_HD.png
[1.178s] -- Up-to-date: /home/tadtawan/mobile_robot/lab1_ws/install/lab1_1/share/lab1_1/models/perception_lab/meshes/perception_plane_v2_HD.dae
[1.178s] -- Up-to-date: /home/tadtawan/mobile_robot/lab1_ws/install/lab1_1/share/lab1_1/models/perception_lab/meshes/perception_plane_v2.dae
[1.178s] -- Up-to-date: /home/tadtawan/mobile_robot/lab1_ws/install/lab1_1/share/lab1_1/models/perception_lab/meshes/perception_lab.stl
[1.178s] -- Up-to-date: /home/tadtawan/mobile_robot/lab1_ws/install/lab1_1/share/lab1_1/models/perception_lab/meshes/prototype.png
[1.178s] -- Up-to-date: /home/tadtawan/mobile_robot/lab1_ws/install/lab1_1/share/lab1_1/models/test_plane
[1.178s] -- Up-to-date: /home/tadtawan/mobile_robot/lab1_ws/install/lab1_1/share/lab1_1/models/test_plane/model.config
[1.178s] -- Up-to-date: /home/tadtawan/mobile_robot/lab1_ws/install/lab1_1/share/lab1_1/models/test_plane/model.sdf
[1.178s] -- Up-to-date: /home/tadtawan/mobile_robot/lab1_ws/install/lab1_1/share/lab1_1/models/test_plane/meshes
[1.178s] -- Up-to-date: /home/tadtawan/mobile_robot/lab1_ws/install/lab1_1/share/lab1_1/models/test_plane/meshes/test_plane_v2.dae
[1.178s] -- Up-to-date: /home/tadtawan/mobile_robot/lab1_ws/install/lab1_1/share/lab1_1/models/test_plane/meshes/texture_07.png
[1.178s] -- Up-to-date: /home/tadtawan/mobile_robot/lab1_ws/install/lab1_1/share/lab1_1/models/test_plane/meshes/test_plane.dae
[1.178s] -- Up-to-date: /home/tadtawan/mobile_robot/lab1_ws/install/lab1_1/share/lab1_1/models/turtlebot3_dqn_world
[1.178s] -- Up-to-date: /home/tadtawan/mobile_robot/lab1_ws/install/lab1_1/share/lab1_1/models/turtlebot3_dqn_world/model.config
[1.179s] -- Up-to-date: /home/tadtawan/mobile_robot/lab1_ws/install/lab1_1/share/lab1_1/models/turtlebot3_dqn_world/obstacle1
[1.179s] -- Up-to-date: /home/tadtawan/mobile_robot/lab1_ws/install/lab1_1/share/lab1_1/models/turtlebot3_dqn_world/obstacle1/model.config
[1.179s] -- Up-to-date: /home/tadtawan/mobile_robot/lab1_ws/install/lab1_1/share/lab1_1/models/turtlebot3_dqn_world/obstacle1/model.sdf
[1.179s] -- Up-to-date: /home/tadtawan/mobile_robot/lab1_ws/install/lab1_1/share/lab1_1/models/turtlebot3_dqn_world/obstacle_plugin
[1.179s] -- Up-to-date: /home/tadtawan/mobile_robot/lab1_ws/install/lab1_1/share/lab1_1/models/turtlebot3_dqn_world/obstacle_plugin/obstacle2.cc
[1.179s] -- Up-to-date: /home/tadtawan/mobile_robot/lab1_ws/install/lab1_1/share/lab1_1/models/turtlebot3_dqn_world/obstacle_plugin/obstacle1.cc
[1.179s] -- Up-to-date: /home/tadtawan/mobile_robot/lab1_ws/install/lab1_1/share/lab1_1/models/turtlebot3_dqn_world/obstacle_plugin/obstacles.cc
[1.179s] -- Up-to-date: /home/tadtawan/mobile_robot/lab1_ws/install/lab1_1/share/lab1_1/models/turtlebot3_dqn_world/obstacle_plugin/CMakeLists.txt
[1.179s] -- Up-to-date: /home/tadtawan/mobile_robot/lab1_ws/install/lab1_1/share/lab1_1/models/turtlebot3_dqn_world/inner_walls
[1.179s] -- Up-to-date: /home/tadtawan/mobile_robot/lab1_ws/install/lab1_1/share/lab1_1/models/turtlebot3_dqn_world/inner_walls/model.config
[1.179s] -- Up-to-date: /home/tadtawan/mobile_robot/lab1_ws/install/lab1_1/share/lab1_1/models/turtlebot3_dqn_world/inner_walls/model.sdf
[1.179s] -- Up-to-date: /home/tadtawan/mobile_robot/lab1_ws/install/lab1_1/share/lab1_1/models/turtlebot3_dqn_world/obstacles
[1.179s] -- Up-to-date: /home/tadtawan/mobile_robot/lab1_ws/install/lab1_1/share/lab1_1/models/turtlebot3_dqn_world/obstacles/model.config
[1.179s] -- Up-to-date: /home/tadtawan/mobile_robot/lab1_ws/install/lab1_1/share/lab1_1/models/turtlebot3_dqn_world/obstacles/model.sdf
[1.179s] -- Up-to-date: /home/tadtawan/mobile_robot/lab1_ws/install/lab1_1/share/lab1_1/models/turtlebot3_dqn_world/goal_box
[1.179s] -- Up-to-date: /home/tadtawan/mobile_robot/lab1_ws/install/lab1_1/share/lab1_1/models/turtlebot3_dqn_world/goal_box/model.config
[1.179s] -- Up-to-date: /home/tadtawan/mobile_robot/lab1_ws/install/lab1_1/share/lab1_1/models/turtlebot3_dqn_world/goal_box/model.sdf
[1.179s] -- Up-to-date: /home/tadtawan/mobile_robot/lab1_ws/install/lab1_1/share/lab1_1/models/turtlebot3_dqn_world/model.sdf
[1.179s] -- Up-to-date: /home/tadtawan/mobile_robot/lab1_ws/install/lab1_1/share/lab1_1/models/turtlebot3_dqn_world/obstacle2
[1.179s] -- Up-to-date: /home/tadtawan/mobile_robot/lab1_ws/install/lab1_1/share/lab1_1/models/turtlebot3_dqn_world/obstacle2/model.config
[1.179s] -- Up-to-date: /home/tadtawan/mobile_robot/lab1_ws/install/lab1_1/share/lab1_1/models/turtlebot3_dqn_world/obstacle2/model.sdf
[1.179s] -- Up-to-date: /home/tadtawan/mobile_robot/lab1_ws/install/lab1_1/share/lab1_1/models/plane
[1.179s] -- Up-to-date: /home/tadtawan/mobile_robot/lab1_ws/install/lab1_1/share/lab1_1/models/plane/model.config
[1.179s] -- Up-to-date: /home/tadtawan/mobile_robot/lab1_ws/install/lab1_1/share/lab1_1/models/plane/materials
[1.179s] -- Up-to-date: /home/tadtawan/mobile_robot/lab1_ws/install/lab1_1/share/lab1_1/models/plane/materials/textures
[1.179s] -- Up-to-date: /home/tadtawan/mobile_robot/lab1_ws/install/lab1_1/share/lab1_1/models/plane/materials/textures/sand.jpeg
[1.179s] -- Up-to-date: /home/tadtawan/mobile_robot/lab1_ws/install/lab1_1/share/lab1_1/models/plane/materials/scripts
[1.180s] -- Up-to-date: /home/tadtawan/mobile_robot/lab1_ws/install/lab1_1/share/lab1_1/models/plane/materials/scripts/plane.material
[1.180s] -- Up-to-date: /home/tadtawan/mobile_robot/lab1_ws/install/lab1_1/share/lab1_1/models/plane/model.sdf
[1.180s] -- Up-to-date: /home/tadtawan/mobile_robot/lab1_ws/install/lab1_1/share/lab1_1/models/robotics_gym
[1.180s] -- Up-to-date: /home/tadtawan/mobile_robot/lab1_ws/install/lab1_1/share/lab1_1/models/robotics_gym/model.config
[1.180s] -- Up-to-date: /home/tadtawan/mobile_robot/lab1_ws/install/lab1_1/share/lab1_1/models/robotics_gym/thumbnails
[1.180s] -- Up-to-date: /home/tadtawan/mobile_robot/lab1_ws/install/lab1_1/share/lab1_1/models/robotics_gym/thumbnails/1.jpg
[1.180s] -- Up-to-date: /home/tadtawan/mobile_robot/lab1_ws/install/lab1_1/share/lab1_1/models/robotics_gym/model.sdf
[1.180s] -- Up-to-date: /home/tadtawan/mobile_robot/lab1_ws/install/lab1_1/share/lab1_1/models/robotics_gym/meshes
[1.180s] -- Up-to-date: /home/tadtawan/mobile_robot/lab1_ws/install/lab1_1/share/lab1_1/models/robotics_gym/meshes/my_robotics_gym.dae
[1.180s] -- Up-to-date: /home/tadtawan/mobile_robot/lab1_ws/install/lab1_1/share/lab1_1/models/demo_cube
[1.180s] -- Up-to-date: /home/tadtawan/mobile_robot/lab1_ws/install/lab1_1/share/lab1_1/models/demo_cube/model.config
[1.180s] -- Up-to-date: /home/tadtawan/mobile_robot/lab1_ws/install/lab1_1/share/lab1_1/models/demo_cube/model.sdf
[1.180s] -- Up-to-date: /home/tadtawan/mobile_robot/lab1_ws/install/lab1_1/share/lab1_1/models/office
[1.180s] -- Up-to-date: /home/tadtawan/mobile_robot/lab1_ws/install/lab1_1/share/lab1_1/models/office/model.config
[1.180s] -- Up-to-date: /home/tadtawan/mobile_robot/lab1_ws/install/lab1_1/share/lab1_1/models/office/blender
[1.180s] -- Up-to-date: /home/tadtawan/mobile_robot/lab1_ws/install/lab1_1/share/lab1_1/models/office/blender/kombini1.blend1
[1.180s] -- Up-to-date: /home/tadtawan/mobile_robot/lab1_ws/install/lab1_1/share/lab1_1/models/office/blender/kimbiniraw.blend
[1.180s] -- Up-to-date: /home/tadtawan/mobile_robot/lab1_ws/install/lab1_1/share/lab1_1/models/office/blender/kombini1.blend
[1.180s] -- Up-to-date: /home/tadtawan/mobile_robot/lab1_ws/install/lab1_1/share/lab1_1/models/office/model.sdf
[1.180s] -- Up-to-date: /home/tadtawan/mobile_robot/lab1_ws/install/lab1_1/share/lab1_1/models/office/meshes
[1.180s] -- Up-to-date: /home/tadtawan/mobile_robot/lab1_ws/install/lab1_1/share/lab1_1/models/office/meshes/wood.005_baseColor.jpg
[1.180s] -- Up-to-date: /home/tadtawan/mobile_robot/lab1_ws/install/lab1_1/share/lab1_1/models/office/meshes/Poster_cert.002_baseColor.jpg
[1.180s] -- Up-to-date: /home/tadtawan/mobile_robot/lab1_ws/install/lab1_1/share/lab1_1/models/office/meshes/office.dae
[1.180s] -- Up-to-date: /home/tadtawan/mobile_robot/lab1_ws/install/lab1_1/share/lab1_1/models/office/meshes/Poster_office_3_baseColor.jpg
[1.180s] -- Up-to-date: /home/tadtawan/mobile_robot/lab1_ws/install/lab1_1/share/lab1_1/models/office/meshes/floor.001_baseColor.jpg
[1.180s] -- Up-to-date: /home/tadtawan/mobile_robot/lab1_ws/install/lab1_1/share/lab1_1/models/office/meshes/Flowers_baseColor_scale1.jpg
[1.180s] -- Up-to-date: /home/tadtawan/mobile_robot/lab1_ws/install/lab1_1/share/lab1_1/models/office/meshes/01_-_Default_baseColor.jpg
[1.180s] -- Up-to-date: /home/tadtawan/mobile_robot/lab1_ws/install/lab1_1/share/lab1_1/models/office/meshes/Fronds_baseColor.jpg
[1.180s] -- Up-to-date: /home/tadtawan/mobile_robot/lab1_ws/install/lab1_1/share/lab1_1/models/office/meshes/Office_Chair_baseColor.jpg
[1.180s] -- Up-to-date: /home/tadtawan/mobile_robot/lab1_ws/install/lab1_1/share/lab1_1/models/office/meshes/Poster_cert_baseColor.jpg
[1.180s] -- Up-to-date: /home/tadtawan/mobile_robot/lab1_ws/install/lab1_1/share/lab1_1/models/office/meshes/Poster_Pam_baseColor.jpg
[1.180s] -- Up-to-date: /home/tadtawan/mobile_robot/lab1_ws/install/lab1_1/share/lab1_1/models/office/meshes/office.stl
[1.180s] -- Up-to-date: /home/tadtawan/mobile_robot/lab1_ws/install/lab1_1/share/lab1_1/models/office/meshes/Poster_cert.001_baseColor.jpg
[1.181s] -- Up-to-date: /home/tadtawan/mobile_robot/lab1_ws/install/lab1_1/share/lab1_1/models/office/meshes/Poster_office_baseColor.jpg
[1.181s] -- Up-to-date: /home/tadtawan/mobile_robot/lab1_ws/install/lab1_1/share/lab1_1/models/office/meshes/02_-_Default_baseColor.jpg
[1.181s] -- Up-to-date: /home/tadtawan/mobile_robot/lab1_ws/install/lab1_1/share/lab1_1/models/office/meshes/Material_27_baseColor.jpg
[1.181s] -- Up-to-date: /home/tadtawan/mobile_robot/lab1_ws/install/lab1_1/share/lab1_1/models/office/meshes/Poster_office_2_baseColor.jpg
[1.181s] -- Up-to-date: /home/tadtawan/mobile_robot/lab1_ws/install/lab1_1/share/lab1_1/models/office/meshes/Coffee_baseColor.jpg
[1.181s] -- Up-to-date: /home/tadtawan/mobile_robot/lab1_ws/install/lab1_1/share/lab1_1/models/office/meshes/Projector_baseColor.jpg
[1.181s] -- Up-to-date: /home/tadtawan/mobile_robot/lab1_ws/install/lab1_1/share/lab1_1/models/perception_table
[1.181s] -- Up-to-date: /home/tadtawan/mobile_robot/lab1_ws/install/lab1_1/share/lab1_1/models/perception_table/model.config
[1.181s] -- Up-to-date: /home/tadtawan/mobile_robot/lab1_ws/install/lab1_1/share/lab1_1/models/perception_table/model.sdf
[1.181s] -- Up-to-date: /home/tadtawan/mobile_robot/lab1_ws/install/lab1_1/share/lab1_1/models/turtlebot3_house
[1.181s] -- Up-to-date: /home/tadtawan/mobile_robot/lab1_ws/install/lab1_1/share/lab1_1/models/turtlebot3_house/model.config
[1.181s] -- Up-to-date: /home/tadtawan/mobile_robot/lab1_ws/install/lab1_1/share/lab1_1/models/turtlebot3_house/model.sdf
[1.181s] -- Up-to-date: /home/tadtawan/mobile_robot/lab1_ws/install/lab1_1/share/lab1_1/models/turtlebot3_world
[1.181s] -- Up-to-date: /home/tadtawan/mobile_robot/lab1_ws/install/lab1_1/share/lab1_1/models/turtlebot3_world/model.config
[1.181s] -- Up-to-date: /home/tadtawan/mobile_robot/lab1_ws/install/lab1_1/share/lab1_1/models/turtlebot3_world/model-1_4.sdf
[1.181s] -- Up-to-date: /home/tadtawan/mobile_robot/lab1_ws/install/lab1_1/share/lab1_1/models/turtlebot3_world/model.sdf
[1.181s] -- Up-to-date: /home/tadtawan/mobile_robot/lab1_ws/install/lab1_1/share/lab1_1/models/turtlebot3_world/meshes
[1.181s] -- Up-to-date: /home/tadtawan/mobile_robot/lab1_ws/install/lab1_1/share/lab1_1/models/turtlebot3_world/meshes/hexagon.dae
[1.181s] -- Up-to-date: /home/tadtawan/mobile_robot/lab1_ws/install/lab1_1/share/lab1_1/models/turtlebot3_world/meshes/wall.stl
[1.181s] -- Up-to-date: /home/tadtawan/mobile_robot/lab1_ws/install/lab1_1/share/lab1_1/models/turtlebot3_world/meshes/hexagon.stl
[1.181s] -- Up-to-date: /home/tadtawan/mobile_robot/lab1_ws/install/lab1_1/share/lab1_1/models/turtlebot3_world/meshes/wall.dae
[1.181s] -- Up-to-date: /home/tadtawan/mobile_robot/lab1_ws/install/lab1_1/share/lab1_1/models/circuit
[1.181s] -- Up-to-date: /home/tadtawan/mobile_robot/lab1_ws/install/lab1_1/share/lab1_1/models/circuit/model.config
[1.181s] -- Up-to-date: /home/tadtawan/mobile_robot/lab1_ws/install/lab1_1/share/lab1_1/models/circuit/model.sdf
[1.181s] -- Up-to-date: /home/tadtawan/mobile_robot/lab1_ws/install/lab1_1/share/lab1_1/models/circuit/meshes
[1.181s] -- Up-to-date: /home/tadtawan/mobile_robot/lab1_ws/install/lab1_1/share/lab1_1/models/circuit/meshes/circuit.dae
[1.181s] -- Up-to-date: /home/tadtawan/mobile_robot/lab1_ws/install/lab1_1/share/lab1_1/models/circuit/meshes/circuit.stl
[1.181s] -- Up-to-date: /home/tadtawan/mobile_robot/lab1_ws/install/lab1_1/share/lab1_1/models/circuit/meshes/circuit_texture.png
[1.181s] -- Up-to-date: /home/tadtawan/mobile_robot/lab1_ws/install/lab1_1/share/lab1_1/models/ground_plane_invisible
[1.181s] -- Up-to-date: /home/tadtawan/mobile_robot/lab1_ws/install/lab1_1/share/lab1_1/models/ground_plane_invisible/model.config
[1.182s] -- Up-to-date: /home/tadtawan/mobile_robot/lab1_ws/install/lab1_1/share/lab1_1/models/ground_plane_invisible/model-1_4.sdf
[1.182s] -- Up-to-date: /home/tadtawan/mobile_robot/lab1_ws/install/lab1_1/share/lab1_1/models/ground_plane_invisible/model-1_2.sdf
[1.182s] -- Up-to-date: /home/tadtawan/mobile_robot/lab1_ws/install/lab1_1/share/lab1_1/models/ground_plane_invisible/model-1_3.sdf
[1.182s] -- Up-to-date: /home/tadtawan/mobile_robot/lab1_ws/install/lab1_1/share/lab1_1/models/ground_plane_invisible/model.sdf
[1.182s] -- Up-to-date: /home/tadtawan/mobile_robot/lab1_ws/install/lab1_1/share/lab1_1/models/turtlebot3_room
[1.182s] -- Up-to-date: /home/tadtawan/mobile_robot/lab1_ws/install/lab1_1/share/lab1_1/models/turtlebot3_room/model.config
[1.182s] -- Up-to-date: /home/tadtawan/mobile_robot/lab1_ws/install/lab1_1/share/lab1_1/models/turtlebot3_room/troom.blend1
[1.182s] -- Up-to-date: /home/tadtawan/mobile_robot/lab1_ws/install/lab1_1/share/lab1_1/models/turtlebot3_room/model.sdf
[1.182s] -- Up-to-date: /home/tadtawan/mobile_robot/lab1_ws/install/lab1_1/share/lab1_1/models/turtlebot3_room/troom.blend
[1.182s] -- Up-to-date: /home/tadtawan/mobile_robot/lab1_ws/install/lab1_1/share/lab1_1/models/turtlebot3_room/meshes
[1.182s] -- Up-to-date: /home/tadtawan/mobile_robot/lab1_ws/install/lab1_1/share/lab1_1/models/turtlebot3_room/meshes/room_texture.png
[1.182s] -- Up-to-date: /home/tadtawan/mobile_robot/lab1_ws/install/lab1_1/share/lab1_1/models/turtlebot3_room/meshes/hexagon.dae
[1.182s] -- Up-to-date: /home/tadtawan/mobile_robot/lab1_ws/install/lab1_1/share/lab1_1/models/turtlebot3_room/meshes/room.stl
[1.182s] -- Up-to-date: /home/tadtawan/mobile_robot/lab1_ws/install/lab1_1/share/lab1_1/models/turtlebot3_room/meshes/wall.dae
[1.182s] -- Up-to-date: /home/tadtawan/mobile_robot/lab1_ws/install/lab1_1/share/lab1_1/models/turtlebot3_room/meshes/turtleroom_v2.dae
[1.182s] -- Up-to-date: /home/tadtawan/mobile_robot/lab1_ws/install/lab1_1/share/lab1_1/meshes
[1.182s] -- Up-to-date: /home/tadtawan/mobile_robot/lab1_ws/install/lab1_1/share/lab1_1/meshes/limo_base.stl
[1.182s] -- Up-to-date: /home/tadtawan/mobile_robot/lab1_ws/install/lab1_1/share/lab1_1/meshes/limo_optimal_wheels.dae
[1.182s] -- Up-to-date: /home/tadtawan/mobile_robot/lab1_ws/install/lab1_1/share/lab1_1/meshes/steering.dae
[1.182s] -- Up-to-date: /home/tadtawan/mobile_robot/lab1_ws/install/lab1_1/share/lab1_1/meshes/limo_wheel.dae
[1.182s] -- Up-to-date: /home/tadtawan/mobile_robot/lab1_ws/install/lab1_1/share/lab1_1/meshes/sidescreentexture.png
[1.182s] -- Up-to-date: /home/tadtawan/mobile_robot/lab1_ws/install/lab1_1/share/lab1_1/meshes/limo_base.dae
[1.182s] -- Up-to-date: /home/tadtawan/mobile_robot/lab1_ws/install/lab1_1/share/lab1_1/meshes/rotw2_rviz.png
[1.182s] -- Up-to-date: /home/tadtawan/mobile_robot/lab1_ws/install/lab1_1/share/lab1_1/meshes/face.png
[1.182s] -- Up-to-date: /home/tadtawan/mobile_robot/lab1_ws/install/lab1_1/share/lab1_1/meshes/limo_texture.png
[1.182s] -- Up-to-date: /home/tadtawan/mobile_robot/lab1_ws/install/lab1_1/share/lab1_1/meshes/arrow_texture.png
[1.182s] -- Up-to-date: /home/tadtawan/mobile_robot/lab1_ws/install/lab1_1/share/lab1_1/meshes/lcd_screen_texture.png
[1.183s] -- Up-to-date: /home/tadtawan/mobile_robot/lab1_ws/install/lab1_1/share/lab1_1/meshes/steering_texture.png
[1.183s] -- Up-to-date: /home/tadtawan/mobile_robot/lab1_ws/install/lab1_1/share/lab1_1/meshes/limo_wheel.stl
[1.183s] -- Up-to-date: /home/tadtawan/mobile_robot/lab1_ws/install/lab1_1/share/lab1_1/meshes/limo_optimal.dae
[1.183s] -- Up-to-date: /home/tadtawan/mobile_robot/lab1_ws/install/lab1_1/share/lab1_1/worlds
[1.183s] -- Up-to-date: /home/tadtawan/mobile_robot/lab1_ws/install/lab1_1/share/lab1_1/worlds/basic.world
[1.183s] -- Up-to-date: /home/tadtawan/mobile_robot/lab1_ws/install/lab1_1/share/lab1_1/launch
[1.183s] -- Up-to-date: /home/tadtawan/mobile_robot/lab1_ws/install/lab1_1/share/lab1_1/launch/world.launch.py
[1.183s] -- Installing: /home/tadtawan/mobile_robot/lab1_ws/install/lab1_1/share/lab1_1/launch/spawn_robot.launch.py
[1.183s] -- Up-to-date: /home/tadtawan/mobile_robot/lab1_ws/install/lab1_1/share/lab1_1/scripts
[1.183s] -- Installing: /home/tadtawan/mobile_robot/lab1_ws/install/lab1_1/share/lab1_1/scripts/odom_publisher.py
[1.183s] -- Up-to-date: /home/tadtawan/mobile_robot/lab1_ws/install/lab1_1/share/lab1_1/scripts/bicycle_model.py
[1.183s] -- Up-to-date: /home/tadtawan/mobile_robot/lab1_ws/install/lab1_1/share/lab1_1/scripts/dummy_script.py
[1.183s] -- Up-to-date: /home/tadtawan/mobile_robot/lab1_ws/install/lab1_1/share/lab1_1/descriptions
[1.183s] -- Installing: /home/tadtawan/mobile_robot/lab1_ws/install/lab1_1/share/lab1_1/descriptions/robot.urdf
[1.183s] -- Up-to-date: /home/tadtawan/mobile_robot/lab1_ws/install/lab1_1/share/ament_index/resource_index/package_run_dependencies/lab1_1
[1.183s] -- Up-to-date: /home/tadtawan/mobile_robot/lab1_ws/install/lab1_1/share/ament_index/resource_index/parent_prefix_path/lab1_1
[1.183s] -- Up-to-date: /home/tadtawan/mobile_robot/lab1_ws/install/lab1_1/share/lab1_1/environment/ament_prefix_path.sh
[1.183s] -- Up-to-date: /home/tadtawan/mobile_robot/lab1_ws/install/lab1_1/share/lab1_1/environment/ament_prefix_path.dsv
[1.183s] -- Up-to-date: /home/tadtawan/mobile_robot/lab1_ws/install/lab1_1/share/lab1_1/environment/path.sh
[1.183s] -- Up-to-date: /home/tadtawan/mobile_robot/lab1_ws/install/lab1_1/share/lab1_1/environment/path.dsv
[1.184s] -- Up-to-date: /home/tadtawan/mobile_robot/lab1_ws/install/lab1_1/share/lab1_1/local_setup.bash
[1.184s] -- Up-to-date: /home/tadtawan/mobile_robot/lab1_ws/install/lab1_1/share/lab1_1/local_setup.sh
[1.184s] -- Up-to-date: /home/tadtawan/mobile_robot/lab1_ws/install/lab1_1/share/lab1_1/local_setup.zsh
[1.184s] -- Up-to-date: /home/tadtawan/mobile_robot/lab1_ws/install/lab1_1/share/lab1_1/local_setup.dsv
[1.184s] -- Installing: /home/tadtawan/mobile_robot/lab1_ws/install/lab1_1/share/lab1_1/package.dsv
[1.184s] -- Up-to-date: /home/tadtawan/mobile_robot/lab1_ws/install/lab1_1/share/ament_index/resource_index/packages/lab1_1
[1.184s] -- Up-to-date: /home/tadtawan/mobile_robot/lab1_ws/install/lab1_1/share/lab1_1/cmake/lab1_1Config.cmake
[1.184s] -- Up-to-date: /home/tadtawan/mobile_robot/lab1_ws/install/lab1_1/share/lab1_1/cmake/lab1_1Config-version.cmake
[1.184s] -- Up-to-date: /home/tadtawan/mobile_robot/lab1_ws/install/lab1_1/share/lab1_1/package.xml
[1.184s] Invoked command in '/home/tadtawan/mobile_robot/lab1_ws/build/lab1_1' returned '0': CMAKE_PREFIX_PATH=/opt/ros/humble /usr/bin/cmake --install /home/tadtawan/mobile_robot/lab1_ws/build/lab1_1
