-- The C compiler identification is GNU 11.4.0
-- The CXX compiler identification is GNU 11.4.0
-- Detecting C compiler ABI info
-- Detecting C compiler ABI info - done
-- Check for working C compiler: /usr/bin/cc - skipped
-- Detecting C compile features
-- Detecting C compile features - done
-- Detecting CXX compiler ABI info
-- Detecting CXX compiler ABI info - done
-- Check for working CXX compiler: /usr/bin/c++ - skipped
-- Detecting CXX compile features
-- Detecting CXX compile features - done
-- Found ament_cmake: 1.3.11 (/opt/ros/humble/share/ament_cmake/cmake)
-- Found Python3: /usr/bin/python3 (found version "3.10.12") found components: Interpreter 
-- Found rclcpp: 16.0.11 (/opt/ros/humble/share/rclcpp/cmake)
-- Found rosidl_generator_c: 3.1.6 (/opt/ros/humble/share/rosidl_generator_c/cmake)
-- Found rosidl_adapter: 3.1.6 (/opt/ros/humble/share/rosidl_adapter/cmake)
-- Found rosidl_generator_cpp: 3.1.6 (/opt/ros/humble/share/rosidl_generator_cpp/cmake)
-- Using all available rosidl_typesupport_c: rosidl_typesupport_fastrtps_c;rosidl_typesupport_introspection_c
-- Using all available rosidl_typesupport_cpp: rosidl_typesupport_fastrtps_cpp;rosidl_typesupport_introspection_cpp
-- Found rmw_implementation_cmake: 6.1.2 (/opt/ros/humble/share/rmw_implementation_cmake/cmake)
-- Found rmw_fastrtps_cpp: 6.2.7 (/opt/ros/humble/share/rmw_fastrtps_cpp/cmake)
-- Found OpenSSL: /usr/lib/x86_64-linux-gnu/libcrypto.so (found version "3.0.2")  
-- Found FastRTPS: /opt/ros/humble/include  
-- Using RMW implementation 'rmw_fastrtps_cpp' as default
-- Looking for pthread.h
-- Looking for pthread.h - found
-- Performing Test CMAKE_HAVE_LIBC_PTHREAD
-- Performing Test CMAKE_HAVE_LIBC_PTHREAD - Success
-- Found Threads: TRUE  
-- Found rclpy: 3.3.15 (/opt/ros/humble/share/rclpy/cmake)
-- Configuring done
-- Generating done
-- Build files have been written to: /home/phet/lab1_mobile/lab1_ws/src/lab1_1/build/lab1_1
[ 50%] [32mBuilding CXX object CMakeFiles/cpp_node.dir/src/cpp_node.cpp.o[0m
[ 50%] Built target ament_cmake_python_copy_lab1_1
[100%] [32m[1mLinking CXX executable cpp_node[0m
running egg_info
creating lab1_1.egg-info
writing lab1_1.egg-info/PKG-INFO
writing dependency_links to lab1_1.egg-info/dependency_links.txt
writing top-level names to lab1_1.egg-info/top_level.txt
writing manifest file 'lab1_1.egg-info/SOURCES.txt'
reading manifest file 'lab1_1.egg-info/SOURCES.txt'
writing manifest file 'lab1_1.egg-info/SOURCES.txt'
[100%] Built target ament_cmake_python_build_lab1_1_egg
[100%] Built target cpp_node
-- Install configuration: ""
-- Installing: /home/phet/lab1_mobile/lab1_ws/src/lab1_1/install/lab1_1/share/lab1_1/environment/pythonpath.sh
-- Installing: /home/phet/lab1_mobile/lab1_ws/src/lab1_1/install/lab1_1/share/lab1_1/environment/pythonpath.dsv
-- Installing: /home/phet/lab1_mobile/lab1_ws/src/lab1_1/install/lab1_1/local/lib/python3.10/dist-packages/lab1_1-0.0.1-py3.10.egg-info
-- Installing: /home/phet/lab1_mobile/lab1_ws/src/lab1_1/install/lab1_1/local/lib/python3.10/dist-packages/lab1_1-0.0.1-py3.10.egg-info/dependency_links.txt
-- Installing: /home/phet/lab1_mobile/lab1_ws/src/lab1_1/install/lab1_1/local/lib/python3.10/dist-packages/lab1_1-0.0.1-py3.10.egg-info/SOURCES.txt
-- Installing: /home/phet/lab1_mobile/lab1_ws/src/lab1_1/install/lab1_1/local/lib/python3.10/dist-packages/lab1_1-0.0.1-py3.10.egg-info/top_level.txt
-- Installing: /home/phet/lab1_mobile/lab1_ws/src/lab1_1/install/lab1_1/local/lib/python3.10/dist-packages/lab1_1-0.0.1-py3.10.egg-info/PKG-INFO
-- Installing: /home/phet/lab1_mobile/lab1_ws/src/lab1_1/install/lab1_1/local/lib/python3.10/dist-packages/lab1_1
-- Installing: /home/phet/lab1_mobile/lab1_ws/src/lab1_1/install/lab1_1/local/lib/python3.10/dist-packages/lab1_1/__init__.py
-- Installing: /home/phet/lab1_mobile/lab1_ws/src/lab1_1/install/lab1_1/local/lib/python3.10/dist-packages/lab1_1/dummy_module.py
Listing '/home/phet/lab1_mobile/lab1_ws/src/lab1_1/install/lab1_1/local/lib/python3.10/dist-packages/lab1_1'...
Compiling '/home/phet/lab1_mobile/lab1_ws/src/lab1_1/install/lab1_1/local/lib/python3.10/dist-packages/lab1_1/__init__.py'...
Compiling '/home/phet/lab1_mobile/lab1_ws/src/lab1_1/install/lab1_1/local/lib/python3.10/dist-packages/lab1_1/dummy_module.py'...
-- Installing: /home/phet/lab1_mobile/lab1_ws/src/lab1_1/install/lab1_1/lib/lab1_1/no_slip_model.py
-- Installing: /home/phet/lab1_mobile/lab1_ws/src/lab1_1/install/lab1_1/lib/lab1_1/basic_model.py
-- Installing: /home/phet/lab1_mobile/lab1_ws/src/lab1_1/install/lab1_1/lib/lab1_1/tf_publisher.py
-- Installing: /home/phet/lab1_mobile/lab1_ws/src/lab1_1/install/lab1_1/lib/lab1_1/cpp_node
-- Set runtime path of "/home/phet/lab1_mobile/lab1_ws/src/lab1_1/install/lab1_1/lib/lab1_1/cpp_node" to ""
-- Installing: /home/phet/lab1_mobile/lab1_ws/src/lab1_1/install/lab1_1/share/lab1_1/models
-- Installing: /home/phet/lab1_mobile/lab1_ws/src/lab1_1/install/lab1_1/share/lab1_1/models/gas_bottle
-- Installing: /home/phet/lab1_mobile/lab1_ws/src/lab1_1/install/lab1_1/share/lab1_1/models/gas_bottle/model.sdf
-- Installing: /home/phet/lab1_mobile/lab1_ws/src/lab1_1/install/lab1_1/share/lab1_1/models/gas_bottle/meshes
-- Installing: /home/phet/lab1_mobile/lab1_ws/src/lab1_1/install/lab1_1/share/lab1_1/models/gas_bottle/meshes/gas_bottle_fire_baseColor.png
-- Installing: /home/phet/lab1_mobile/lab1_ws/src/lab1_1/install/lab1_1/share/lab1_1/models/gas_bottle/meshes/gas_bottle.dae
-- Installing: /home/phet/lab1_mobile/lab1_ws/src/lab1_1/install/lab1_1/share/lab1_1/models/gas_bottle/model.config
-- Installing: /home/phet/lab1_mobile/lab1_ws/src/lab1_1/install/lab1_1/share/lab1_1/models/gas_bottle/blender
-- Installing: /home/phet/lab1_mobile/lab1_ws/src/lab1_1/install/lab1_1/share/lab1_1/models/gas_bottle/blender/gase_bottle.blend
-- Installing: /home/phet/lab1_mobile/lab1_ws/src/lab1_1/install/lab1_1/share/lab1_1/models/ground_plane_invisible
-- Installing: /home/phet/lab1_mobile/lab1_ws/src/lab1_1/install/lab1_1/share/lab1_1/models/ground_plane_invisible/model.sdf
-- Installing: /home/phet/lab1_mobile/lab1_ws/src/lab1_1/install/lab1_1/share/lab1_1/models/ground_plane_invisible/model-1_3.sdf
-- Installing: /home/phet/lab1_mobile/lab1_ws/src/lab1_1/install/lab1_1/share/lab1_1/models/ground_plane_invisible/model-1_2.sdf
-- Installing: /home/phet/lab1_mobile/lab1_ws/src/lab1_1/install/lab1_1/share/lab1_1/models/ground_plane_invisible/model.config
-- Installing: /home/phet/lab1_mobile/lab1_ws/src/lab1_1/install/lab1_1/share/lab1_1/models/ground_plane_invisible/model-1_4.sdf
-- Installing: /home/phet/lab1_mobile/lab1_ws/src/lab1_1/install/lab1_1/share/lab1_1/models/turtlebot3_world
-- Installing: /home/phet/lab1_mobile/lab1_ws/src/lab1_1/install/lab1_1/share/lab1_1/models/turtlebot3_world/model.sdf
-- Installing: /home/phet/lab1_mobile/lab1_ws/src/lab1_1/install/lab1_1/share/lab1_1/models/turtlebot3_world/meshes
-- Installing: /home/phet/lab1_mobile/lab1_ws/src/lab1_1/install/lab1_1/share/lab1_1/models/turtlebot3_world/meshes/hexagon.stl
-- Installing: /home/phet/lab1_mobile/lab1_ws/src/lab1_1/install/lab1_1/share/lab1_1/models/turtlebot3_world/meshes/hexagon.dae
-- Installing: /home/phet/lab1_mobile/lab1_ws/src/lab1_1/install/lab1_1/share/lab1_1/models/turtlebot3_world/meshes/wall.dae
-- Installing: /home/phet/lab1_mobile/lab1_ws/src/lab1_1/install/lab1_1/share/lab1_1/models/turtlebot3_world/meshes/wall.stl
-- Installing: /home/phet/lab1_mobile/lab1_ws/src/lab1_1/install/lab1_1/share/lab1_1/models/turtlebot3_world/model.config
-- Installing: /home/phet/lab1_mobile/lab1_ws/src/lab1_1/install/lab1_1/share/lab1_1/models/turtlebot3_world/model-1_4.sdf
-- Installing: /home/phet/lab1_mobile/lab1_ws/src/lab1_1/install/lab1_1/share/lab1_1/models/turtlebot3_house
-- Installing: /home/phet/lab1_mobile/lab1_ws/src/lab1_1/install/lab1_1/share/lab1_1/models/turtlebot3_house/model.sdf
-- Installing: /home/phet/lab1_mobile/lab1_ws/src/lab1_1/install/lab1_1/share/lab1_1/models/turtlebot3_house/model.config
-- Installing: /home/phet/lab1_mobile/lab1_ws/src/lab1_1/install/lab1_1/share/lab1_1/models/test_plane
-- Installing: /home/phet/lab1_mobile/lab1_ws/src/lab1_1/install/lab1_1/share/lab1_1/models/test_plane/model.sdf
-- Installing: /home/phet/lab1_mobile/lab1_ws/src/lab1_1/install/lab1_1/share/lab1_1/models/test_plane/meshes
-- Installing: /home/phet/lab1_mobile/lab1_ws/src/lab1_1/install/lab1_1/share/lab1_1/models/test_plane/meshes/texture_07.png
-- Installing: /home/phet/lab1_mobile/lab1_ws/src/lab1_1/install/lab1_1/share/lab1_1/models/test_plane/meshes/test_plane_v2.dae
-- Installing: /home/phet/lab1_mobile/lab1_ws/src/lab1_1/install/lab1_1/share/lab1_1/models/test_plane/meshes/test_plane.dae
-- Installing: /home/phet/lab1_mobile/lab1_ws/src/lab1_1/install/lab1_1/share/lab1_1/models/test_plane/model.config
-- Installing: /home/phet/lab1_mobile/lab1_ws/src/lab1_1/install/lab1_1/share/lab1_1/models/turtlebot3_room
-- Installing: /home/phet/lab1_mobile/lab1_ws/src/lab1_1/install/lab1_1/share/lab1_1/models/turtlebot3_room/model.sdf
-- Installing: /home/phet/lab1_mobile/lab1_ws/src/lab1_1/install/lab1_1/share/lab1_1/models/turtlebot3_room/troom.blend1
-- Installing: /home/phet/lab1_mobile/lab1_ws/src/lab1_1/install/lab1_1/share/lab1_1/models/turtlebot3_room/meshes
-- Installing: /home/phet/lab1_mobile/lab1_ws/src/lab1_1/install/lab1_1/share/lab1_1/models/turtlebot3_room/meshes/room_texture.png
-- Installing: /home/phet/lab1_mobile/lab1_ws/src/lab1_1/install/lab1_1/share/lab1_1/models/turtlebot3_room/meshes/turtleroom_v2.dae
-- Installing: /home/phet/lab1_mobile/lab1_ws/src/lab1_1/install/lab1_1/share/lab1_1/models/turtlebot3_room/meshes/room.stl
-- Installing: /home/phet/lab1_mobile/lab1_ws/src/lab1_1/install/lab1_1/share/lab1_1/models/turtlebot3_room/meshes/hexagon.dae
-- Installing: /home/phet/lab1_mobile/lab1_ws/src/lab1_1/install/lab1_1/share/lab1_1/models/turtlebot3_room/meshes/wall.dae
-- Installing: /home/phet/lab1_mobile/lab1_ws/src/lab1_1/install/lab1_1/share/lab1_1/models/turtlebot3_room/model.config
-- Installing: /home/phet/lab1_mobile/lab1_ws/src/lab1_1/install/lab1_1/share/lab1_1/models/turtlebot3_room/troom.blend
-- Installing: /home/phet/lab1_mobile/lab1_ws/src/lab1_1/install/lab1_1/share/lab1_1/models/perception_lab
-- Installing: /home/phet/lab1_mobile/lab1_ws/src/lab1_1/install/lab1_1/share/lab1_1/models/perception_lab/model.sdf
-- Installing: /home/phet/lab1_mobile/lab1_ws/src/lab1_1/install/lab1_1/share/lab1_1/models/perception_lab/meshes
-- Installing: /home/phet/lab1_mobile/lab1_ws/src/lab1_1/install/lab1_1/share/lab1_1/models/perception_lab/meshes/perception_plane_v2.dae
-- Installing: /home/phet/lab1_mobile/lab1_ws/src/lab1_1/install/lab1_1/share/lab1_1/models/perception_lab/meshes/perception_plane_v2_HD.dae
-- Installing: /home/phet/lab1_mobile/lab1_ws/src/lab1_1/install/lab1_1/share/lab1_1/models/perception_lab/meshes/prototype_HD.png
-- Installing: /home/phet/lab1_mobile/lab1_ws/src/lab1_1/install/lab1_1/share/lab1_1/models/perception_lab/meshes/prototype.png
-- Installing: /home/phet/lab1_mobile/lab1_ws/src/lab1_1/install/lab1_1/share/lab1_1/models/perception_lab/meshes/perception_lab.stl
-- Installing: /home/phet/lab1_mobile/lab1_ws/src/lab1_1/install/lab1_1/share/lab1_1/models/perception_lab/model.config
-- Installing: /home/phet/lab1_mobile/lab1_ws/src/lab1_1/install/lab1_1/share/lab1_1/models/office
-- Installing: /home/phet/lab1_mobile/lab1_ws/src/lab1_1/install/lab1_1/share/lab1_1/models/office/model.sdf
-- Installing: /home/phet/lab1_mobile/lab1_ws/src/lab1_1/install/lab1_1/share/lab1_1/models/office/meshes
-- Installing: /home/phet/lab1_mobile/lab1_ws/src/lab1_1/install/lab1_1/share/lab1_1/models/office/meshes/02_-_Default_baseColor.jpg
-- Installing: /home/phet/lab1_mobile/lab1_ws/src/lab1_1/install/lab1_1/share/lab1_1/models/office/meshes/Projector_baseColor.jpg
-- Installing: /home/phet/lab1_mobile/lab1_ws/src/lab1_1/install/lab1_1/share/lab1_1/models/office/meshes/Flowers_baseColor_scale1.jpg
-- Installing: /home/phet/lab1_mobile/lab1_ws/src/lab1_1/install/lab1_1/share/lab1_1/models/office/meshes/Poster_office_2_baseColor.jpg
-- Installing: /home/phet/lab1_mobile/lab1_ws/src/lab1_1/install/lab1_1/share/lab1_1/models/office/meshes/office.dae
-- Installing: /home/phet/lab1_mobile/lab1_ws/src/lab1_1/install/lab1_1/share/lab1_1/models/office/meshes/Poster_office_baseColor.jpg
-- Installing: /home/phet/lab1_mobile/lab1_ws/src/lab1_1/install/lab1_1/share/lab1_1/models/office/meshes/Poster_cert.002_baseColor.jpg
-- Installing: /home/phet/lab1_mobile/lab1_ws/src/lab1_1/install/lab1_1/share/lab1_1/models/office/meshes/Poster_cert_baseColor.jpg
-- Installing: /home/phet/lab1_mobile/lab1_ws/src/lab1_1/install/lab1_1/share/lab1_1/models/office/meshes/floor.001_baseColor.jpg
-- Installing: /home/phet/lab1_mobile/lab1_ws/src/lab1_1/install/lab1_1/share/lab1_1/models/office/meshes/Poster_Pam_baseColor.jpg
-- Installing: /home/phet/lab1_mobile/lab1_ws/src/lab1_1/install/lab1_1/share/lab1_1/models/office/meshes/Office_Chair_baseColor.jpg
-- Installing: /home/phet/lab1_mobile/lab1_ws/src/lab1_1/install/lab1_1/share/lab1_1/models/office/meshes/01_-_Default_baseColor.jpg
-- Installing: /home/phet/lab1_mobile/lab1_ws/src/lab1_1/install/lab1_1/share/lab1_1/models/office/meshes/Poster_cert.001_baseColor.jpg
-- Installing: /home/phet/lab1_mobile/lab1_ws/src/lab1_1/install/lab1_1/share/lab1_1/models/office/meshes/Material_27_baseColor.jpg
-- Installing: /home/phet/lab1_mobile/lab1_ws/src/lab1_1/install/lab1_1/share/lab1_1/models/office/meshes/Poster_office_3_baseColor.jpg
-- Installing: /home/phet/lab1_mobile/lab1_ws/src/lab1_1/install/lab1_1/share/lab1_1/models/office/meshes/office.stl
-- Installing: /home/phet/lab1_mobile/lab1_ws/src/lab1_1/install/lab1_1/share/lab1_1/models/office/meshes/Coffee_baseColor.jpg
-- Installing: /home/phet/lab1_mobile/lab1_ws/src/lab1_1/install/lab1_1/share/lab1_1/models/office/meshes/Fronds_baseColor.jpg
-- Installing: /home/phet/lab1_mobile/lab1_ws/src/lab1_1/install/lab1_1/share/lab1_1/models/office/meshes/wood.005_baseColor.jpg
-- Installing: /home/phet/lab1_mobile/lab1_ws/src/lab1_1/install/lab1_1/share/lab1_1/models/office/model.config
-- Installing: /home/phet/lab1_mobile/lab1_ws/src/lab1_1/install/lab1_1/share/lab1_1/models/office/blender
-- Installing: /home/phet/lab1_mobile/lab1_ws/src/lab1_1/install/lab1_1/share/lab1_1/models/office/blender/kimbiniraw.blend
-- Installing: /home/phet/lab1_mobile/lab1_ws/src/lab1_1/install/lab1_1/share/lab1_1/models/office/blender/kombini1.blend
-- Installing: /home/phet/lab1_mobile/lab1_ws/src/lab1_1/install/lab1_1/share/lab1_1/models/office/blender/kombini1.blend1
-- Installing: /home/phet/lab1_mobile/lab1_ws/src/lab1_1/install/lab1_1/share/lab1_1/models/perception_table
-- Installing: /home/phet/lab1_mobile/lab1_ws/src/lab1_1/install/lab1_1/share/lab1_1/models/perception_table/model.sdf
-- Installing: /home/phet/lab1_mobile/lab1_ws/src/lab1_1/install/lab1_1/share/lab1_1/models/perception_table/model.config
-- Installing: /home/phet/lab1_mobile/lab1_ws/src/lab1_1/install/lab1_1/share/lab1_1/models/circuit
-- Installing: /home/phet/lab1_mobile/lab1_ws/src/lab1_1/install/lab1_1/share/lab1_1/models/circuit/model.sdf
-- Installing: /home/phet/lab1_mobile/lab1_ws/src/lab1_1/install/lab1_1/share/lab1_1/models/circuit/meshes
-- Installing: /home/phet/lab1_mobile/lab1_ws/src/lab1_1/install/lab1_1/share/lab1_1/models/circuit/meshes/circuit.dae
-- Installing: /home/phet/lab1_mobile/lab1_ws/src/lab1_1/install/lab1_1/share/lab1_1/models/circuit/meshes/circuit.stl
-- Installing: /home/phet/lab1_mobile/lab1_ws/src/lab1_1/install/lab1_1/share/lab1_1/models/circuit/meshes/circuit_texture.png
-- Installing: /home/phet/lab1_mobile/lab1_ws/src/lab1_1/install/lab1_1/share/lab1_1/models/circuit/model.config
-- Installing: /home/phet/lab1_mobile/lab1_ws/src/lab1_1/install/lab1_1/share/lab1_1/models/turtlebot3_dqn_world
-- Installing: /home/phet/lab1_mobile/lab1_ws/src/lab1_1/install/lab1_1/share/lab1_1/models/turtlebot3_dqn_world/goal_box
-- Installing: /home/phet/lab1_mobile/lab1_ws/src/lab1_1/install/lab1_1/share/lab1_1/models/turtlebot3_dqn_world/goal_box/model.sdf
-- Installing: /home/phet/lab1_mobile/lab1_ws/src/lab1_1/install/lab1_1/share/lab1_1/models/turtlebot3_dqn_world/goal_box/model.config
-- Installing: /home/phet/lab1_mobile/lab1_ws/src/lab1_1/install/lab1_1/share/lab1_1/models/turtlebot3_dqn_world/obstacle2
-- Installing: /home/phet/lab1_mobile/lab1_ws/src/lab1_1/install/lab1_1/share/lab1_1/models/turtlebot3_dqn_world/obstacle2/model.sdf
-- Installing: /home/phet/lab1_mobile/lab1_ws/src/lab1_1/install/lab1_1/share/lab1_1/models/turtlebot3_dqn_world/obstacle2/model.config
-- Installing: /home/phet/lab1_mobile/lab1_ws/src/lab1_1/install/lab1_1/share/lab1_1/models/turtlebot3_dqn_world/obstacles
-- Installing: /home/phet/lab1_mobile/lab1_ws/src/lab1_1/install/lab1_1/share/lab1_1/models/turtlebot3_dqn_world/obstacles/model.sdf
-- Installing: /home/phet/lab1_mobile/lab1_ws/src/lab1_1/install/lab1_1/share/lab1_1/models/turtlebot3_dqn_world/obstacles/model.config
-- Installing: /home/phet/lab1_mobile/lab1_ws/src/lab1_1/install/lab1_1/share/lab1_1/models/turtlebot3_dqn_world/model.sdf
-- Installing: /home/phet/lab1_mobile/lab1_ws/src/lab1_1/install/lab1_1/share/lab1_1/models/turtlebot3_dqn_world/inner_walls
-- Installing: /home/phet/lab1_mobile/lab1_ws/src/lab1_1/install/lab1_1/share/lab1_1/models/turtlebot3_dqn_world/inner_walls/model.sdf
-- Installing: /home/phet/lab1_mobile/lab1_ws/src/lab1_1/install/lab1_1/share/lab1_1/models/turtlebot3_dqn_world/inner_walls/model.config
-- Installing: /home/phet/lab1_mobile/lab1_ws/src/lab1_1/install/lab1_1/share/lab1_1/models/turtlebot3_dqn_world/obstacle_plugin
-- Installing: /home/phet/lab1_mobile/lab1_ws/src/lab1_1/install/lab1_1/share/lab1_1/models/turtlebot3_dqn_world/obstacle_plugin/CMakeLists.txt
-- Installing: /home/phet/lab1_mobile/lab1_ws/src/lab1_1/install/lab1_1/share/lab1_1/models/turtlebot3_dqn_world/obstacle_plugin/obstacle2.cc
-- Installing: /home/phet/lab1_mobile/lab1_ws/src/lab1_1/install/lab1_1/share/lab1_1/models/turtlebot3_dqn_world/obstacle_plugin/obstacle1.cc
-- Installing: /home/phet/lab1_mobile/lab1_ws/src/lab1_1/install/lab1_1/share/lab1_1/models/turtlebot3_dqn_world/obstacle_plugin/obstacles.cc
-- Installing: /home/phet/lab1_mobile/lab1_ws/src/lab1_1/install/lab1_1/share/lab1_1/models/turtlebot3_dqn_world/model.config
-- Installing: /home/phet/lab1_mobile/lab1_ws/src/lab1_1/install/lab1_1/share/lab1_1/models/turtlebot3_dqn_world/obstacle1
-- Installing: /home/phet/lab1_mobile/lab1_ws/src/lab1_1/install/lab1_1/share/lab1_1/models/turtlebot3_dqn_world/obstacle1/model.sdf
-- Installing: /home/phet/lab1_mobile/lab1_ws/src/lab1_1/install/lab1_1/share/lab1_1/models/turtlebot3_dqn_world/obstacle1/model.config
-- Installing: /home/phet/lab1_mobile/lab1_ws/src/lab1_1/install/lab1_1/share/lab1_1/models/plane
-- Installing: /home/phet/lab1_mobile/lab1_ws/src/lab1_1/install/lab1_1/share/lab1_1/models/plane/model.sdf
-- Installing: /home/phet/lab1_mobile/lab1_ws/src/lab1_1/install/lab1_1/share/lab1_1/models/plane/model.config
-- Installing: /home/phet/lab1_mobile/lab1_ws/src/lab1_1/install/lab1_1/share/lab1_1/models/plane/materials
-- Installing: /home/phet/lab1_mobile/lab1_ws/src/lab1_1/install/lab1_1/share/lab1_1/models/plane/materials/textures
-- Installing: /home/phet/lab1_mobile/lab1_ws/src/lab1_1/install/lab1_1/share/lab1_1/models/plane/materials/textures/sand.jpeg
-- Installing: /home/phet/lab1_mobile/lab1_ws/src/lab1_1/install/lab1_1/share/lab1_1/models/plane/materials/scripts
-- Installing: /home/phet/lab1_mobile/lab1_ws/src/lab1_1/install/lab1_1/share/lab1_1/models/plane/materials/scripts/plane.material
-- Installing: /home/phet/lab1_mobile/lab1_ws/src/lab1_1/install/lab1_1/share/lab1_1/models/robotics_gym
-- Installing: /home/phet/lab1_mobile/lab1_ws/src/lab1_1/install/lab1_1/share/lab1_1/models/robotics_gym/model.sdf
-- Installing: /home/phet/lab1_mobile/lab1_ws/src/lab1_1/install/lab1_1/share/lab1_1/models/robotics_gym/meshes
-- Installing: /home/phet/lab1_mobile/lab1_ws/src/lab1_1/install/lab1_1/share/lab1_1/models/robotics_gym/meshes/my_robotics_gym.dae
-- Installing: /home/phet/lab1_mobile/lab1_ws/src/lab1_1/install/lab1_1/share/lab1_1/models/robotics_gym/thumbnails
-- Installing: /home/phet/lab1_mobile/lab1_ws/src/lab1_1/install/lab1_1/share/lab1_1/models/robotics_gym/thumbnails/1.jpg
-- Installing: /home/phet/lab1_mobile/lab1_ws/src/lab1_1/install/lab1_1/share/lab1_1/models/robotics_gym/model.config
-- Installing: /home/phet/lab1_mobile/lab1_ws/src/lab1_1/install/lab1_1/share/lab1_1/models/demo_cube
-- Installing: /home/phet/lab1_mobile/lab1_ws/src/lab1_1/install/lab1_1/share/lab1_1/models/demo_cube/model.sdf
-- Installing: /home/phet/lab1_mobile/lab1_ws/src/lab1_1/install/lab1_1/share/lab1_1/models/demo_cube/model.config
-- Installing: /home/phet/lab1_mobile/lab1_ws/src/lab1_1/install/lab1_1/share/lab1_1/meshes
-- Installing: /home/phet/lab1_mobile/lab1_ws/src/lab1_1/install/lab1_1/share/lab1_1/meshes/sidescreentexture.png
-- Installing: /home/phet/lab1_mobile/lab1_ws/src/lab1_1/install/lab1_1/share/lab1_1/meshes/arrow_texture.png
-- Installing: /home/phet/lab1_mobile/lab1_ws/src/lab1_1/install/lab1_1/share/lab1_1/meshes/limo_optimal_wheels.dae
-- Installing: /home/phet/lab1_mobile/lab1_ws/src/lab1_1/install/lab1_1/share/lab1_1/meshes/rotw2_rviz.png
-- Installing: /home/phet/lab1_mobile/lab1_ws/src/lab1_1/install/lab1_1/share/lab1_1/meshes/lcd_screen_texture.png
-- Installing: /home/phet/lab1_mobile/lab1_ws/src/lab1_1/install/lab1_1/share/lab1_1/meshes/limo_base.dae
-- Installing: /home/phet/lab1_mobile/lab1_ws/src/lab1_1/install/lab1_1/share/lab1_1/meshes/limo_base.stl
-- Installing: /home/phet/lab1_mobile/lab1_ws/src/lab1_1/install/lab1_1/share/lab1_1/meshes/limo_texture.png
-- Installing: /home/phet/lab1_mobile/lab1_ws/src/lab1_1/install/lab1_1/share/lab1_1/meshes/face.png
-- Installing: /home/phet/lab1_mobile/lab1_ws/src/lab1_1/install/lab1_1/share/lab1_1/meshes/steering.dae
-- Installing: /home/phet/lab1_mobile/lab1_ws/src/lab1_1/install/lab1_1/share/lab1_1/meshes/limo_wheel.stl
-- Installing: /home/phet/lab1_mobile/lab1_ws/src/lab1_1/install/lab1_1/share/lab1_1/meshes/limo_wheel.dae
-- Installing: /home/phet/lab1_mobile/lab1_ws/src/lab1_1/install/lab1_1/share/lab1_1/meshes/steering_texture.png
-- Installing: /home/phet/lab1_mobile/lab1_ws/src/lab1_1/install/lab1_1/share/lab1_1/meshes/limo_optimal.dae
-- Installing: /home/phet/lab1_mobile/lab1_ws/src/lab1_1/install/lab1_1/share/lab1_1/worlds
-- Installing: /home/phet/lab1_mobile/lab1_ws/src/lab1_1/install/lab1_1/share/lab1_1/worlds/basic.world
-- Installing: /home/phet/lab1_mobile/lab1_ws/src/lab1_1/install/lab1_1/share/lab1_1/launch
-- Installing: /home/phet/lab1_mobile/lab1_ws/src/lab1_1/install/lab1_1/share/lab1_1/launch/world.launch.py
-- Installing: /home/phet/lab1_mobile/lab1_ws/src/lab1_1/install/lab1_1/share/lab1_1/launch/spawn_robot.launch.py
-- Installing: /home/phet/lab1_mobile/lab1_ws/src/lab1_1/install/lab1_1/share/lab1_1/scripts
-- Installing: /home/phet/lab1_mobile/lab1_ws/src/lab1_1/install/lab1_1/share/lab1_1/scripts/tf_publisher.py
-- Installing: /home/phet/lab1_mobile/lab1_ws/src/lab1_1/install/lab1_1/share/lab1_1/scripts/no_slip_model.py
-- Installing: /home/phet/lab1_mobile/lab1_ws/src/lab1_1/install/lab1_1/share/lab1_1/scripts/basic_model.py
-- Installing: /home/phet/lab1_mobile/lab1_ws/src/lab1_1/install/lab1_1/share/lab1_1/scripts/yaw_rate.py
-- Installing: /home/phet/lab1_mobile/lab1_ws/src/lab1_1/install/lab1_1/share/lab1_1/descriptions
-- Installing: /home/phet/lab1_mobile/lab1_ws/src/lab1_1/install/lab1_1/share/lab1_1/descriptions/robot.urdf
-- Installing: /home/phet/lab1_mobile/lab1_ws/src/lab1_1/install/lab1_1/share/ament_index/resource_index/package_run_dependencies/lab1_1
-- Installing: /home/phet/lab1_mobile/lab1_ws/src/lab1_1/install/lab1_1/share/ament_index/resource_index/parent_prefix_path/lab1_1
-- Installing: /home/phet/lab1_mobile/lab1_ws/src/lab1_1/install/lab1_1/share/lab1_1/environment/ament_prefix_path.sh
-- Installing: /home/phet/lab1_mobile/lab1_ws/src/lab1_1/install/lab1_1/share/lab1_1/environment/ament_prefix_path.dsv
-- Installing: /home/phet/lab1_mobile/lab1_ws/src/lab1_1/install/lab1_1/share/lab1_1/environment/path.sh
-- Installing: /home/phet/lab1_mobile/lab1_ws/src/lab1_1/install/lab1_1/share/lab1_1/environment/path.dsv
-- Installing: /home/phet/lab1_mobile/lab1_ws/src/lab1_1/install/lab1_1/share/lab1_1/local_setup.bash
-- Installing: /home/phet/lab1_mobile/lab1_ws/src/lab1_1/install/lab1_1/share/lab1_1/local_setup.sh
-- Installing: /home/phet/lab1_mobile/lab1_ws/src/lab1_1/install/lab1_1/share/lab1_1/local_setup.zsh
-- Installing: /home/phet/lab1_mobile/lab1_ws/src/lab1_1/install/lab1_1/share/lab1_1/local_setup.dsv
-- Installing: /home/phet/lab1_mobile/lab1_ws/src/lab1_1/install/lab1_1/share/lab1_1/package.dsv
-- Installing: /home/phet/lab1_mobile/lab1_ws/src/lab1_1/install/lab1_1/share/ament_index/resource_index/packages/lab1_1
-- Installing: /home/phet/lab1_mobile/lab1_ws/src/lab1_1/install/lab1_1/share/lab1_1/cmake/lab1_1Config.cmake
-- Installing: /home/phet/lab1_mobile/lab1_ws/src/lab1_1/install/lab1_1/share/lab1_1/cmake/lab1_1Config-version.cmake
-- Installing: /home/phet/lab1_mobile/lab1_ws/src/lab1_1/install/lab1_1/share/lab1_1/package.xml
