[100%] Built target cpp_node_test
[100%] Built target ament_cmake_python_copy_lab1_2
running egg_info
writing lab1_2.egg-info/PKG-INFO
writing dependency_links to lab1_2.egg-info/dependency_links.txt
writing top-level names to lab1_2.egg-info/top_level.txt
reading manifest file 'lab1_2.egg-info/SOURCES.txt'
writing manifest file 'lab1_2.egg-info/SOURCES.txt'
[100%] Built target ament_cmake_python_build_lab1_2_egg
-- Install configuration: ""
-- Up-to-date: /home/tadtawan/mobile_robot/lab1_ws/install/lab1_2/share/lab1_2/environment/pythonpath.sh
-- Up-to-date: /home/tadtawan/mobile_robot/lab1_ws/install/lab1_2/share/lab1_2/environment/pythonpath.dsv
-- Up-to-date: /home/tadtawan/mobile_robot/lab1_ws/install/lab1_2/local/lib/python3.10/dist-packages/lab1_2-0.0.0-py3.10.egg-info
-- Installing: /home/tadtawan/mobile_robot/lab1_ws/install/lab1_2/local/lib/python3.10/dist-packages/lab1_2-0.0.0-py3.10.egg-info/top_level.txt
-- Installing: /home/tadtawan/mobile_robot/lab1_ws/install/lab1_2/local/lib/python3.10/dist-packages/lab1_2-0.0.0-py3.10.egg-info/dependency_links.txt
-- Installing: /home/tadtawan/mobile_robot/lab1_ws/install/lab1_2/local/lib/python3.10/dist-packages/lab1_2-0.0.0-py3.10.egg-info/SOURCES.txt
-- Installing: /home/tadtawan/mobile_robot/lab1_ws/install/lab1_2/local/lib/python3.10/dist-packages/lab1_2-0.0.0-py3.10.egg-info/PKG-INFO
-- Up-to-date: /home/tadtawan/mobile_robot/lab1_ws/install/lab1_2/local/lib/python3.10/dist-packages/lab1_2
-- Up-to-date: /home/tadtawan/mobile_robot/lab1_ws/install/lab1_2/local/lib/python3.10/dist-packages/lab1_2/__init__.py
-- Up-to-date: /home/tadtawan/mobile_robot/lab1_ws/install/lab1_2/local/lib/python3.10/dist-packages/lab1_2/dummy_module.py
Listing '/home/tadtawan/mobile_robot/lab1_ws/install/lab1_2/local/lib/python3.10/dist-packages/lab1_2'...
-- Up-to-date: /home/tadtawan/mobile_robot/lab1_ws/install/lab1_2/lib/lab1_2/dummy_script.py
-- Up-to-date: /home/tadtawan/mobile_robot/lab1_ws/install/lab1_2/lib/lab1_2/pid.py
-- Up-to-date: /home/tadtawan/mobile_robot/lab1_ws/install/lab1_2/lib/lab1_2/pure_pursuit.py
-- Up-to-date: /home/tadtawan/mobile_robot/lab1_ws/install/lab1_2/lib/lab1_2/cpp_node_test
-- Up-to-date: /home/tadtawan/mobile_robot/lab1_ws/install/lab1_2/share/lab1_2/config
-- Up-to-date: /home/tadtawan/mobile_robot/lab1_ws/install/lab1_2/share/lab1_2/config/path.yaml
-- Up-to-date: /home/tadtawan/mobile_robot/lab1_ws/install/lab1_2/share/ament_index/resource_index/package_run_dependencies/lab1_2
-- Up-to-date: /home/tadtawan/mobile_robot/lab1_ws/install/lab1_2/share/ament_index/resource_index/parent_prefix_path/lab1_2
-- Up-to-date: /home/tadtawan/mobile_robot/lab1_ws/install/lab1_2/share/lab1_2/environment/ament_prefix_path.sh
-- Up-to-date: /home/tadtawan/mobile_robot/lab1_ws/install/lab1_2/share/lab1_2/environment/ament_prefix_path.dsv
-- Up-to-date: /home/tadtawan/mobile_robot/lab1_ws/install/lab1_2/share/lab1_2/environment/path.sh
-- Up-to-date: /home/tadtawan/mobile_robot/lab1_ws/install/lab1_2/share/lab1_2/environment/path.dsv
-- Up-to-date: /home/tadtawan/mobile_robot/lab1_ws/install/lab1_2/share/lab1_2/local_setup.bash
-- Up-to-date: /home/tadtawan/mobile_robot/lab1_ws/install/lab1_2/share/lab1_2/local_setup.sh
-- Up-to-date: /home/tadtawan/mobile_robot/lab1_ws/install/lab1_2/share/lab1_2/local_setup.zsh
-- Up-to-date: /home/tadtawan/mobile_robot/lab1_ws/install/lab1_2/share/lab1_2/local_setup.dsv
-- Installing: /home/tadtawan/mobile_robot/lab1_ws/install/lab1_2/share/lab1_2/package.dsv
-- Up-to-date: /home/tadtawan/mobile_robot/lab1_ws/install/lab1_2/share/ament_index/resource_index/packages/lab1_2
-- Up-to-date: /home/tadtawan/mobile_robot/lab1_ws/install/lab1_2/share/lab1_2/cmake/lab1_2Config.cmake
-- Up-to-date: /home/tadtawan/mobile_robot/lab1_ws/install/lab1_2/share/lab1_2/cmake/lab1_2Config-version.cmake
-- Up-to-date: /home/tadtawan/mobile_robot/lab1_ws/install/lab1_2/share/lab1_2/package.xml
