[0.007s] Invoking command in '/home/tadtawan/mobile_robot/lab1_ws/build/lab1_2': CMAKE_PREFIX_PATH=${CMAKE_PREFIX_PATH}:/home/tadtawan/fra532_lecture5_ws/install/mir_driver:/home/tadtawan/fra532_lecture5_ws/install/twist_stamper:/home/tadtawan/fra532_lecture5_ws/install/mir_restapi:/opt/ros/humble /usr/bin/cmake /home/tadtawan/mobile_robot/lab1_ws/src/lab1_2 -DCMAKE_INSTALL_PREFIX=/home/tadtawan/mobile_robot/lab1_ws/install/lab1_2
[0.040s] -- The C compiler identification is GNU 11.4.0
[0.074s] -- The CXX compiler identification is GNU 11.4.0
[0.079s] -- Detecting C compiler ABI info
[0.125s] -- Detecting C compiler ABI info - done
[0.130s] -- Check for working C compiler: /usr/bin/cc - skipped
[0.130s] -- Detecting C compile features
[0.130s] -- Detecting C compile features - done
[0.132s] -- Detecting CXX compiler ABI info
[0.180s] -- Detecting CXX compiler ABI info - done
[0.185s] -- Check for working CXX compiler: /usr/bin/c++ - skipped
[0.185s] -- Detecting CXX compile features
[0.185s] -- Detecting CXX compile features - done
[0.187s] -- Found ament_cmake: 1.3.11 (/opt/ros/humble/share/ament_cmake/cmake)
[0.287s] -- Found Python3: /usr/bin/python3 (found version "3.10.12") found components: Interpreter 
[0.351s] -- Found rclcpp: 16.0.11 (/opt/ros/humble/share/rclcpp/cmake)
[0.381s] -- Found rosidl_generator_c: 3.1.6 (/opt/ros/humble/share/rosidl_generator_c/cmake)
[0.385s] -- Found rosidl_adapter: 3.1.6 (/opt/ros/humble/share/rosidl_adapter/cmake)
[0.391s] -- Found rosidl_generator_cpp: 3.1.6 (/opt/ros/humble/share/rosidl_generator_cpp/cmake)
[0.400s] -- Using all available rosidl_typesupport_c: rosidl_typesupport_fastrtps_c;rosidl_typesupport_introspection_c
[0.412s] -- Using all available rosidl_typesupport_cpp: rosidl_typesupport_fastrtps_cpp;rosidl_typesupport_introspection_cpp
[0.444s] -- Found rmw_implementation_cmake: 6.1.2 (/opt/ros/humble/share/rmw_implementation_cmake/cmake)
[0.447s] -- Found rmw_fastrtps_cpp: 6.2.7 (/opt/ros/humble/share/rmw_fastrtps_cpp/cmake)
[0.501s] -- Found OpenSSL: /usr/lib/x86_64-linux-gnu/libcrypto.so (found version "3.0.2")  
[0.519s] -- Found FastRTPS: /opt/ros/humble/include  
[0.550s] -- Using RMW implementation 'rmw_fastrtps_cpp' as default
[0.554s] -- Looking for pthread.h
[0.599s] -- Looking for pthread.h - found
[0.599s] -- Performing Test CMAKE_HAVE_LIBC_PTHREAD
[0.648s] -- Performing Test CMAKE_HAVE_LIBC_PTHREAD - Success
[0.649s] -- Found Threads: TRUE  
[0.682s] -- Found rclpy: 3.3.15 (/opt/ros/humble/share/rclpy/cmake)
[0.777s] -- Configuring done
[0.782s] -- Generating done
[0.785s] -- Build files have been written to: /home/tadtawan/mobile_robot/lab1_ws/build/lab1_2
[0.791s] Invoked command in '/home/tadtawan/mobile_robot/lab1_ws/build/lab1_2' returned '0': CMAKE_PREFIX_PATH=${CMAKE_PREFIX_PATH}:/home/tadtawan/fra532_lecture5_ws/install/mir_driver:/home/tadtawan/fra532_lecture5_ws/install/twist_stamper:/home/tadtawan/fra532_lecture5_ws/install/mir_restapi:/opt/ros/humble /usr/bin/cmake /home/tadtawan/mobile_robot/lab1_ws/src/lab1_2 -DCMAKE_INSTALL_PREFIX=/home/tadtawan/mobile_robot/lab1_ws/install/lab1_2
[0.792s] Invoking command in '/home/tadtawan/mobile_robot/lab1_ws/build/lab1_2': CMAKE_PREFIX_PATH=${CMAKE_PREFIX_PATH}:/home/tadtawan/fra532_lecture5_ws/install/mir_driver:/home/tadtawan/fra532_lecture5_ws/install/twist_stamper:/home/tadtawan/fra532_lecture5_ws/install/mir_restapi:/opt/ros/humble /usr/bin/cmake --build /home/tadtawan/mobile_robot/lab1_ws/build/lab1_2 -- -j16 -l16
[0.820s] [ 50%] [32mBuilding CXX object CMakeFiles/cpp_node_test.dir/src/cpp_node.cpp.o[0m
[0.825s] [ 50%] Built target ament_cmake_python_copy_lab1_2
[0.997s] [100%] [32m[1mLinking CXX executable cpp_node_test[0m
[0.999s] running egg_info
[0.999s] creating lab1_2.egg-info
[0.999s] writing lab1_2.egg-info/PKG-INFO
[1.000s] writing dependency_links to lab1_2.egg-info/dependency_links.txt
[1.000s] writing top-level names to lab1_2.egg-info/top_level.txt
[1.000s] writing manifest file 'lab1_2.egg-info/SOURCES.txt'
[1.001s] reading manifest file 'lab1_2.egg-info/SOURCES.txt'
[1.002s] writing manifest file 'lab1_2.egg-info/SOURCES.txt'
[1.021s] [100%] Built target ament_cmake_python_build_lab1_2_egg
[1.058s] [100%] Built target cpp_node_test
[1.070s] Invoked command in '/home/tadtawan/mobile_robot/lab1_ws/build/lab1_2' returned '0': CMAKE_PREFIX_PATH=${CMAKE_PREFIX_PATH}:/home/tadtawan/fra532_lecture5_ws/install/mir_driver:/home/tadtawan/fra532_lecture5_ws/install/twist_stamper:/home/tadtawan/fra532_lecture5_ws/install/mir_restapi:/opt/ros/humble /usr/bin/cmake --build /home/tadtawan/mobile_robot/lab1_ws/build/lab1_2 -- -j16 -l16
[1.072s] Invoking command in '/home/tadtawan/mobile_robot/lab1_ws/build/lab1_2': CMAKE_PREFIX_PATH=${CMAKE_PREFIX_PATH}:/home/tadtawan/fra532_lecture5_ws/install/mir_driver:/home/tadtawan/fra532_lecture5_ws/install/twist_stamper:/home/tadtawan/fra532_lecture5_ws/install/mir_restapi:/opt/ros/humble /usr/bin/cmake --install /home/tadtawan/mobile_robot/lab1_ws/build/lab1_2
[1.075s] -- Install configuration: ""
[1.075s] -- Installing: /home/tadtawan/mobile_robot/lab1_ws/install/lab1_2/share/lab1_2/environment/pythonpath.sh
[1.076s] -- Installing: /home/tadtawan/mobile_robot/lab1_ws/install/lab1_2/share/lab1_2/environment/pythonpath.dsv
[1.076s] -- Installing: /home/tadtawan/mobile_robot/lab1_ws/install/lab1_2/local/lib/python3.10/dist-packages/lab1_2-0.0.0-py3.10.egg-info
[1.076s] -- Installing: /home/tadtawan/mobile_robot/lab1_ws/install/lab1_2/local/lib/python3.10/dist-packages/lab1_2-0.0.0-py3.10.egg-info/top_level.txt
[1.076s] -- Installing: /home/tadtawan/mobile_robot/lab1_ws/install/lab1_2/local/lib/python3.10/dist-packages/lab1_2-0.0.0-py3.10.egg-info/dependency_links.txt
[1.076s] -- Installing: /home/tadtawan/mobile_robot/lab1_ws/install/lab1_2/local/lib/python3.10/dist-packages/lab1_2-0.0.0-py3.10.egg-info/SOURCES.txt
[1.076s] -- Installing: /home/tadtawan/mobile_robot/lab1_ws/install/lab1_2/local/lib/python3.10/dist-packages/lab1_2-0.0.0-py3.10.egg-info/PKG-INFO
[1.076s] -- Installing: /home/tadtawan/mobile_robot/lab1_ws/install/lab1_2/local/lib/python3.10/dist-packages/lab1_2
[1.076s] -- Installing: /home/tadtawan/mobile_robot/lab1_ws/install/lab1_2/local/lib/python3.10/dist-packages/lab1_2/__init__.py
[1.076s] -- Installing: /home/tadtawan/mobile_robot/lab1_ws/install/lab1_2/local/lib/python3.10/dist-packages/lab1_2/dummy_module.py
[1.099s] Listing '/home/tadtawan/mobile_robot/lab1_ws/install/lab1_2/local/lib/python3.10/dist-packages/lab1_2'...
[1.099s] Compiling '/home/tadtawan/mobile_robot/lab1_ws/install/lab1_2/local/lib/python3.10/dist-packages/lab1_2/__init__.py'...
[1.099s] Compiling '/home/tadtawan/mobile_robot/lab1_ws/install/lab1_2/local/lib/python3.10/dist-packages/lab1_2/dummy_module.py'...
[1.102s] -- Installing: /home/tadtawan/mobile_robot/lab1_ws/install/lab1_2/lib/lab1_2/dummy_script.py
[1.102s] -- Installing: /home/tadtawan/mobile_robot/lab1_ws/install/lab1_2/lib/lab1_2/pid.py
[1.102s] -- Installing: /home/tadtawan/mobile_robot/lab1_ws/install/lab1_2/lib/lab1_2/pure_pursuit.py
[1.102s] -- Installing: /home/tadtawan/mobile_robot/lab1_ws/install/lab1_2/lib/lab1_2/cpp_node_test
[1.102s] -- Set runtime path of "/home/tadtawan/mobile_robot/lab1_ws/install/lab1_2/lib/lab1_2/cpp_node_test" to ""
[1.102s] -- Up-to-date: /home/tadtawan/mobile_robot/lab1_ws/install/lab1_2/share/lab1_2
[1.102s] -- Installing: /home/tadtawan/mobile_robot/lab1_ws/install/lab1_2/share/ament_index/resource_index/package_run_dependencies/lab1_2
[1.102s] -- Installing: /home/tadtawan/mobile_robot/lab1_ws/install/lab1_2/share/ament_index/resource_index/parent_prefix_path/lab1_2
[1.102s] -- Installing: /home/tadtawan/mobile_robot/lab1_ws/install/lab1_2/share/lab1_2/environment/ament_prefix_path.sh
[1.102s] -- Installing: /home/tadtawan/mobile_robot/lab1_ws/install/lab1_2/share/lab1_2/environment/ament_prefix_path.dsv
[1.102s] -- Installing: /home/tadtawan/mobile_robot/lab1_ws/install/lab1_2/share/lab1_2/environment/path.sh
[1.102s] -- Installing: /home/tadtawan/mobile_robot/lab1_ws/install/lab1_2/share/lab1_2/environment/path.dsv
[1.103s] -- Installing: /home/tadtawan/mobile_robot/lab1_ws/install/lab1_2/share/lab1_2/local_setup.bash
[1.103s] -- Installing: /home/tadtawan/mobile_robot/lab1_ws/install/lab1_2/share/lab1_2/local_setup.sh
[1.103s] -- Installing: /home/tadtawan/mobile_robot/lab1_ws/install/lab1_2/share/lab1_2/local_setup.zsh
[1.103s] -- Installing: /home/tadtawan/mobile_robot/lab1_ws/install/lab1_2/share/lab1_2/local_setup.dsv
[1.103s] -- Installing: /home/tadtawan/mobile_robot/lab1_ws/install/lab1_2/share/lab1_2/package.dsv
[1.103s] -- Installing: /home/tadtawan/mobile_robot/lab1_ws/install/lab1_2/share/ament_index/resource_index/packages/lab1_2
[1.103s] -- Installing: /home/tadtawan/mobile_robot/lab1_ws/install/lab1_2/share/lab1_2/cmake/lab1_2Config.cmake
[1.103s] -- Installing: /home/tadtawan/mobile_robot/lab1_ws/install/lab1_2/share/lab1_2/cmake/lab1_2Config-version.cmake
[1.103s] -- Installing: /home/tadtawan/mobile_robot/lab1_ws/install/lab1_2/share/lab1_2/package.xml
[1.104s] Invoked command in '/home/tadtawan/mobile_robot/lab1_ws/build/lab1_2' returned '0': CMAKE_PREFIX_PATH=${CMAKE_PREFIX_PATH}:/home/tadtawan/fra532_lecture5_ws/install/mir_driver:/home/tadtawan/fra532_lecture5_ws/install/twist_stamper:/home/tadtawan/fra532_lecture5_ws/install/mir_restapi:/opt/ros/humble /usr/bin/cmake --install /home/tadtawan/mobile_robot/lab1_ws/build/lab1_2
