[0.087s] DEBUG:colcon:Command line arguments: ['/usr/bin/colcon', 'build']
[0.087s] DEBUG:colcon:Parsed command line arguments: Namespace(log_base=None, log_level=None, verb_name='build', build_base='build', install_base='install', merge_install=False, symlink_install=False, test_result_base=None, continue_on_error=False, executor='parallel', parallel_workers=16, event_handlers=None, ignore_user_meta=False, metas=['./colcon.meta'], base_paths=['.'], packages_ignore=None, packages_ignore_regex=None, paths=None, packages_up_to=None, packages_up_to_regex=None, packages_above=None, packages_above_and_dependencies=None, packages_above_depth=None, packages_select_by_dep=None, packages_skip_by_dep=None, packages_skip_up_to=None, packages_select_build_failed=False, packages_skip_build_finished=False, packages_select_test_failures=False, packages_skip_test_passed=False, packages_select=None, packages_skip=None, packages_select_regex=None, packages_skip_regex=None, packages_start=None, packages_end=None, allow_overriding=[], cmake_args=None, cmake_target=None, cmake_target_skip_unavailable=False, cmake_clean_cache=False, cmake_clean_first=False, cmake_force_configure=False, ament_cmake_args=None, catkin_cmake_args=None, catkin_skip_building_tests=False, mixin_files=None, mixin=None, verb_parser=<colcon_mixin.mixin.mixin_argument.MixinArgumentDecorator object at 0x72c53ef56890>, verb_extension=<colcon_core.verb.build.BuildVerb object at 0x72c53f0977c0>, main=<bound method BuildVerb.main of <colcon_core.verb.build.BuildVerb object at 0x72c53f0977c0>>, mixin_verb=('build',))
[0.235s] Level 1:colcon.colcon_core.package_discovery:discover_packages(colcon_meta) check parameters
[0.235s] Level 1:colcon.colcon_core.package_discovery:discover_packages(recursive) check parameters
[0.235s] Level 1:colcon.colcon_core.package_discovery:discover_packages(ignore) check parameters
[0.235s] Level 1:colcon.colcon_core.package_discovery:discover_packages(path) check parameters
[0.235s] Level 1:colcon.colcon_core.package_discovery:discover_packages(colcon_meta) discover
[0.235s] Level 1:colcon.colcon_core.package_discovery:discover_packages(recursive) discover
[0.236s] INFO:colcon.colcon_core.package_discovery:Crawling recursively for packages in '/home/phet/lab1_mobile/lab1_ws/src/lab1_1'
[0.236s] Level 1:colcon.colcon_core.package_identification:_identify(.) by extensions ['ignore', 'ignore_ament_install']
[0.236s] Level 1:colcon.colcon_core.package_identification:_identify(.) by extension 'ignore'
[0.236s] Level 1:colcon.colcon_core.package_identification:_identify(.) by extension 'ignore_ament_install'
[0.236s] Level 1:colcon.colcon_core.package_identification:_identify(.) by extensions ['colcon_pkg']
[0.236s] Level 1:colcon.colcon_core.package_identification:_identify(.) by extension 'colcon_pkg'
[0.236s] Level 1:colcon.colcon_core.package_identification:_identify(.) by extensions ['colcon_meta']
[0.236s] Level 1:colcon.colcon_core.package_identification:_identify(.) by extension 'colcon_meta'
[0.236s] Level 1:colcon.colcon_core.package_identification:_identify(.) by extensions ['ros']
[0.236s] Level 1:colcon.colcon_core.package_identification:_identify(.) by extension 'ros'
[0.256s] DEBUG:colcon.colcon_core.package_identification:Package '.' with type 'ros.ament_cmake' and name 'lab1_1'
[0.256s] Level 1:colcon.colcon_core.package_discovery:discover_packages(recursive) using defaults
[0.256s] Level 1:colcon.colcon_core.package_discovery:discover_packages(ignore) discover
[0.256s] Level 1:colcon.colcon_core.package_discovery:discover_packages(ignore) using defaults
[0.256s] Level 1:colcon.colcon_core.package_discovery:discover_packages(path) discover
[0.256s] Level 1:colcon.colcon_core.package_discovery:discover_packages(path) using defaults
[0.271s] Level 1:colcon.colcon_core.package_discovery:discover_packages(prefix_path) check parameters
[0.271s] Level 1:colcon.colcon_core.package_discovery:discover_packages(prefix_path) discover
[0.273s] DEBUG:colcon.colcon_installed_package_information.package_discovery:Found 1 installed packages in /home/phet/lab1_mobile/install
[0.274s] DEBUG:colcon.colcon_installed_package_information.package_discovery:Found 4 installed packages in /home/phet/uros_ws/install
[0.274s] DEBUG:colcon.colcon_installed_package_information.package_discovery:Found 3 installed packages in /home/phet/fun4_38/install
[0.274s] DEBUG:colcon.colcon_installed_package_information.package_discovery:Found 1 installed packages in /home/phet/exam1_turtle/install
[0.274s] DEBUG:colcon.colcon_installed_package_information.package_discovery:Found 6 installed packages in /home/phet/robot_modelling/install
[0.275s] DEBUG:colcon.colcon_installed_package_information.package_discovery:Found 4 installed packages in /home/phet/robot_modelling/src/mycobot_ros2/install
[0.275s] DEBUG:colcon.colcon_installed_package_information.package_discovery:Found 9 installed packages in /home/phet/ros2_ws/install
[0.276s] DEBUG:colcon.colcon_installed_package_information.package_discovery:Found 3 installed packages in /home/phet/Exam1_ws/install
[0.276s] DEBUG:colcon.colcon_installed_package_information.package_discovery:Found 5 installed packages in /home/phet/install
[0.276s] DEBUG:colcon.colcon_installed_package_information.package_discovery:Found 3 installed packages in /home/phet/path_tracking_sim_ros2/install
[0.277s] DEBUG:colcon.colcon_installed_package_information.package_discovery:Found 1 installed packages in /home/phet/vertical_farm_robot/install
[0.277s] DEBUG:colcon.colcon_installed_package_information.package_discovery:Found 1 installed packages in /home/phet/articubot_one/install
[0.278s] DEBUG:colcon.colcon_installed_package_information.package_discovery:Found 495 installed packages in /opt/ros/humble
[0.280s] Level 1:colcon.colcon_core.package_discovery:discover_packages(prefix_path) using defaults
[0.321s] Level 5:colcon.colcon_core.verb:set package 'lab1_1' build argument 'cmake_args' from command line to 'None'
[0.321s] Level 5:colcon.colcon_core.verb:set package 'lab1_1' build argument 'cmake_target' from command line to 'None'
[0.321s] Level 5:colcon.colcon_core.verb:set package 'lab1_1' build argument 'cmake_target_skip_unavailable' from command line to 'False'
[0.321s] Level 5:colcon.colcon_core.verb:set package 'lab1_1' build argument 'cmake_clean_cache' from command line to 'False'
[0.321s] Level 5:colcon.colcon_core.verb:set package 'lab1_1' build argument 'cmake_clean_first' from command line to 'False'
[0.321s] Level 5:colcon.colcon_core.verb:set package 'lab1_1' build argument 'cmake_force_configure' from command line to 'False'
[0.321s] Level 5:colcon.colcon_core.verb:set package 'lab1_1' build argument 'ament_cmake_args' from command line to 'None'
[0.321s] Level 5:colcon.colcon_core.verb:set package 'lab1_1' build argument 'catkin_cmake_args' from command line to 'None'
[0.321s] Level 5:colcon.colcon_core.verb:set package 'lab1_1' build argument 'catkin_skip_building_tests' from command line to 'False'
[0.321s] DEBUG:colcon.colcon_core.verb:Building package 'lab1_1' with the following arguments: {'ament_cmake_args': None, 'build_base': '/home/phet/lab1_mobile/lab1_ws/src/lab1_1/build/lab1_1', 'catkin_cmake_args': None, 'catkin_skip_building_tests': False, 'cmake_args': None, 'cmake_clean_cache': False, 'cmake_clean_first': False, 'cmake_force_configure': False, 'cmake_target': None, 'cmake_target_skip_unavailable': False, 'install_base': '/home/phet/lab1_mobile/lab1_ws/src/lab1_1/install/lab1_1', 'merge_install': False, 'path': '/home/phet/lab1_mobile/lab1_ws/src/lab1_1', 'symlink_install': False, 'test_result_base': None}
[0.322s] INFO:colcon.colcon_core.executor:Executing jobs using 'parallel' executor
[0.322s] DEBUG:colcon.colcon_parallel_executor.executor.parallel:run_until_complete
[0.323s] INFO:colcon.colcon_ros.task.ament_cmake.build:Building ROS package in '/home/phet/lab1_mobile/lab1_ws/src/lab1_1' with build type 'ament_cmake'
[0.323s] INFO:colcon.colcon_cmake.task.cmake.build:Building CMake package in '/home/phet/lab1_mobile/lab1_ws/src/lab1_1'
[0.324s] INFO:colcon.colcon_core.plugin_system:Skipping extension 'colcon_core.shell.bat': Not used on non-Windows systems
[0.324s] INFO:colcon.colcon_core.shell:Skip shell extension 'powershell' for command environment: Not usable outside of PowerShell
[0.324s] DEBUG:colcon.colcon_core.shell:Skip shell extension 'dsv' for command environment
[0.338s] DEBUG:colcon.colcon_core.event_handler.log_command:Invoking command in '/home/phet/lab1_mobile/lab1_ws/src/lab1_1/build/lab1_1': CMAKE_PREFIX_PATH=${CMAKE_PREFIX_PATH}:/home/phet/install/examples_rclpy_minimal_action_server:/home/phet/install/examples_rclpy_minimal_action_client:/home/phet/install/examples_rclpy_guard_conditions:/home/phet/install/examples_rclpy_executors:/opt/ros/humble /usr/bin/cmake /home/phet/lab1_mobile/lab1_ws/src/lab1_1 -DCMAKE_INSTALL_PREFIX=/home/phet/lab1_mobile/lab1_ws/src/lab1_1/install/lab1_1
[1.766s] DEBUG:colcon.colcon_core.event_handler.log_command:Invoked command in '/home/phet/lab1_mobile/lab1_ws/src/lab1_1/build/lab1_1' returned '0': CMAKE_PREFIX_PATH=${CMAKE_PREFIX_PATH}:/home/phet/install/examples_rclpy_minimal_action_server:/home/phet/install/examples_rclpy_minimal_action_client:/home/phet/install/examples_rclpy_guard_conditions:/home/phet/install/examples_rclpy_executors:/opt/ros/humble /usr/bin/cmake /home/phet/lab1_mobile/lab1_ws/src/lab1_1 -DCMAKE_INSTALL_PREFIX=/home/phet/lab1_mobile/lab1_ws/src/lab1_1/install/lab1_1
[1.768s] DEBUG:colcon.colcon_core.event_handler.log_command:Invoking command in '/home/phet/lab1_mobile/lab1_ws/src/lab1_1/build/lab1_1': CMAKE_PREFIX_PATH=${CMAKE_PREFIX_PATH}:/home/phet/install/examples_rclpy_minimal_action_server:/home/phet/install/examples_rclpy_minimal_action_client:/home/phet/install/examples_rclpy_guard_conditions:/home/phet/install/examples_rclpy_executors:/opt/ros/humble /usr/bin/cmake --build /home/phet/lab1_mobile/lab1_ws/src/lab1_1/build/lab1_1 -- -j16 -l16
[2.116s] DEBUG:colcon.colcon_core.event_handler.log_command:Invoked command in '/home/phet/lab1_mobile/lab1_ws/src/lab1_1/build/lab1_1' returned '0': CMAKE_PREFIX_PATH=${CMAKE_PREFIX_PATH}:/home/phet/install/examples_rclpy_minimal_action_server:/home/phet/install/examples_rclpy_minimal_action_client:/home/phet/install/examples_rclpy_guard_conditions:/home/phet/install/examples_rclpy_executors:/opt/ros/humble /usr/bin/cmake --build /home/phet/lab1_mobile/lab1_ws/src/lab1_1/build/lab1_1 -- -j16 -l16
[2.125s] DEBUG:colcon.colcon_core.event_handler.log_command:Invoking command in '/home/phet/lab1_mobile/lab1_ws/src/lab1_1/build/lab1_1': CMAKE_PREFIX_PATH=${CMAKE_PREFIX_PATH}:/home/phet/install/examples_rclpy_minimal_action_server:/home/phet/install/examples_rclpy_minimal_action_client:/home/phet/install/examples_rclpy_guard_conditions:/home/phet/install/examples_rclpy_executors:/opt/ros/humble /usr/bin/cmake --install /home/phet/lab1_mobile/lab1_ws/src/lab1_1/build/lab1_1
[2.439s] Level 1:colcon.colcon_core.environment:create_environment_scripts_only(lab1_1)
[2.440s] DEBUG:colcon.colcon_core.event_handler.log_command:Invoked command in '/home/phet/lab1_mobile/lab1_ws/src/lab1_1/build/lab1_1' returned '0': CMAKE_PREFIX_PATH=${CMAKE_PREFIX_PATH}:/home/phet/install/examples_rclpy_minimal_action_server:/home/phet/install/examples_rclpy_minimal_action_client:/home/phet/install/examples_rclpy_guard_conditions:/home/phet/install/examples_rclpy_executors:/opt/ros/humble /usr/bin/cmake --install /home/phet/lab1_mobile/lab1_ws/src/lab1_1/build/lab1_1
[2.441s] Level 1:colcon.colcon_core.environment:checking '/home/phet/lab1_mobile/lab1_ws/src/lab1_1/install/lab1_1' for CMake module files
[2.442s] Level 1:colcon.colcon_core.environment:checking '/home/phet/lab1_mobile/lab1_ws/src/lab1_1/install/lab1_1' for CMake config files
[2.442s] Level 1:colcon.colcon_core.shell:create_environment_hook('lab1_1', 'cmake_prefix_path')
[2.442s] INFO:colcon.colcon_core.shell:Creating environment hook '/home/phet/lab1_mobile/lab1_ws/src/lab1_1/install/lab1_1/share/lab1_1/hook/cmake_prefix_path.ps1'
[2.443s] INFO:colcon.colcon_core.shell:Creating environment descriptor '/home/phet/lab1_mobile/lab1_ws/src/lab1_1/install/lab1_1/share/lab1_1/hook/cmake_prefix_path.dsv'
[2.443s] INFO:colcon.colcon_core.shell:Creating environment hook '/home/phet/lab1_mobile/lab1_ws/src/lab1_1/install/lab1_1/share/lab1_1/hook/cmake_prefix_path.sh'
[2.443s] Level 1:colcon.colcon_core.environment:checking '/home/phet/lab1_mobile/lab1_ws/src/lab1_1/install/lab1_1/lib'
[2.443s] Level 1:colcon.colcon_core.environment:checking '/home/phet/lab1_mobile/lab1_ws/src/lab1_1/install/lab1_1/bin'
[2.444s] Level 1:colcon.colcon_core.environment:checking '/home/phet/lab1_mobile/lab1_ws/src/lab1_1/install/lab1_1/lib/pkgconfig/lab1_1.pc'
[2.444s] Level 1:colcon.colcon_core.environment:checking '/home/phet/lab1_mobile/lab1_ws/src/lab1_1/install/lab1_1/lib/python3.10/site-packages'
[2.444s] Level 1:colcon.colcon_core.environment:checking '/home/phet/lab1_mobile/lab1_ws/src/lab1_1/install/lab1_1/bin'
[2.444s] INFO:colcon.colcon_core.shell:Creating package script '/home/phet/lab1_mobile/lab1_ws/src/lab1_1/install/lab1_1/share/lab1_1/package.ps1'
[2.444s] INFO:colcon.colcon_core.shell:Creating package descriptor '/home/phet/lab1_mobile/lab1_ws/src/lab1_1/install/lab1_1/share/lab1_1/package.dsv'
[2.445s] INFO:colcon.colcon_core.shell:Creating package script '/home/phet/lab1_mobile/lab1_ws/src/lab1_1/install/lab1_1/share/lab1_1/package.sh'
[2.445s] INFO:colcon.colcon_core.shell:Creating package script '/home/phet/lab1_mobile/lab1_ws/src/lab1_1/install/lab1_1/share/lab1_1/package.bash'
[2.446s] INFO:colcon.colcon_core.shell:Creating package script '/home/phet/lab1_mobile/lab1_ws/src/lab1_1/install/lab1_1/share/lab1_1/package.zsh'
[2.446s] Level 1:colcon.colcon_core.environment:create_file_with_runtime_dependencies(/home/phet/lab1_mobile/lab1_ws/src/lab1_1/install/lab1_1/share/colcon-core/packages/lab1_1)
[2.446s] Level 1:colcon.colcon_core.environment:create_environment_scripts_only(lab1_1)
[2.447s] Level 1:colcon.colcon_core.environment:checking '/home/phet/lab1_mobile/lab1_ws/src/lab1_1/install/lab1_1' for CMake module files
[2.447s] Level 1:colcon.colcon_core.environment:checking '/home/phet/lab1_mobile/lab1_ws/src/lab1_1/install/lab1_1' for CMake config files
[2.447s] Level 1:colcon.colcon_core.shell:create_environment_hook('lab1_1', 'cmake_prefix_path')
[2.447s] INFO:colcon.colcon_core.shell:Creating environment hook '/home/phet/lab1_mobile/lab1_ws/src/lab1_1/install/lab1_1/share/lab1_1/hook/cmake_prefix_path.ps1'
[2.447s] INFO:colcon.colcon_core.shell:Creating environment descriptor '/home/phet/lab1_mobile/lab1_ws/src/lab1_1/install/lab1_1/share/lab1_1/hook/cmake_prefix_path.dsv'
[2.448s] INFO:colcon.colcon_core.shell:Creating environment hook '/home/phet/lab1_mobile/lab1_ws/src/lab1_1/install/lab1_1/share/lab1_1/hook/cmake_prefix_path.sh'
[2.448s] Level 1:colcon.colcon_core.environment:checking '/home/phet/lab1_mobile/lab1_ws/src/lab1_1/install/lab1_1/lib'
[2.448s] Level 1:colcon.colcon_core.environment:checking '/home/phet/lab1_mobile/lab1_ws/src/lab1_1/install/lab1_1/bin'
[2.448s] Level 1:colcon.colcon_core.environment:checking '/home/phet/lab1_mobile/lab1_ws/src/lab1_1/install/lab1_1/lib/pkgconfig/lab1_1.pc'
[2.448s] Level 1:colcon.colcon_core.environment:checking '/home/phet/lab1_mobile/lab1_ws/src/lab1_1/install/lab1_1/lib/python3.10/site-packages'
[2.448s] Level 1:colcon.colcon_core.environment:checking '/home/phet/lab1_mobile/lab1_ws/src/lab1_1/install/lab1_1/bin'
[2.449s] INFO:colcon.colcon_core.shell:Creating package script '/home/phet/lab1_mobile/lab1_ws/src/lab1_1/install/lab1_1/share/lab1_1/package.ps1'
[2.449s] INFO:colcon.colcon_core.shell:Creating package descriptor '/home/phet/lab1_mobile/lab1_ws/src/lab1_1/install/lab1_1/share/lab1_1/package.dsv'
[2.449s] INFO:colcon.colcon_core.shell:Creating package script '/home/phet/lab1_mobile/lab1_ws/src/lab1_1/install/lab1_1/share/lab1_1/package.sh'
[2.449s] INFO:colcon.colcon_core.shell:Creating package script '/home/phet/lab1_mobile/lab1_ws/src/lab1_1/install/lab1_1/share/lab1_1/package.bash'
[2.450s] INFO:colcon.colcon_core.shell:Creating package script '/home/phet/lab1_mobile/lab1_ws/src/lab1_1/install/lab1_1/share/lab1_1/package.zsh'
[2.450s] Level 1:colcon.colcon_core.environment:create_file_with_runtime_dependencies(/home/phet/lab1_mobile/lab1_ws/src/lab1_1/install/lab1_1/share/colcon-core/packages/lab1_1)
[2.450s] DEBUG:colcon.colcon_parallel_executor.executor.parallel:closing loop
[2.450s] DEBUG:colcon.colcon_parallel_executor.executor.parallel:loop closed
[2.450s] DEBUG:colcon.colcon_parallel_executor.executor.parallel:run_until_complete finished with '0'
[2.450s] DEBUG:colcon.colcon_core.event_reactor:joining thread
[2.455s] INFO:colcon.colcon_core.plugin_system:Skipping extension 'colcon_notification.desktop_notification.terminal_notifier': Not used on non-Darwin systems
[2.455s] INFO:colcon.colcon_core.plugin_system:Skipping extension 'colcon_notification.desktop_notification.win32': Not used on non-Windows systems
[2.455s] INFO:colcon.colcon_notification.desktop_notification:Sending desktop notification using 'notify2'
[2.474s] DEBUG:colcon.colcon_core.event_reactor:joined thread
[2.474s] INFO:colcon.colcon_core.shell:Creating prefix script '/home/phet/lab1_mobile/lab1_ws/src/lab1_1/install/local_setup.ps1'
[2.475s] INFO:colcon.colcon_core.shell:Creating prefix util module '/home/phet/lab1_mobile/lab1_ws/src/lab1_1/install/_local_setup_util_ps1.py'
[2.476s] INFO:colcon.colcon_core.shell:Creating prefix chain script '/home/phet/lab1_mobile/lab1_ws/src/lab1_1/install/setup.ps1'
[2.478s] INFO:colcon.colcon_core.shell:Creating prefix script '/home/phet/lab1_mobile/lab1_ws/src/lab1_1/install/local_setup.sh'
[2.478s] INFO:colcon.colcon_core.shell:Creating prefix util module '/home/phet/lab1_mobile/lab1_ws/src/lab1_1/install/_local_setup_util_sh.py'
[2.478s] INFO:colcon.colcon_core.shell:Creating prefix chain script '/home/phet/lab1_mobile/lab1_ws/src/lab1_1/install/setup.sh'
[2.480s] INFO:colcon.colcon_core.shell:Creating prefix script '/home/phet/lab1_mobile/lab1_ws/src/lab1_1/install/local_setup.bash'
[2.481s] INFO:colcon.colcon_core.shell:Creating prefix chain script '/home/phet/lab1_mobile/lab1_ws/src/lab1_1/install/setup.bash'
[2.482s] INFO:colcon.colcon_core.shell:Creating prefix script '/home/phet/lab1_mobile/lab1_ws/src/lab1_1/install/local_setup.zsh'
[2.483s] INFO:colcon.colcon_core.shell:Creating prefix chain script '/home/phet/lab1_mobile/lab1_ws/src/lab1_1/install/setup.zsh'
