[0.066s] DEBUG:colcon:Command line arguments: ['/usr/bin/colcon', 'build']
[0.066s] DEBUG:colcon:Parsed command line arguments: Namespace(log_base=None, log_level=None, verb_name='build', build_base='build', install_base='install', merge_install=False, symlink_install=False, test_result_base=None, continue_on_error=False, executor='parallel', parallel_workers=16, event_handlers=None, ignore_user_meta=False, metas=['./colcon.meta'], base_paths=['.'], packages_ignore=None, packages_ignore_regex=None, paths=None, packages_up_to=None, packages_up_to_regex=None, packages_above=None, packages_above_and_dependencies=None, packages_above_depth=None, packages_select_by_dep=None, packages_skip_by_dep=None, packages_skip_up_to=None, packages_select_build_failed=False, packages_skip_build_finished=False, packages_select_test_failures=False, packages_skip_test_passed=False, packages_select=None, packages_skip=None, packages_select_regex=None, packages_skip_regex=None, packages_start=None, packages_end=None, allow_overriding=[], cmake_args=None, cmake_target=None, cmake_target_skip_unavailable=False, cmake_clean_cache=False, cmake_clean_first=False, cmake_force_configure=False, ament_cmake_args=None, catkin_cmake_args=None, catkin_skip_building_tests=False, mixin_files=None, mixin=None, verb_parser=<colcon_mixin.mixin.mixin_argument.MixinArgumentDecorator object at 0x7b1c6f443ee0>, verb_extension=<colcon_core.verb.build.BuildVerb object at 0x7b1c6f443a30>, main=<bound method BuildVerb.main of <colcon_core.verb.build.BuildVerb object at 0x7b1c6f443a30>>, mixin_verb=('build',))
[0.167s] Level 1:colcon.colcon_core.package_discovery:discover_packages(colcon_meta) check parameters
[0.167s] Level 1:colcon.colcon_core.package_discovery:discover_packages(recursive) check parameters
[0.167s] Level 1:colcon.colcon_core.package_discovery:discover_packages(ignore) check parameters
[0.167s] Level 1:colcon.colcon_core.package_discovery:discover_packages(path) check parameters
[0.167s] Level 1:colcon.colcon_core.package_discovery:discover_packages(colcon_meta) discover
[0.167s] Level 1:colcon.colcon_core.package_discovery:discover_packages(recursive) discover
[0.167s] INFO:colcon.colcon_core.package_discovery:Crawling recursively for packages in '/home/tadtawan/mobile_robot/lab1_ws'
[0.167s] Level 1:colcon.colcon_core.package_identification:_identify(.) by extensions ['ignore', 'ignore_ament_install']
[0.168s] Level 1:colcon.colcon_core.package_identification:_identify(.) by extension 'ignore'
[0.168s] Level 1:colcon.colcon_core.package_identification:_identify(.) by extension 'ignore_ament_install'
[0.168s] Level 1:colcon.colcon_core.package_identification:_identify(.) by extensions ['colcon_pkg']
[0.168s] Level 1:colcon.colcon_core.package_identification:_identify(.) by extension 'colcon_pkg'
[0.168s] Level 1:colcon.colcon_core.package_identification:_identify(.) by extensions ['colcon_meta']
[0.168s] Level 1:colcon.colcon_core.package_identification:_identify(.) by extension 'colcon_meta'
[0.168s] Level 1:colcon.colcon_core.package_identification:_identify(.) by extensions ['ros']
[0.168s] Level 1:colcon.colcon_core.package_identification:_identify(.) by extension 'ros'
[0.176s] Level 1:colcon.colcon_core.package_identification:_identify(.) by extensions ['cmake', 'python']
[0.176s] Level 1:colcon.colcon_core.package_identification:_identify(.) by extension 'cmake'
[0.176s] Level 1:colcon.colcon_core.package_identification:_identify(.) by extension 'python'
[0.176s] Level 1:colcon.colcon_core.package_identification:_identify(.) by extensions ['python_setup_py']
[0.176s] Level 1:colcon.colcon_core.package_identification:_identify(.) by extension 'python_setup_py'
[0.176s] Level 1:colcon.colcon_core.package_identification:_identify(build) by extensions ['ignore', 'ignore_ament_install']
[0.176s] Level 1:colcon.colcon_core.package_identification:_identify(build) by extension 'ignore'
[0.176s] Level 1:colcon.colcon_core.package_identification:_identify(build) ignored
[0.176s] Level 1:colcon.colcon_core.package_identification:_identify(install) by extensions ['ignore', 'ignore_ament_install']
[0.176s] Level 1:colcon.colcon_core.package_identification:_identify(install) by extension 'ignore'
[0.176s] Level 1:colcon.colcon_core.package_identification:_identify(install) ignored
[0.176s] Level 1:colcon.colcon_core.package_identification:_identify(log) by extensions ['ignore', 'ignore_ament_install']
[0.176s] Level 1:colcon.colcon_core.package_identification:_identify(log) by extension 'ignore'
[0.176s] Level 1:colcon.colcon_core.package_identification:_identify(log) ignored
[0.177s] Level 1:colcon.colcon_core.package_identification:_identify(src) by extensions ['ignore', 'ignore_ament_install']
[0.177s] Level 1:colcon.colcon_core.package_identification:_identify(src) by extension 'ignore'
[0.177s] Level 1:colcon.colcon_core.package_identification:_identify(src) by extension 'ignore_ament_install'
[0.177s] Level 1:colcon.colcon_core.package_identification:_identify(src) by extensions ['colcon_pkg']
[0.177s] Level 1:colcon.colcon_core.package_identification:_identify(src) by extension 'colcon_pkg'
[0.177s] Level 1:colcon.colcon_core.package_identification:_identify(src) by extensions ['colcon_meta']
[0.177s] Level 1:colcon.colcon_core.package_identification:_identify(src) by extension 'colcon_meta'
[0.177s] Level 1:colcon.colcon_core.package_identification:_identify(src) by extensions ['ros']
[0.177s] Level 1:colcon.colcon_core.package_identification:_identify(src) by extension 'ros'
[0.177s] Level 1:colcon.colcon_core.package_identification:_identify(src) by extensions ['cmake', 'python']
[0.177s] Level 1:colcon.colcon_core.package_identification:_identify(src) by extension 'cmake'
[0.177s] Level 1:colcon.colcon_core.package_identification:_identify(src) by extension 'python'
[0.177s] Level 1:colcon.colcon_core.package_identification:_identify(src) by extensions ['python_setup_py']
[0.177s] Level 1:colcon.colcon_core.package_identification:_identify(src) by extension 'python_setup_py'
[0.177s] Level 1:colcon.colcon_core.package_identification:_identify(src/lab1_1) by extensions ['ignore', 'ignore_ament_install']
[0.177s] Level 1:colcon.colcon_core.package_identification:_identify(src/lab1_1) by extension 'ignore'
[0.177s] Level 1:colcon.colcon_core.package_identification:_identify(src/lab1_1) by extension 'ignore_ament_install'
[0.177s] Level 1:colcon.colcon_core.package_identification:_identify(src/lab1_1) by extensions ['colcon_pkg']
[0.177s] Level 1:colcon.colcon_core.package_identification:_identify(src/lab1_1) by extension 'colcon_pkg'
[0.177s] Level 1:colcon.colcon_core.package_identification:_identify(src/lab1_1) by extensions ['colcon_meta']
[0.177s] Level 1:colcon.colcon_core.package_identification:_identify(src/lab1_1) by extension 'colcon_meta'
[0.177s] Level 1:colcon.colcon_core.package_identification:_identify(src/lab1_1) by extensions ['ros']
[0.177s] Level 1:colcon.colcon_core.package_identification:_identify(src/lab1_1) by extension 'ros'
[0.179s] DEBUG:colcon.colcon_core.package_identification:Package 'src/lab1_1' with type 'ros.ament_cmake' and name 'lab1_1'
[0.179s] Level 1:colcon.colcon_core.package_identification:_identify(src/lab1_2) by extensions ['ignore', 'ignore_ament_install']
[0.179s] Level 1:colcon.colcon_core.package_identification:_identify(src/lab1_2) by extension 'ignore'
[0.179s] Level 1:colcon.colcon_core.package_identification:_identify(src/lab1_2) by extension 'ignore_ament_install'
[0.179s] Level 1:colcon.colcon_core.package_identification:_identify(src/lab1_2) by extensions ['colcon_pkg']
[0.179s] Level 1:colcon.colcon_core.package_identification:_identify(src/lab1_2) by extension 'colcon_pkg'
[0.179s] Level 1:colcon.colcon_core.package_identification:_identify(src/lab1_2) by extensions ['colcon_meta']
[0.179s] Level 1:colcon.colcon_core.package_identification:_identify(src/lab1_2) by extension 'colcon_meta'
[0.179s] Level 1:colcon.colcon_core.package_identification:_identify(src/lab1_2) by extensions ['ros']
[0.179s] Level 1:colcon.colcon_core.package_identification:_identify(src/lab1_2) by extension 'ros'
[0.179s] DEBUG:colcon.colcon_core.package_identification:Package 'src/lab1_2' with type 'ros.ament_cmake' and name 'lab1_2'
[0.180s] Level 1:colcon.colcon_core.package_discovery:discover_packages(recursive) using defaults
[0.180s] Level 1:colcon.colcon_core.package_discovery:discover_packages(ignore) discover
[0.180s] Level 1:colcon.colcon_core.package_discovery:discover_packages(ignore) using defaults
[0.180s] Level 1:colcon.colcon_core.package_discovery:discover_packages(path) discover
[0.180s] Level 1:colcon.colcon_core.package_discovery:discover_packages(path) using defaults
[0.200s] Level 1:colcon.colcon_core.package_discovery:discover_packages(prefix_path) check parameters
[0.200s] Level 1:colcon.colcon_core.package_discovery:discover_packages(prefix_path) discover
[0.200s] WARNING:colcon.colcon_ros.prefix_path.ament:The path '/home/tadtawan/mobile_robot/lab1_ws/install/lab1_2' in the environment variable AMENT_PREFIX_PATH doesn't exist
[0.200s] WARNING:colcon.colcon_ros.prefix_path.ament:The path '/home/tadtawan/mobile_robot/lab1_ws/install/lab1_1' in the environment variable AMENT_PREFIX_PATH doesn't exist
[0.201s] WARNING:colcon.colcon_ros.prefix_path.catkin:The path '/home/tadtawan/mobile_robot/lab1_ws/install/lab1_2' in the environment variable CMAKE_PREFIX_PATH doesn't exist
[0.201s] WARNING:colcon.colcon_ros.prefix_path.catkin:The path '/home/tadtawan/mobile_robot/lab1_ws/install/lab1_1' in the environment variable CMAKE_PREFIX_PATH doesn't exist
[0.201s] DEBUG:colcon.colcon_installed_package_information.package_discovery:Found 0 installed packages in /home/tadtawan/mobile_robot/lab1_ws/install
[0.201s] DEBUG:colcon.colcon_installed_package_information.package_discovery:Found 12 installed packages in /home/tadtawan/fra532_lecture5_ws/install
[0.202s] DEBUG:colcon.colcon_installed_package_information.package_discovery:Found 1 installed packages in /home/tadtawan/install
[0.202s] DEBUG:colcon.colcon_installed_package_information.package_discovery:Found 394 installed packages in /opt/ros/humble
[0.204s] Level 1:colcon.colcon_core.package_discovery:discover_packages(prefix_path) using defaults
[0.231s] Level 5:colcon.colcon_core.verb:set package 'lab1_1' build argument 'cmake_args' from command line to 'None'
[0.232s] Level 5:colcon.colcon_core.verb:set package 'lab1_1' build argument 'cmake_target' from command line to 'None'
[0.232s] Level 5:colcon.colcon_core.verb:set package 'lab1_1' build argument 'cmake_target_skip_unavailable' from command line to 'False'
[0.232s] Level 5:colcon.colcon_core.verb:set package 'lab1_1' build argument 'cmake_clean_cache' from command line to 'False'
[0.232s] Level 5:colcon.colcon_core.verb:set package 'lab1_1' build argument 'cmake_clean_first' from command line to 'False'
[0.232s] Level 5:colcon.colcon_core.verb:set package 'lab1_1' build argument 'cmake_force_configure' from command line to 'False'
[0.232s] Level 5:colcon.colcon_core.verb:set package 'lab1_1' build argument 'ament_cmake_args' from command line to 'None'
[0.232s] Level 5:colcon.colcon_core.verb:set package 'lab1_1' build argument 'catkin_cmake_args' from command line to 'None'
[0.232s] Level 5:colcon.colcon_core.verb:set package 'lab1_1' build argument 'catkin_skip_building_tests' from command line to 'False'
[0.232s] DEBUG:colcon.colcon_core.verb:Building package 'lab1_1' with the following arguments: {'ament_cmake_args': None, 'build_base': '/home/tadtawan/mobile_robot/lab1_ws/build/lab1_1', 'catkin_cmake_args': None, 'catkin_skip_building_tests': False, 'cmake_args': None, 'cmake_clean_cache': False, 'cmake_clean_first': False, 'cmake_force_configure': False, 'cmake_target': None, 'cmake_target_skip_unavailable': False, 'install_base': '/home/tadtawan/mobile_robot/lab1_ws/install/lab1_1', 'merge_install': False, 'path': '/home/tadtawan/mobile_robot/lab1_ws/src/lab1_1', 'symlink_install': False, 'test_result_base': None}
[0.232s] Level 5:colcon.colcon_core.verb:set package 'lab1_2' build argument 'cmake_args' from command line to 'None'
[0.232s] Level 5:colcon.colcon_core.verb:set package 'lab1_2' build argument 'cmake_target' from command line to 'None'
[0.232s] Level 5:colcon.colcon_core.verb:set package 'lab1_2' build argument 'cmake_target_skip_unavailable' from command line to 'False'
[0.232s] Level 5:colcon.colcon_core.verb:set package 'lab1_2' build argument 'cmake_clean_cache' from command line to 'False'
[0.232s] Level 5:colcon.colcon_core.verb:set package 'lab1_2' build argument 'cmake_clean_first' from command line to 'False'
[0.232s] Level 5:colcon.colcon_core.verb:set package 'lab1_2' build argument 'cmake_force_configure' from command line to 'False'
[0.232s] Level 5:colcon.colcon_core.verb:set package 'lab1_2' build argument 'ament_cmake_args' from command line to 'None'
[0.232s] Level 5:colcon.colcon_core.verb:set package 'lab1_2' build argument 'catkin_cmake_args' from command line to 'None'
[0.232s] Level 5:colcon.colcon_core.verb:set package 'lab1_2' build argument 'catkin_skip_building_tests' from command line to 'False'
[0.232s] DEBUG:colcon.colcon_core.verb:Building package 'lab1_2' with the following arguments: {'ament_cmake_args': None, 'build_base': '/home/tadtawan/mobile_robot/lab1_ws/build/lab1_2', 'catkin_cmake_args': None, 'catkin_skip_building_tests': False, 'cmake_args': None, 'cmake_clean_cache': False, 'cmake_clean_first': False, 'cmake_force_configure': False, 'cmake_target': None, 'cmake_target_skip_unavailable': False, 'install_base': '/home/tadtawan/mobile_robot/lab1_ws/install/lab1_2', 'merge_install': False, 'path': '/home/tadtawan/mobile_robot/lab1_ws/src/lab1_2', 'symlink_install': False, 'test_result_base': None}
[0.232s] INFO:colcon.colcon_core.executor:Executing jobs using 'parallel' executor
[0.233s] DEBUG:colcon.colcon_parallel_executor.executor.parallel:run_until_complete
[0.233s] INFO:colcon.colcon_ros.task.ament_cmake.build:Building ROS package in '/home/tadtawan/mobile_robot/lab1_ws/src/lab1_1' with build type 'ament_cmake'
[0.233s] INFO:colcon.colcon_cmake.task.cmake.build:Building CMake package in '/home/tadtawan/mobile_robot/lab1_ws/src/lab1_1'
[0.234s] INFO:colcon.colcon_core.plugin_system:Skipping extension 'colcon_core.shell.bat': Not used on non-Windows systems
[0.234s] INFO:colcon.colcon_core.shell:Skip shell extension 'powershell' for command environment: Not usable outside of PowerShell
[0.234s] DEBUG:colcon.colcon_core.shell:Skip shell extension 'dsv' for command environment
[0.237s] INFO:colcon.colcon_ros.task.ament_cmake.build:Building ROS package in '/home/tadtawan/mobile_robot/lab1_ws/src/lab1_2' with build type 'ament_cmake'
[0.237s] INFO:colcon.colcon_cmake.task.cmake.build:Building CMake package in '/home/tadtawan/mobile_robot/lab1_ws/src/lab1_2'
[0.237s] INFO:colcon.colcon_core.shell:Skip shell extension 'powershell' for command environment: Not usable outside of PowerShell
[0.237s] DEBUG:colcon.colcon_core.shell:Skip shell extension 'dsv' for command environment
[0.243s] DEBUG:colcon.colcon_core.event_handler.log_command:Invoking command in '/home/tadtawan/mobile_robot/lab1_ws/build/lab1_1': CMAKE_PREFIX_PATH=${CMAKE_PREFIX_PATH}:/home/tadtawan/fra532_lecture5_ws/install/mir_driver:/home/tadtawan/fra532_lecture5_ws/install/twist_stamper:/home/tadtawan/fra532_lecture5_ws/install/mir_restapi:/opt/ros/humble /usr/bin/cmake /home/tadtawan/mobile_robot/lab1_ws/src/lab1_1 -DCMAKE_INSTALL_PREFIX=/home/tadtawan/mobile_robot/lab1_ws/install/lab1_1
[0.245s] DEBUG:colcon.colcon_core.event_handler.log_command:Invoking command in '/home/tadtawan/mobile_robot/lab1_ws/build/lab1_2': CMAKE_PREFIX_PATH=${CMAKE_PREFIX_PATH}:/home/tadtawan/fra532_lecture5_ws/install/mir_driver:/home/tadtawan/fra532_lecture5_ws/install/twist_stamper:/home/tadtawan/fra532_lecture5_ws/install/mir_restapi:/opt/ros/humble /usr/bin/cmake /home/tadtawan/mobile_robot/lab1_ws/src/lab1_2 -DCMAKE_INSTALL_PREFIX=/home/tadtawan/mobile_robot/lab1_ws/install/lab1_2
[1.028s] DEBUG:colcon.colcon_core.event_handler.log_command:Invoked command in '/home/tadtawan/mobile_robot/lab1_ws/build/lab1_2' returned '0': CMAKE_PREFIX_PATH=${CMAKE_PREFIX_PATH}:/home/tadtawan/fra532_lecture5_ws/install/mir_driver:/home/tadtawan/fra532_lecture5_ws/install/twist_stamper:/home/tadtawan/fra532_lecture5_ws/install/mir_restapi:/opt/ros/humble /usr/bin/cmake /home/tadtawan/mobile_robot/lab1_ws/src/lab1_2 -DCMAKE_INSTALL_PREFIX=/home/tadtawan/mobile_robot/lab1_ws/install/lab1_2
[1.030s] DEBUG:colcon.colcon_core.event_handler.log_command:Invoking command in '/home/tadtawan/mobile_robot/lab1_ws/build/lab1_2': CMAKE_PREFIX_PATH=${CMAKE_PREFIX_PATH}:/home/tadtawan/fra532_lecture5_ws/install/mir_driver:/home/tadtawan/fra532_lecture5_ws/install/twist_stamper:/home/tadtawan/fra532_lecture5_ws/install/mir_restapi:/opt/ros/humble /usr/bin/cmake --build /home/tadtawan/mobile_robot/lab1_ws/build/lab1_2 -- -j16 -l16
[1.030s] DEBUG:colcon.colcon_core.event_handler.log_command:Invoked command in '/home/tadtawan/mobile_robot/lab1_ws/build/lab1_1' returned '0': CMAKE_PREFIX_PATH=${CMAKE_PREFIX_PATH}:/home/tadtawan/fra532_lecture5_ws/install/mir_driver:/home/tadtawan/fra532_lecture5_ws/install/twist_stamper:/home/tadtawan/fra532_lecture5_ws/install/mir_restapi:/opt/ros/humble /usr/bin/cmake /home/tadtawan/mobile_robot/lab1_ws/src/lab1_1 -DCMAKE_INSTALL_PREFIX=/home/tadtawan/mobile_robot/lab1_ws/install/lab1_1
[1.031s] DEBUG:colcon.colcon_core.event_handler.log_command:Invoking command in '/home/tadtawan/mobile_robot/lab1_ws/build/lab1_1': CMAKE_PREFIX_PATH=${CMAKE_PREFIX_PATH}:/home/tadtawan/fra532_lecture5_ws/install/mir_driver:/home/tadtawan/fra532_lecture5_ws/install/twist_stamper:/home/tadtawan/fra532_lecture5_ws/install/mir_restapi:/opt/ros/humble /usr/bin/cmake --build /home/tadtawan/mobile_robot/lab1_ws/build/lab1_1 -- -j16 -l16
[1.302s] DEBUG:colcon.colcon_core.event_handler.log_command:Invoked command in '/home/tadtawan/mobile_robot/lab1_ws/build/lab1_1' returned '0': CMAKE_PREFIX_PATH=${CMAKE_PREFIX_PATH}:/home/tadtawan/fra532_lecture5_ws/install/mir_driver:/home/tadtawan/fra532_lecture5_ws/install/twist_stamper:/home/tadtawan/fra532_lecture5_ws/install/mir_restapi:/opt/ros/humble /usr/bin/cmake --build /home/tadtawan/mobile_robot/lab1_ws/build/lab1_1 -- -j16 -l16
[1.307s] DEBUG:colcon.colcon_core.event_handler.log_command:Invoking command in '/home/tadtawan/mobile_robot/lab1_ws/build/lab1_1': CMAKE_PREFIX_PATH=${CMAKE_PREFIX_PATH}:/home/tadtawan/fra532_lecture5_ws/install/mir_driver:/home/tadtawan/fra532_lecture5_ws/install/twist_stamper:/home/tadtawan/fra532_lecture5_ws/install/mir_restapi:/opt/ros/humble /usr/bin/cmake --install /home/tadtawan/mobile_robot/lab1_ws/build/lab1_1
[1.308s] DEBUG:colcon.colcon_core.event_handler.log_command:Invoked command in '/home/tadtawan/mobile_robot/lab1_ws/build/lab1_2' returned '0': CMAKE_PREFIX_PATH=${CMAKE_PREFIX_PATH}:/home/tadtawan/fra532_lecture5_ws/install/mir_driver:/home/tadtawan/fra532_lecture5_ws/install/twist_stamper:/home/tadtawan/fra532_lecture5_ws/install/mir_restapi:/opt/ros/humble /usr/bin/cmake --build /home/tadtawan/mobile_robot/lab1_ws/build/lab1_2 -- -j16 -l16
[1.309s] DEBUG:colcon.colcon_core.event_handler.log_command:Invoking command in '/home/tadtawan/mobile_robot/lab1_ws/build/lab1_2': CMAKE_PREFIX_PATH=${CMAKE_PREFIX_PATH}:/home/tadtawan/fra532_lecture5_ws/install/mir_driver:/home/tadtawan/fra532_lecture5_ws/install/twist_stamper:/home/tadtawan/fra532_lecture5_ws/install/mir_restapi:/opt/ros/humble /usr/bin/cmake --install /home/tadtawan/mobile_robot/lab1_ws/build/lab1_2
[1.342s] Level 1:colcon.colcon_core.environment:create_environment_scripts_only(lab1_2)
[1.342s] DEBUG:colcon.colcon_core.event_handler.log_command:Invoked command in '/home/tadtawan/mobile_robot/lab1_ws/build/lab1_2' returned '0': CMAKE_PREFIX_PATH=${CMAKE_PREFIX_PATH}:/home/tadtawan/fra532_lecture5_ws/install/mir_driver:/home/tadtawan/fra532_lecture5_ws/install/twist_stamper:/home/tadtawan/fra532_lecture5_ws/install/mir_restapi:/opt/ros/humble /usr/bin/cmake --install /home/tadtawan/mobile_robot/lab1_ws/build/lab1_2
[1.343s] Level 1:colcon.colcon_core.environment:checking '/home/tadtawan/mobile_robot/lab1_ws/install/lab1_2' for CMake module files
[1.344s] Level 1:colcon.colcon_core.environment:checking '/home/tadtawan/mobile_robot/lab1_ws/install/lab1_2' for CMake config files
[1.344s] Level 1:colcon.colcon_core.shell:create_environment_hook('lab1_2', 'cmake_prefix_path')
[1.344s] INFO:colcon.colcon_core.shell:Creating environment hook '/home/tadtawan/mobile_robot/lab1_ws/install/lab1_2/share/lab1_2/hook/cmake_prefix_path.ps1'
[1.344s] INFO:colcon.colcon_core.shell:Creating environment descriptor '/home/tadtawan/mobile_robot/lab1_ws/install/lab1_2/share/lab1_2/hook/cmake_prefix_path.dsv'
[1.345s] INFO:colcon.colcon_core.shell:Creating environment hook '/home/tadtawan/mobile_robot/lab1_ws/install/lab1_2/share/lab1_2/hook/cmake_prefix_path.sh'
[1.345s] Level 1:colcon.colcon_core.environment:checking '/home/tadtawan/mobile_robot/lab1_ws/install/lab1_2/lib'
[1.345s] Level 1:colcon.colcon_core.environment:checking '/home/tadtawan/mobile_robot/lab1_ws/install/lab1_2/bin'
[1.345s] Level 1:colcon.colcon_core.environment:checking '/home/tadtawan/mobile_robot/lab1_ws/install/lab1_2/lib/pkgconfig/lab1_2.pc'
[1.345s] Level 1:colcon.colcon_core.environment:checking '/home/tadtawan/mobile_robot/lab1_ws/install/lab1_2/lib/python3.10/site-packages'
[1.346s] Level 1:colcon.colcon_core.environment:checking '/home/tadtawan/mobile_robot/lab1_ws/install/lab1_2/bin'
[1.346s] INFO:colcon.colcon_core.shell:Creating package script '/home/tadtawan/mobile_robot/lab1_ws/install/lab1_2/share/lab1_2/package.ps1'
[1.346s] INFO:colcon.colcon_core.shell:Creating package descriptor '/home/tadtawan/mobile_robot/lab1_ws/install/lab1_2/share/lab1_2/package.dsv'
[1.346s] INFO:colcon.colcon_core.shell:Creating package script '/home/tadtawan/mobile_robot/lab1_ws/install/lab1_2/share/lab1_2/package.sh'
[1.347s] INFO:colcon.colcon_core.shell:Creating package script '/home/tadtawan/mobile_robot/lab1_ws/install/lab1_2/share/lab1_2/package.bash'
[1.347s] INFO:colcon.colcon_core.shell:Creating package script '/home/tadtawan/mobile_robot/lab1_ws/install/lab1_2/share/lab1_2/package.zsh'
[1.348s] Level 1:colcon.colcon_core.environment:create_file_with_runtime_dependencies(/home/tadtawan/mobile_robot/lab1_ws/install/lab1_2/share/colcon-core/packages/lab1_2)
[1.348s] Level 1:colcon.colcon_core.environment:create_environment_scripts_only(lab1_2)
[1.348s] Level 1:colcon.colcon_core.environment:checking '/home/tadtawan/mobile_robot/lab1_ws/install/lab1_2' for CMake module files
[1.349s] Level 1:colcon.colcon_core.environment:checking '/home/tadtawan/mobile_robot/lab1_ws/install/lab1_2' for CMake config files
[1.349s] Level 1:colcon.colcon_core.shell:create_environment_hook('lab1_2', 'cmake_prefix_path')
[1.349s] INFO:colcon.colcon_core.shell:Creating environment hook '/home/tadtawan/mobile_robot/lab1_ws/install/lab1_2/share/lab1_2/hook/cmake_prefix_path.ps1'
[1.349s] INFO:colcon.colcon_core.shell:Creating environment descriptor '/home/tadtawan/mobile_robot/lab1_ws/install/lab1_2/share/lab1_2/hook/cmake_prefix_path.dsv'
[1.349s] INFO:colcon.colcon_core.shell:Creating environment hook '/home/tadtawan/mobile_robot/lab1_ws/install/lab1_2/share/lab1_2/hook/cmake_prefix_path.sh'
[1.350s] Level 1:colcon.colcon_core.environment:checking '/home/tadtawan/mobile_robot/lab1_ws/install/lab1_2/lib'
[1.350s] Level 1:colcon.colcon_core.environment:checking '/home/tadtawan/mobile_robot/lab1_ws/install/lab1_2/bin'
[1.350s] Level 1:colcon.colcon_core.environment:checking '/home/tadtawan/mobile_robot/lab1_ws/install/lab1_2/lib/pkgconfig/lab1_2.pc'
[1.350s] Level 1:colcon.colcon_core.environment:checking '/home/tadtawan/mobile_robot/lab1_ws/install/lab1_2/lib/python3.10/site-packages'
[1.350s] Level 1:colcon.colcon_core.environment:checking '/home/tadtawan/mobile_robot/lab1_ws/install/lab1_2/bin'
[1.350s] INFO:colcon.colcon_core.shell:Creating package script '/home/tadtawan/mobile_robot/lab1_ws/install/lab1_2/share/lab1_2/package.ps1'
[1.351s] INFO:colcon.colcon_core.shell:Creating package descriptor '/home/tadtawan/mobile_robot/lab1_ws/install/lab1_2/share/lab1_2/package.dsv'
[1.351s] INFO:colcon.colcon_core.shell:Creating package script '/home/tadtawan/mobile_robot/lab1_ws/install/lab1_2/share/lab1_2/package.sh'
[1.351s] INFO:colcon.colcon_core.shell:Creating package script '/home/tadtawan/mobile_robot/lab1_ws/install/lab1_2/share/lab1_2/package.bash'
[1.351s] INFO:colcon.colcon_core.shell:Creating package script '/home/tadtawan/mobile_robot/lab1_ws/install/lab1_2/share/lab1_2/package.zsh'
[1.351s] Level 1:colcon.colcon_core.environment:create_file_with_runtime_dependencies(/home/tadtawan/mobile_robot/lab1_ws/install/lab1_2/share/colcon-core/packages/lab1_2)
[1.479s] Level 1:colcon.colcon_core.environment:create_environment_scripts_only(lab1_1)
[1.479s] Level 1:colcon.colcon_core.environment:checking '/home/tadtawan/mobile_robot/lab1_ws/install/lab1_1' for CMake module files
[1.479s] DEBUG:colcon.colcon_core.event_handler.log_command:Invoked command in '/home/tadtawan/mobile_robot/lab1_ws/build/lab1_1' returned '0': CMAKE_PREFIX_PATH=${CMAKE_PREFIX_PATH}:/home/tadtawan/fra532_lecture5_ws/install/mir_driver:/home/tadtawan/fra532_lecture5_ws/install/twist_stamper:/home/tadtawan/fra532_lecture5_ws/install/mir_restapi:/opt/ros/humble /usr/bin/cmake --install /home/tadtawan/mobile_robot/lab1_ws/build/lab1_1
[1.480s] Level 1:colcon.colcon_core.environment:checking '/home/tadtawan/mobile_robot/lab1_ws/install/lab1_1' for CMake config files
[1.480s] Level 1:colcon.colcon_core.shell:create_environment_hook('lab1_1', 'cmake_prefix_path')
[1.480s] INFO:colcon.colcon_core.shell:Creating environment hook '/home/tadtawan/mobile_robot/lab1_ws/install/lab1_1/share/lab1_1/hook/cmake_prefix_path.ps1'
[1.480s] INFO:colcon.colcon_core.shell:Creating environment descriptor '/home/tadtawan/mobile_robot/lab1_ws/install/lab1_1/share/lab1_1/hook/cmake_prefix_path.dsv'
[1.480s] INFO:colcon.colcon_core.shell:Creating environment hook '/home/tadtawan/mobile_robot/lab1_ws/install/lab1_1/share/lab1_1/hook/cmake_prefix_path.sh'
[1.481s] Level 1:colcon.colcon_core.environment:checking '/home/tadtawan/mobile_robot/lab1_ws/install/lab1_1/lib'
[1.481s] Level 1:colcon.colcon_core.environment:checking '/home/tadtawan/mobile_robot/lab1_ws/install/lab1_1/bin'
[1.481s] Level 1:colcon.colcon_core.environment:checking '/home/tadtawan/mobile_robot/lab1_ws/install/lab1_1/lib/pkgconfig/lab1_1.pc'
[1.481s] Level 1:colcon.colcon_core.environment:checking '/home/tadtawan/mobile_robot/lab1_ws/install/lab1_1/lib/python3.10/site-packages'
[1.481s] Level 1:colcon.colcon_core.environment:checking '/home/tadtawan/mobile_robot/lab1_ws/install/lab1_1/bin'
[1.481s] INFO:colcon.colcon_core.shell:Creating package script '/home/tadtawan/mobile_robot/lab1_ws/install/lab1_1/share/lab1_1/package.ps1'
[1.481s] INFO:colcon.colcon_core.shell:Creating package descriptor '/home/tadtawan/mobile_robot/lab1_ws/install/lab1_1/share/lab1_1/package.dsv'
[1.482s] INFO:colcon.colcon_core.shell:Creating package script '/home/tadtawan/mobile_robot/lab1_ws/install/lab1_1/share/lab1_1/package.sh'
[1.482s] INFO:colcon.colcon_core.shell:Creating package script '/home/tadtawan/mobile_robot/lab1_ws/install/lab1_1/share/lab1_1/package.bash'
[1.482s] INFO:colcon.colcon_core.shell:Creating package script '/home/tadtawan/mobile_robot/lab1_ws/install/lab1_1/share/lab1_1/package.zsh'
[1.482s] Level 1:colcon.colcon_core.environment:create_file_with_runtime_dependencies(/home/tadtawan/mobile_robot/lab1_ws/install/lab1_1/share/colcon-core/packages/lab1_1)
[1.483s] Level 1:colcon.colcon_core.environment:create_environment_scripts_only(lab1_1)
[1.483s] Level 1:colcon.colcon_core.environment:checking '/home/tadtawan/mobile_robot/lab1_ws/install/lab1_1' for CMake module files
[1.483s] Level 1:colcon.colcon_core.environment:checking '/home/tadtawan/mobile_robot/lab1_ws/install/lab1_1' for CMake config files
[1.483s] Level 1:colcon.colcon_core.shell:create_environment_hook('lab1_1', 'cmake_prefix_path')
[1.483s] INFO:colcon.colcon_core.shell:Creating environment hook '/home/tadtawan/mobile_robot/lab1_ws/install/lab1_1/share/lab1_1/hook/cmake_prefix_path.ps1'
[1.483s] INFO:colcon.colcon_core.shell:Creating environment descriptor '/home/tadtawan/mobile_robot/lab1_ws/install/lab1_1/share/lab1_1/hook/cmake_prefix_path.dsv'
[1.483s] INFO:colcon.colcon_core.shell:Creating environment hook '/home/tadtawan/mobile_robot/lab1_ws/install/lab1_1/share/lab1_1/hook/cmake_prefix_path.sh'
[1.484s] Level 1:colcon.colcon_core.environment:checking '/home/tadtawan/mobile_robot/lab1_ws/install/lab1_1/lib'
[1.484s] Level 1:colcon.colcon_core.environment:checking '/home/tadtawan/mobile_robot/lab1_ws/install/lab1_1/bin'
[1.484s] Level 1:colcon.colcon_core.environment:checking '/home/tadtawan/mobile_robot/lab1_ws/install/lab1_1/lib/pkgconfig/lab1_1.pc'
[1.484s] Level 1:colcon.colcon_core.environment:checking '/home/tadtawan/mobile_robot/lab1_ws/install/lab1_1/lib/python3.10/site-packages'
[1.484s] Level 1:colcon.colcon_core.environment:checking '/home/tadtawan/mobile_robot/lab1_ws/install/lab1_1/bin'
[1.484s] INFO:colcon.colcon_core.shell:Creating package script '/home/tadtawan/mobile_robot/lab1_ws/install/lab1_1/share/lab1_1/package.ps1'
[1.485s] INFO:colcon.colcon_core.shell:Creating package descriptor '/home/tadtawan/mobile_robot/lab1_ws/install/lab1_1/share/lab1_1/package.dsv'
[1.485s] INFO:colcon.colcon_core.shell:Creating package script '/home/tadtawan/mobile_robot/lab1_ws/install/lab1_1/share/lab1_1/package.sh'
[1.485s] INFO:colcon.colcon_core.shell:Creating package script '/home/tadtawan/mobile_robot/lab1_ws/install/lab1_1/share/lab1_1/package.bash'
[1.485s] INFO:colcon.colcon_core.shell:Creating package script '/home/tadtawan/mobile_robot/lab1_ws/install/lab1_1/share/lab1_1/package.zsh'
[1.486s] Level 1:colcon.colcon_core.environment:create_file_with_runtime_dependencies(/home/tadtawan/mobile_robot/lab1_ws/install/lab1_1/share/colcon-core/packages/lab1_1)
[1.486s] DEBUG:colcon.colcon_parallel_executor.executor.parallel:closing loop
[1.486s] DEBUG:colcon.colcon_parallel_executor.executor.parallel:loop closed
[1.486s] DEBUG:colcon.colcon_parallel_executor.executor.parallel:run_until_complete finished with '0'
[1.486s] DEBUG:colcon.colcon_core.event_reactor:joining thread
[1.489s] INFO:colcon.colcon_core.plugin_system:Skipping extension 'colcon_notification.desktop_notification.terminal_notifier': Not used on non-Darwin systems
[1.489s] INFO:colcon.colcon_core.plugin_system:Skipping extension 'colcon_notification.desktop_notification.win32': Not used on non-Windows systems
[1.489s] INFO:colcon.colcon_notification.desktop_notification:Sending desktop notification using 'notify2'
[1.497s] DEBUG:colcon.colcon_core.event_reactor:joined thread
[1.497s] INFO:colcon.colcon_core.shell:Creating prefix script '/home/tadtawan/mobile_robot/lab1_ws/install/local_setup.ps1'
[1.498s] INFO:colcon.colcon_core.shell:Creating prefix util module '/home/tadtawan/mobile_robot/lab1_ws/install/_local_setup_util_ps1.py'
[1.498s] INFO:colcon.colcon_core.shell:Creating prefix chain script '/home/tadtawan/mobile_robot/lab1_ws/install/setup.ps1'
[1.499s] INFO:colcon.colcon_core.shell:Creating prefix script '/home/tadtawan/mobile_robot/lab1_ws/install/local_setup.sh'
[1.500s] INFO:colcon.colcon_core.shell:Creating prefix util module '/home/tadtawan/mobile_robot/lab1_ws/install/_local_setup_util_sh.py'
[1.500s] INFO:colcon.colcon_core.shell:Creating prefix chain script '/home/tadtawan/mobile_robot/lab1_ws/install/setup.sh'
[1.501s] INFO:colcon.colcon_core.shell:Creating prefix script '/home/tadtawan/mobile_robot/lab1_ws/install/local_setup.bash'
[1.501s] INFO:colcon.colcon_core.shell:Creating prefix chain script '/home/tadtawan/mobile_robot/lab1_ws/install/setup.bash'
[1.502s] INFO:colcon.colcon_core.shell:Creating prefix script '/home/tadtawan/mobile_robot/lab1_ws/install/local_setup.zsh'
[1.502s] INFO:colcon.colcon_core.shell:Creating prefix chain script '/home/tadtawan/mobile_robot/lab1_ws/install/setup.zsh'
