[0.007s] Invoking command in '/home/tadtawan/mobile_robot/lab1_ws/build/lab1_1': CMAKE_PREFIX_PATH=${CMAKE_PREFIX_PATH}:/opt/ros/humble /usr/bin/cmake /home/tadtawan/mobile_robot/lab1_ws/src/lab1_1 -DCMAKE_INSTALL_PREFIX=/home/tadtawan/mobile_robot/lab1_ws/install/lab1_1
[0.531s] -- The C compiler identification is GNU 11.4.0
[0.922s] -- The CXX compiler identification is GNU 11.4.0
[0.930s] -- Detecting C compiler ABI info
[1.003s] -- Detecting C compiler ABI info - done
[1.008s] -- Check for working C compiler: /usr/bin/cc - skipped
[1.009s] -- Detecting C compile features
[1.010s] -- Detecting C compile features - done
[1.012s] -- Detecting CXX compiler ABI info
[1.084s] -- Detecting CXX compiler ABI info - done
[1.089s] -- Check for working CXX compiler: /usr/bin/c++ - skipped
[1.089s] -- Detecting CXX compile features
[1.090s] -- Detecting CXX compile features - done
[1.092s] -- Found ament_cmake: 1.3.11 (/opt/ros/humble/share/ament_cmake/cmake)
[1.195s] -- Found Python3: /usr/bin/python3 (found version "3.10.12") found components: Interpreter 
[1.260s] -- Found rclcpp: 16.0.11 (/opt/ros/humble/share/rclcpp/cmake)
[1.289s] -- Found rosidl_generator_c: 3.1.6 (/opt/ros/humble/share/rosidl_generator_c/cmake)
[1.293s] -- Found rosidl_adapter: 3.1.6 (/opt/ros/humble/share/rosidl_adapter/cmake)
[1.298s] -- Found rosidl_generator_cpp: 3.1.6 (/opt/ros/humble/share/rosidl_generator_cpp/cmake)
[1.307s] -- Using all available rosidl_typesupport_c: rosidl_typesupport_fastrtps_c;rosidl_typesupport_introspection_c
[1.318s] -- Using all available rosidl_typesupport_cpp: rosidl_typesupport_fastrtps_cpp;rosidl_typesupport_introspection_cpp
[1.347s] -- Found rmw_implementation_cmake: 6.1.2 (/opt/ros/humble/share/rmw_implementation_cmake/cmake)
[1.349s] -- Found rmw_fastrtps_cpp: 6.2.7 (/opt/ros/humble/share/rmw_fastrtps_cpp/cmake)
[1.407s] -- Found OpenSSL: /usr/lib/x86_64-linux-gnu/libcrypto.so (found version "3.0.2")  
[1.427s] -- Found FastRTPS: /opt/ros/humble/include  
[1.455s] -- Using RMW implementation 'rmw_fastrtps_cpp' as default
[1.463s] -- Looking for pthread.h
[1.529s] -- Looking for pthread.h - found
[1.529s] -- Performing Test CMAKE_HAVE_LIBC_PTHREAD
[1.584s] -- Performing Test CMAKE_HAVE_LIBC_PTHREAD - Success
[1.585s] -- Found Threads: TRUE  
[1.627s] -- Found rclpy: 3.3.15 (/opt/ros/humble/share/rclpy/cmake)
[1.730s] -- Configuring done
[1.736s] -- Generating done
[1.738s] -- Build files have been written to: /home/tadtawan/mobile_robot/lab1_ws/build/lab1_1
[1.747s] Invoked command in '/home/tadtawan/mobile_robot/lab1_ws/build/lab1_1' returned '0': CMAKE_PREFIX_PATH=${CMAKE_PREFIX_PATH}:/opt/ros/humble /usr/bin/cmake /home/tadtawan/mobile_robot/lab1_ws/src/lab1_1 -DCMAKE_INSTALL_PREFIX=/home/tadtawan/mobile_robot/lab1_ws/install/lab1_1
[1.748s] Invoking command in '/home/tadtawan/mobile_robot/lab1_ws/build/lab1_1': CMAKE_PREFIX_PATH=${CMAKE_PREFIX_PATH}:/opt/ros/humble /usr/bin/cmake --build /home/tadtawan/mobile_robot/lab1_ws/build/lab1_1 -- -j16 -l16
[1.782s] [ 50%] [32mBuilding CXX object CMakeFiles/cpp_node.dir/src/cpp_node.cpp.o[0m
[1.788s] [ 50%] Built target ament_cmake_python_copy_lab1_1
[1.953s] running egg_info
[1.953s] creating lab1_1.egg-info
[1.953s] writing lab1_1.egg-info/PKG-INFO
[1.953s] writing dependency_links to lab1_1.egg-info/dependency_links.txt
[1.953s] writing top-level names to lab1_1.egg-info/top_level.txt
[1.953s] writing manifest file 'lab1_1.egg-info/SOURCES.txt'
[1.955s] reading manifest file 'lab1_1.egg-info/SOURCES.txt'
[1.955s] writing manifest file 'lab1_1.egg-info/SOURCES.txt'
[1.975s] [ 50%] Built target ament_cmake_python_build_lab1_1_egg
[2.178s] [100%] [32m[1mLinking CXX executable cpp_node[0m
[2.249s] [100%] Built target cpp_node
[2.258s] Invoked command in '/home/tadtawan/mobile_robot/lab1_ws/build/lab1_1' returned '0': CMAKE_PREFIX_PATH=${CMAKE_PREFIX_PATH}:/opt/ros/humble /usr/bin/cmake --build /home/tadtawan/mobile_robot/lab1_ws/build/lab1_1 -- -j16 -l16
[2.265s] Invoking command in '/home/tadtawan/mobile_robot/lab1_ws/build/lab1_1': CMAKE_PREFIX_PATH=${CMAKE_PREFIX_PATH}:/opt/ros/humble /usr/bin/cmake --install /home/tadtawan/mobile_robot/lab1_ws/build/lab1_1
[2.270s] -- Install configuration: ""
[2.270s] -- Installing: /home/tadtawan/mobile_robot/lab1_ws/install/lab1_1/share/lab1_1/environment/pythonpath.sh
[2.270s] -- Installing: /home/tadtawan/mobile_robot/lab1_ws/install/lab1_1/share/lab1_1/environment/pythonpath.dsv
[2.270s] -- Installing: /home/tadtawan/mobile_robot/lab1_ws/install/lab1_1/local/lib/python3.10/dist-packages/lab1_1-0.0.1-py3.10.egg-info
[2.270s] -- Installing: /home/tadtawan/mobile_robot/lab1_ws/install/lab1_1/local/lib/python3.10/dist-packages/lab1_1-0.0.1-py3.10.egg-info/top_level.txt
[2.271s] -- Installing: /home/tadtawan/mobile_robot/lab1_ws/install/lab1_1/local/lib/python3.10/dist-packages/lab1_1-0.0.1-py3.10.egg-info/dependency_links.txt
[2.271s] -- Installing: /home/tadtawan/mobile_robot/lab1_ws/install/lab1_1/local/lib/python3.10/dist-packages/lab1_1-0.0.1-py3.10.egg-info/SOURCES.txt
[2.271s] -- Installing: /home/tadtawan/mobile_robot/lab1_ws/install/lab1_1/local/lib/python3.10/dist-packages/lab1_1-0.0.1-py3.10.egg-info/PKG-INFO
[2.271s] -- Installing: /home/tadtawan/mobile_robot/lab1_ws/install/lab1_1/local/lib/python3.10/dist-packages/lab1_1
[2.271s] -- Installing: /home/tadtawan/mobile_robot/lab1_ws/install/lab1_1/local/lib/python3.10/dist-packages/lab1_1/__init__.py
[2.271s] -- Installing: /home/tadtawan/mobile_robot/lab1_ws/install/lab1_1/local/lib/python3.10/dist-packages/lab1_1/dummy_module.py
[2.294s] Listing '/home/tadtawan/mobile_robot/lab1_ws/install/lab1_1/local/lib/python3.10/dist-packages/lab1_1'...
[2.294s] Compiling '/home/tadtawan/mobile_robot/lab1_ws/install/lab1_1/local/lib/python3.10/dist-packages/lab1_1/__init__.py'...
[2.294s] Compiling '/home/tadtawan/mobile_robot/lab1_ws/install/lab1_1/local/lib/python3.10/dist-packages/lab1_1/dummy_module.py'...
[2.298s] -- Installing: /home/tadtawan/mobile_robot/lab1_ws/install/lab1_1/lib/lab1_1/dummy_script.py
[2.298s] -- Installing: /home/tadtawan/mobile_robot/lab1_ws/install/lab1_1/lib/lab1_1/bicycle_model.py
[2.298s] -- Installing: /home/tadtawan/mobile_robot/lab1_ws/install/lab1_1/lib/lab1_1/inverse_kinematics.py
[2.298s] -- Installing: /home/tadtawan/mobile_robot/lab1_ws/install/lab1_1/lib/lab1_1/odom_publisher.py
[2.298s] -- Installing: /home/tadtawan/mobile_robot/lab1_ws/install/lab1_1/lib/lab1_1/cpp_node
[2.298s] -- Set runtime path of "/home/tadtawan/mobile_robot/lab1_ws/install/lab1_1/lib/lab1_1/cpp_node" to ""
[2.298s] -- Installing: /home/tadtawan/mobile_robot/lab1_ws/install/lab1_1/share/lab1_1/models
[2.298s] -- Installing: /home/tadtawan/mobile_robot/lab1_ws/install/lab1_1/share/lab1_1/models/gas_bottle
[2.298s] -- Installing: /home/tadtawan/mobile_robot/lab1_ws/install/lab1_1/share/lab1_1/models/gas_bottle/model.config
[2.303s] -- Installing: /home/tadtawan/mobile_robot/lab1_ws/install/lab1_1/share/lab1_1/models/gas_bottle/blender
[2.303s] -- Installing: /home/tadtawan/mobile_robot/lab1_ws/install/lab1_1/share/lab1_1/models/gas_bottle/blender/gase_bottle.blend
[3.572s] -- Installing: /home/tadtawan/mobile_robot/lab1_ws/install/lab1_1/share/lab1_1/models/gas_bottle/model.sdf
[3.572s] -- Installing: /home/tadtawan/mobile_robot/lab1_ws/install/lab1_1/share/lab1_1/models/gas_bottle/meshes
[3.572s] -- Installing: /home/tadtawan/mobile_robot/lab1_ws/install/lab1_1/share/lab1_1/models/gas_bottle/meshes/gas_bottle_fire_baseColor.png
[3.716s] -- Installing: /home/tadtawan/mobile_robot/lab1_ws/install/lab1_1/share/lab1_1/models/gas_bottle/meshes/gas_bottle.dae
[3.722s] -- Installing: /home/tadtawan/mobile_robot/lab1_ws/install/lab1_1/share/lab1_1/models/perception_lab
[3.722s] -- Installing: /home/tadtawan/mobile_robot/lab1_ws/install/lab1_1/share/lab1_1/models/perception_lab/model.config
[3.723s] -- Installing: /home/tadtawan/mobile_robot/lab1_ws/install/lab1_1/share/lab1_1/models/perception_lab/model.sdf
[3.723s] -- Installing: /home/tadtawan/mobile_robot/lab1_ws/install/lab1_1/share/lab1_1/models/perception_lab/meshes
[3.723s] -- Installing: /home/tadtawan/mobile_robot/lab1_ws/install/lab1_1/share/lab1_1/models/perception_lab/meshes/prototype_HD.png
[3.725s] -- Installing: /home/tadtawan/mobile_robot/lab1_ws/install/lab1_1/share/lab1_1/models/perception_lab/meshes/perception_plane_v2_HD.dae
[3.725s] -- Installing: /home/tadtawan/mobile_robot/lab1_ws/install/lab1_1/share/lab1_1/models/perception_lab/meshes/perception_plane_v2.dae
[3.726s] -- Installing: /home/tadtawan/mobile_robot/lab1_ws/install/lab1_1/share/lab1_1/models/perception_lab/meshes/perception_lab.stl
[3.726s] -- Installing: /home/tadtawan/mobile_robot/lab1_ws/install/lab1_1/share/lab1_1/models/perception_lab/meshes/prototype.png
[3.726s] -- Installing: /home/tadtawan/mobile_robot/lab1_ws/install/lab1_1/share/lab1_1/models/test_plane
[3.726s] -- Installing: /home/tadtawan/mobile_robot/lab1_ws/install/lab1_1/share/lab1_1/models/test_plane/model.config
[3.727s] -- Installing: /home/tadtawan/mobile_robot/lab1_ws/install/lab1_1/share/lab1_1/models/test_plane/model.sdf
[3.727s] -- Installing: /home/tadtawan/mobile_robot/lab1_ws/install/lab1_1/share/lab1_1/models/test_plane/meshes
[3.727s] -- Installing: /home/tadtawan/mobile_robot/lab1_ws/install/lab1_1/share/lab1_1/models/test_plane/meshes/test_plane_v2.dae
[3.727s] -- Installing: /home/tadtawan/mobile_robot/lab1_ws/install/lab1_1/share/lab1_1/models/test_plane/meshes/texture_07.png
[3.728s] -- Installing: /home/tadtawan/mobile_robot/lab1_ws/install/lab1_1/share/lab1_1/models/test_plane/meshes/test_plane.dae
[3.728s] -- Installing: /home/tadtawan/mobile_robot/lab1_ws/install/lab1_1/share/lab1_1/models/turtlebot3_dqn_world
[3.728s] -- Installing: /home/tadtawan/mobile_robot/lab1_ws/install/lab1_1/share/lab1_1/models/turtlebot3_dqn_world/model.config
[3.728s] -- Installing: /home/tadtawan/mobile_robot/lab1_ws/install/lab1_1/share/lab1_1/models/turtlebot3_dqn_world/obstacle1
[3.728s] -- Installing: /home/tadtawan/mobile_robot/lab1_ws/install/lab1_1/share/lab1_1/models/turtlebot3_dqn_world/obstacle1/model.config
[3.729s] -- Installing: /home/tadtawan/mobile_robot/lab1_ws/install/lab1_1/share/lab1_1/models/turtlebot3_dqn_world/obstacle1/model.sdf
[3.729s] -- Installing: /home/tadtawan/mobile_robot/lab1_ws/install/lab1_1/share/lab1_1/models/turtlebot3_dqn_world/obstacle_plugin
[3.729s] -- Installing: /home/tadtawan/mobile_robot/lab1_ws/install/lab1_1/share/lab1_1/models/turtlebot3_dqn_world/obstacle_plugin/obstacle2.cc
[3.729s] -- Installing: /home/tadtawan/mobile_robot/lab1_ws/install/lab1_1/share/lab1_1/models/turtlebot3_dqn_world/obstacle_plugin/obstacle1.cc
[3.729s] -- Installing: /home/tadtawan/mobile_robot/lab1_ws/install/lab1_1/share/lab1_1/models/turtlebot3_dqn_world/obstacle_plugin/obstacles.cc
[3.730s] -- Installing: /home/tadtawan/mobile_robot/lab1_ws/install/lab1_1/share/lab1_1/models/turtlebot3_dqn_world/obstacle_plugin/CMakeLists.txt
[3.730s] -- Installing: /home/tadtawan/mobile_robot/lab1_ws/install/lab1_1/share/lab1_1/models/turtlebot3_dqn_world/inner_walls
[3.730s] -- Installing: /home/tadtawan/mobile_robot/lab1_ws/install/lab1_1/share/lab1_1/models/turtlebot3_dqn_world/inner_walls/model.config
[3.730s] -- Installing: /home/tadtawan/mobile_robot/lab1_ws/install/lab1_1/share/lab1_1/models/turtlebot3_dqn_world/inner_walls/model.sdf
[3.731s] -- Installing: /home/tadtawan/mobile_robot/lab1_ws/install/lab1_1/share/lab1_1/models/turtlebot3_dqn_world/obstacles
[3.731s] -- Installing: /home/tadtawan/mobile_robot/lab1_ws/install/lab1_1/share/lab1_1/models/turtlebot3_dqn_world/obstacles/model.config
[3.731s] -- Installing: /home/tadtawan/mobile_robot/lab1_ws/install/lab1_1/share/lab1_1/models/turtlebot3_dqn_world/obstacles/model.sdf
[3.731s] -- Installing: /home/tadtawan/mobile_robot/lab1_ws/install/lab1_1/share/lab1_1/models/turtlebot3_dqn_world/goal_box
[3.731s] -- Installing: /home/tadtawan/mobile_robot/lab1_ws/install/lab1_1/share/lab1_1/models/turtlebot3_dqn_world/goal_box/model.config
[3.732s] -- Installing: /home/tadtawan/mobile_robot/lab1_ws/install/lab1_1/share/lab1_1/models/turtlebot3_dqn_world/goal_box/model.sdf
[3.732s] -- Installing: /home/tadtawan/mobile_robot/lab1_ws/install/lab1_1/share/lab1_1/models/turtlebot3_dqn_world/model.sdf
[3.732s] -- Installing: /home/tadtawan/mobile_robot/lab1_ws/install/lab1_1/share/lab1_1/models/turtlebot3_dqn_world/obstacle2
[3.732s] -- Installing: /home/tadtawan/mobile_robot/lab1_ws/install/lab1_1/share/lab1_1/models/turtlebot3_dqn_world/obstacle2/model.config
[3.733s] -- Installing: /home/tadtawan/mobile_robot/lab1_ws/install/lab1_1/share/lab1_1/models/turtlebot3_dqn_world/obstacle2/model.sdf
[3.733s] -- Installing: /home/tadtawan/mobile_robot/lab1_ws/install/lab1_1/share/lab1_1/models/plane
[3.733s] -- Installing: /home/tadtawan/mobile_robot/lab1_ws/install/lab1_1/share/lab1_1/models/plane/model.config
[3.733s] -- Installing: /home/tadtawan/mobile_robot/lab1_ws/install/lab1_1/share/lab1_1/models/plane/materials
[3.733s] -- Installing: /home/tadtawan/mobile_robot/lab1_ws/install/lab1_1/share/lab1_1/models/plane/materials/textures
[3.733s] -- Installing: /home/tadtawan/mobile_robot/lab1_ws/install/lab1_1/share/lab1_1/models/plane/materials/textures/sand.jpeg
[3.740s] -- Installing: /home/tadtawan/mobile_robot/lab1_ws/install/lab1_1/share/lab1_1/models/plane/materials/scripts
[3.740s] -- Installing: /home/tadtawan/mobile_robot/lab1_ws/install/lab1_1/share/lab1_1/models/plane/materials/scripts/plane.material
[3.741s] -- Installing: /home/tadtawan/mobile_robot/lab1_ws/install/lab1_1/share/lab1_1/models/plane/model.sdf
[3.741s] -- Installing: /home/tadtawan/mobile_robot/lab1_ws/install/lab1_1/share/lab1_1/models/robotics_gym
[3.741s] -- Installing: /home/tadtawan/mobile_robot/lab1_ws/install/lab1_1/share/lab1_1/models/robotics_gym/model.config
[3.741s] -- Installing: /home/tadtawan/mobile_robot/lab1_ws/install/lab1_1/share/lab1_1/models/robotics_gym/thumbnails
[3.741s] -- Installing: /home/tadtawan/mobile_robot/lab1_ws/install/lab1_1/share/lab1_1/models/robotics_gym/thumbnails/1.jpg
[3.745s] -- Installing: /home/tadtawan/mobile_robot/lab1_ws/install/lab1_1/share/lab1_1/models/robotics_gym/model.sdf
[3.745s] -- Installing: /home/tadtawan/mobile_robot/lab1_ws/install/lab1_1/share/lab1_1/models/robotics_gym/meshes
[3.745s] -- Installing: /home/tadtawan/mobile_robot/lab1_ws/install/lab1_1/share/lab1_1/models/robotics_gym/meshes/my_robotics_gym.dae
[3.750s] -- Installing: /home/tadtawan/mobile_robot/lab1_ws/install/lab1_1/share/lab1_1/models/demo_cube
[3.750s] -- Installing: /home/tadtawan/mobile_robot/lab1_ws/install/lab1_1/share/lab1_1/models/demo_cube/model.config
[3.751s] -- Installing: /home/tadtawan/mobile_robot/lab1_ws/install/lab1_1/share/lab1_1/models/demo_cube/model.sdf
[3.751s] -- Installing: /home/tadtawan/mobile_robot/lab1_ws/install/lab1_1/share/lab1_1/models/office
[3.751s] -- Installing: /home/tadtawan/mobile_robot/lab1_ws/install/lab1_1/share/lab1_1/models/office/model.config
[3.751s] -- Installing: /home/tadtawan/mobile_robot/lab1_ws/install/lab1_1/share/lab1_1/models/office/blender
[3.751s] -- Installing: /home/tadtawan/mobile_robot/lab1_ws/install/lab1_1/share/lab1_1/models/office/blender/kombini1.blend1
[4.204s] -- Installing: /home/tadtawan/mobile_robot/lab1_ws/install/lab1_1/share/lab1_1/models/office/blender/kimbiniraw.blend
[5.442s] -- Installing: /home/tadtawan/mobile_robot/lab1_ws/install/lab1_1/share/lab1_1/models/office/blender/kombini1.blend
[5.881s] -- Installing: /home/tadtawan/mobile_robot/lab1_ws/install/lab1_1/share/lab1_1/models/office/model.sdf
[5.882s] -- Installing: /home/tadtawan/mobile_robot/lab1_ws/install/lab1_1/share/lab1_1/models/office/meshes
[5.882s] -- Installing: /home/tadtawan/mobile_robot/lab1_ws/install/lab1_1/share/lab1_1/models/office/meshes/wood.005_baseColor.jpg
[5.884s] -- Installing: /home/tadtawan/mobile_robot/lab1_ws/install/lab1_1/share/lab1_1/models/office/meshes/Poster_cert.002_baseColor.jpg
[5.884s] -- Installing: /home/tadtawan/mobile_robot/lab1_ws/install/lab1_1/share/lab1_1/models/office/meshes/office.dae
[6.373s] -- Installing: /home/tadtawan/mobile_robot/lab1_ws/install/lab1_1/share/lab1_1/models/office/meshes/Poster_office_3_baseColor.jpg
[6.376s] -- Installing: /home/tadtawan/mobile_robot/lab1_ws/install/lab1_1/share/lab1_1/models/office/meshes/floor.001_baseColor.jpg
[6.381s] -- Installing: /home/tadtawan/mobile_robot/lab1_ws/install/lab1_1/share/lab1_1/models/office/meshes/Flowers_baseColor_scale1.jpg
[6.381s] -- Installing: /home/tadtawan/mobile_robot/lab1_ws/install/lab1_1/share/lab1_1/models/office/meshes/01_-_Default_baseColor.jpg
[6.383s] -- Installing: /home/tadtawan/mobile_robot/lab1_ws/install/lab1_1/share/lab1_1/models/office/meshes/Fronds_baseColor.jpg
[6.383s] -- Installing: /home/tadtawan/mobile_robot/lab1_ws/install/lab1_1/share/lab1_1/models/office/meshes/Office_Chair_baseColor.jpg
[6.387s] -- Installing: /home/tadtawan/mobile_robot/lab1_ws/install/lab1_1/share/lab1_1/models/office/meshes/Poster_cert_baseColor.jpg
[6.434s] -- Installing: /home/tadtawan/mobile_robot/lab1_ws/install/lab1_1/share/lab1_1/models/office/meshes/Poster_Pam_baseColor.jpg
[6.445s] -- Installing: /home/tadtawan/mobile_robot/lab1_ws/install/lab1_1/share/lab1_1/models/office/meshes/office.stl
[6.726s] -- Installing: /home/tadtawan/mobile_robot/lab1_ws/install/lab1_1/share/lab1_1/models/office/meshes/Poster_cert.001_baseColor.jpg
[6.728s] -- Installing: /home/tadtawan/mobile_robot/lab1_ws/install/lab1_1/share/lab1_1/models/office/meshes/Poster_office_baseColor.jpg
[6.729s] -- Installing: /home/tadtawan/mobile_robot/lab1_ws/install/lab1_1/share/lab1_1/models/office/meshes/02_-_Default_baseColor.jpg
[6.731s] -- Installing: /home/tadtawan/mobile_robot/lab1_ws/install/lab1_1/share/lab1_1/models/office/meshes/Material_27_baseColor.jpg
[6.731s] -- Installing: /home/tadtawan/mobile_robot/lab1_ws/install/lab1_1/share/lab1_1/models/office/meshes/Poster_office_2_baseColor.jpg
[6.733s] -- Installing: /home/tadtawan/mobile_robot/lab1_ws/install/lab1_1/share/lab1_1/models/office/meshes/Coffee_baseColor.jpg
[6.733s] -- Installing: /home/tadtawan/mobile_robot/lab1_ws/install/lab1_1/share/lab1_1/models/office/meshes/Projector_baseColor.jpg
[6.734s] -- Installing: /home/tadtawan/mobile_robot/lab1_ws/install/lab1_1/share/lab1_1/models/perception_table
[6.734s] -- Installing: /home/tadtawan/mobile_robot/lab1_ws/install/lab1_1/share/lab1_1/models/perception_table/model.config
[6.734s] -- Installing: /home/tadtawan/mobile_robot/lab1_ws/install/lab1_1/share/lab1_1/models/perception_table/model.sdf
[6.734s] -- Installing: /home/tadtawan/mobile_robot/lab1_ws/install/lab1_1/share/lab1_1/models/turtlebot3_house
[6.734s] -- Installing: /home/tadtawan/mobile_robot/lab1_ws/install/lab1_1/share/lab1_1/models/turtlebot3_house/model.config
[6.735s] -- Installing: /home/tadtawan/mobile_robot/lab1_ws/install/lab1_1/share/lab1_1/models/turtlebot3_house/model.sdf
[6.740s] -- Installing: /home/tadtawan/mobile_robot/lab1_ws/install/lab1_1/share/lab1_1/models/turtlebot3_world
[6.740s] -- Installing: /home/tadtawan/mobile_robot/lab1_ws/install/lab1_1/share/lab1_1/models/turtlebot3_world/model.config
[6.740s] -- Installing: /home/tadtawan/mobile_robot/lab1_ws/install/lab1_1/share/lab1_1/models/turtlebot3_world/model-1_4.sdf
[6.741s] -- Installing: /home/tadtawan/mobile_robot/lab1_ws/install/lab1_1/share/lab1_1/models/turtlebot3_world/model.sdf
[6.741s] -- Installing: /home/tadtawan/mobile_robot/lab1_ws/install/lab1_1/share/lab1_1/models/turtlebot3_world/meshes
[6.741s] -- Installing: /home/tadtawan/mobile_robot/lab1_ws/install/lab1_1/share/lab1_1/models/turtlebot3_world/meshes/hexagon.dae
[6.742s] -- Installing: /home/tadtawan/mobile_robot/lab1_ws/install/lab1_1/share/lab1_1/models/turtlebot3_world/meshes/wall.stl
[6.742s] -- Installing: /home/tadtawan/mobile_robot/lab1_ws/install/lab1_1/share/lab1_1/models/turtlebot3_world/meshes/hexagon.stl
[6.742s] -- Installing: /home/tadtawan/mobile_robot/lab1_ws/install/lab1_1/share/lab1_1/models/turtlebot3_world/meshes/wall.dae
[6.743s] -- Installing: /home/tadtawan/mobile_robot/lab1_ws/install/lab1_1/share/lab1_1/models/circuit
[6.743s] -- Installing: /home/tadtawan/mobile_robot/lab1_ws/install/lab1_1/share/lab1_1/models/circuit/model.config
[6.743s] -- Installing: /home/tadtawan/mobile_robot/lab1_ws/install/lab1_1/share/lab1_1/models/circuit/model.sdf
[6.743s] -- Installing: /home/tadtawan/mobile_robot/lab1_ws/install/lab1_1/share/lab1_1/models/circuit/meshes
[6.743s] -- Installing: /home/tadtawan/mobile_robot/lab1_ws/install/lab1_1/share/lab1_1/models/circuit/meshes/circuit.dae
[6.750s] -- Installing: /home/tadtawan/mobile_robot/lab1_ws/install/lab1_1/share/lab1_1/models/circuit/meshes/circuit.stl
[6.753s] -- Installing: /home/tadtawan/mobile_robot/lab1_ws/install/lab1_1/share/lab1_1/models/circuit/meshes/circuit_texture.png
[6.753s] -- Installing: /home/tadtawan/mobile_robot/lab1_ws/install/lab1_1/share/lab1_1/models/ground_plane_invisible
[6.753s] -- Installing: /home/tadtawan/mobile_robot/lab1_ws/install/lab1_1/share/lab1_1/models/ground_plane_invisible/model.config
[6.753s] -- Installing: /home/tadtawan/mobile_robot/lab1_ws/install/lab1_1/share/lab1_1/models/ground_plane_invisible/model-1_4.sdf
[6.754s] -- Installing: /home/tadtawan/mobile_robot/lab1_ws/install/lab1_1/share/lab1_1/models/ground_plane_invisible/model-1_2.sdf
[6.754s] -- Installing: /home/tadtawan/mobile_robot/lab1_ws/install/lab1_1/share/lab1_1/models/ground_plane_invisible/model-1_3.sdf
[6.754s] -- Installing: /home/tadtawan/mobile_robot/lab1_ws/install/lab1_1/share/lab1_1/models/ground_plane_invisible/model.sdf
[6.754s] -- Installing: /home/tadtawan/mobile_robot/lab1_ws/install/lab1_1/share/lab1_1/models/turtlebot3_room
[6.755s] -- Installing: /home/tadtawan/mobile_robot/lab1_ws/install/lab1_1/share/lab1_1/models/turtlebot3_room/model.config
[6.755s] -- Installing: /home/tadtawan/mobile_robot/lab1_ws/install/lab1_1/share/lab1_1/models/turtlebot3_room/troom.blend1
[6.783s] -- Installing: /home/tadtawan/mobile_robot/lab1_ws/install/lab1_1/share/lab1_1/models/turtlebot3_room/model.sdf
[6.784s] -- Installing: /home/tadtawan/mobile_robot/lab1_ws/install/lab1_1/share/lab1_1/models/turtlebot3_room/troom.blend
[6.811s] -- Installing: /home/tadtawan/mobile_robot/lab1_ws/install/lab1_1/share/lab1_1/models/turtlebot3_room/meshes
[6.811s] -- Installing: /home/tadtawan/mobile_robot/lab1_ws/install/lab1_1/share/lab1_1/models/turtlebot3_room/meshes/room_texture.png
[6.811s] -- Installing: /home/tadtawan/mobile_robot/lab1_ws/install/lab1_1/share/lab1_1/models/turtlebot3_room/meshes/hexagon.dae
[6.811s] -- Installing: /home/tadtawan/mobile_robot/lab1_ws/install/lab1_1/share/lab1_1/models/turtlebot3_room/meshes/room.stl
[6.813s] -- Installing: /home/tadtawan/mobile_robot/lab1_ws/install/lab1_1/share/lab1_1/models/turtlebot3_room/meshes/wall.dae
[6.814s] -- Installing: /home/tadtawan/mobile_robot/lab1_ws/install/lab1_1/share/lab1_1/models/turtlebot3_room/meshes/turtleroom_v2.dae
[6.818s] -- Installing: /home/tadtawan/mobile_robot/lab1_ws/install/lab1_1/share/lab1_1/meshes
[6.818s] -- Installing: /home/tadtawan/mobile_robot/lab1_ws/install/lab1_1/share/lab1_1/meshes/limo_base.stl
[7.766s] -- Installing: /home/tadtawan/mobile_robot/lab1_ws/install/lab1_1/share/lab1_1/meshes/limo_optimal_wheels.dae
[7.779s] -- Installing: /home/tadtawan/mobile_robot/lab1_ws/install/lab1_1/share/lab1_1/meshes/steering.dae
[7.806s] -- Installing: /home/tadtawan/mobile_robot/lab1_ws/install/lab1_1/share/lab1_1/meshes/limo_wheel.dae
[8.274s] -- Installing: /home/tadtawan/mobile_robot/lab1_ws/install/lab1_1/share/lab1_1/meshes/sidescreentexture.png
[8.281s] -- Installing: /home/tadtawan/mobile_robot/lab1_ws/install/lab1_1/share/lab1_1/meshes/limo_base.dae
[10.196s] -- Installing: /home/tadtawan/mobile_robot/lab1_ws/install/lab1_1/share/lab1_1/meshes/rotw2_rviz.png
[10.232s] -- Installing: /home/tadtawan/mobile_robot/lab1_ws/install/lab1_1/share/lab1_1/meshes/face.png
[10.240s] -- Installing: /home/tadtawan/mobile_robot/lab1_ws/install/lab1_1/share/lab1_1/meshes/limo_texture.png
[10.240s] -- Installing: /home/tadtawan/mobile_robot/lab1_ws/install/lab1_1/share/lab1_1/meshes/arrow_texture.png
[10.240s] -- Installing: /home/tadtawan/mobile_robot/lab1_ws/install/lab1_1/share/lab1_1/meshes/lcd_screen_texture.png
[10.244s] -- Installing: /home/tadtawan/mobile_robot/lab1_ws/install/lab1_1/share/lab1_1/meshes/steering_texture.png
[10.244s] -- Installing: /home/tadtawan/mobile_robot/lab1_ws/install/lab1_1/share/lab1_1/meshes/limo_wheel.stl
[10.405s] -- Installing: /home/tadtawan/mobile_robot/lab1_ws/install/lab1_1/share/lab1_1/meshes/limo_optimal.dae
[10.542s] -- Installing: /home/tadtawan/mobile_robot/lab1_ws/install/lab1_1/share/lab1_1/worlds
[10.542s] -- Installing: /home/tadtawan/mobile_robot/lab1_ws/install/lab1_1/share/lab1_1/worlds/basic.world
[10.543s] -- Installing: /home/tadtawan/mobile_robot/lab1_ws/install/lab1_1/share/lab1_1/launch
[10.543s] -- Installing: /home/tadtawan/mobile_robot/lab1_ws/install/lab1_1/share/lab1_1/launch/world.launch.py
[10.543s] -- Installing: /home/tadtawan/mobile_robot/lab1_ws/install/lab1_1/share/lab1_1/launch/spawn_robot.launch.py
[10.543s] -- Installing: /home/tadtawan/mobile_robot/lab1_ws/install/lab1_1/share/lab1_1/scripts
[10.543s] -- Installing: /home/tadtawan/mobile_robot/lab1_ws/install/lab1_1/share/lab1_1/scripts/odom_publisher.py
[10.543s] -- Installing: /home/tadtawan/mobile_robot/lab1_ws/install/lab1_1/share/lab1_1/scripts/bicycle_model.py
[10.543s] -- Installing: /home/tadtawan/mobile_robot/lab1_ws/install/lab1_1/share/lab1_1/scripts/dummy_script.py
[10.543s] -- Installing: /home/tadtawan/mobile_robot/lab1_ws/install/lab1_1/share/lab1_1/scripts/inverse_kinematics.py
[10.543s] -- Installing: /home/tadtawan/mobile_robot/lab1_ws/install/lab1_1/share/lab1_1/descriptions
[10.543s] -- Installing: /home/tadtawan/mobile_robot/lab1_ws/install/lab1_1/share/lab1_1/descriptions/robot.urdf
[10.543s] -- Installing: /home/tadtawan/mobile_robot/lab1_ws/install/lab1_1/share/ament_index/resource_index/package_run_dependencies/lab1_1
[10.543s] -- Installing: /home/tadtawan/mobile_robot/lab1_ws/install/lab1_1/share/ament_index/resource_index/parent_prefix_path/lab1_1
[10.543s] -- Installing: /home/tadtawan/mobile_robot/lab1_ws/install/lab1_1/share/lab1_1/environment/ament_prefix_path.sh
[10.543s] -- Installing: /home/tadtawan/mobile_robot/lab1_ws/install/lab1_1/share/lab1_1/environment/ament_prefix_path.dsv
[10.543s] -- Installing: /home/tadtawan/mobile_robot/lab1_ws/install/lab1_1/share/lab1_1/environment/path.sh
[10.544s] -- Installing: /home/tadtawan/mobile_robot/lab1_ws/install/lab1_1/share/lab1_1/environment/path.dsv
[10.544s] -- Installing: /home/tadtawan/mobile_robot/lab1_ws/install/lab1_1/share/lab1_1/local_setup.bash
[10.544s] -- Installing: /home/tadtawan/mobile_robot/lab1_ws/install/lab1_1/share/lab1_1/local_setup.sh
[10.544s] -- Installing: /home/tadtawan/mobile_robot/lab1_ws/install/lab1_1/share/lab1_1/local_setup.zsh
[10.544s] -- Installing: /home/tadtawan/mobile_robot/lab1_ws/install/lab1_1/share/lab1_1/local_setup.dsv
[10.544s] -- Installing: /home/tadtawan/mobile_robot/lab1_ws/install/lab1_1/share/lab1_1/package.dsv
[10.544s] -- Installing: /home/tadtawan/mobile_robot/lab1_ws/install/lab1_1/share/ament_index/resource_index/packages/lab1_1
[10.544s] -- Installing: /home/tadtawan/mobile_robot/lab1_ws/install/lab1_1/share/lab1_1/cmake/lab1_1Config.cmake
[10.544s] -- Installing: /home/tadtawan/mobile_robot/lab1_ws/install/lab1_1/share/lab1_1/cmake/lab1_1Config-version.cmake
[10.544s] -- Installing: /home/tadtawan/mobile_robot/lab1_ws/install/lab1_1/share/lab1_1/package.xml
[10.546s] Invoked command in '/home/tadtawan/mobile_robot/lab1_ws/build/lab1_1' returned '0': CMAKE_PREFIX_PATH=${CMAKE_PREFIX_PATH}:/opt/ros/humble /usr/bin/cmake --install /home/tadtawan/mobile_robot/lab1_ws/build/lab1_1
