[0.006s] Invoking command in '/home/tadtawan/mobile_robot/lab1_ws/build/lab1_1': CMAKE_PREFIX_PATH=${CMAKE_PREFIX_PATH}:/opt/ros/humble /usr/bin/cmake /home/tadtawan/mobile_robot/lab1_ws/src/lab1_1 -DCMAKE_INSTALL_PREFIX=/home/tadtawan/mobile_robot/lab1_ws/install/lab1_1
[0.371s] -- The C compiler identification is GNU 11.4.0
[0.749s] -- The CXX compiler identification is GNU 11.4.0
[0.760s] -- Detecting C compiler ABI info
[0.833s] -- Detecting C compiler ABI info - done
[0.838s] -- Check for working C compiler: /usr/bin/cc - skipped
[0.840s] -- Detecting C compile features
[0.840s] -- Detecting C compile features - done
[0.845s] -- Detecting CXX compiler ABI info
[0.906s] -- Detecting CXX compiler ABI info - done
[0.912s] -- Check for working CXX compiler: /usr/bin/c++ - skipped
[0.912s] -- Detecting CXX compile features
[0.913s] -- Detecting CXX compile features - done
[0.915s] -- Found ament_cmake: 1.3.11 (/opt/ros/humble/share/ament_cmake/cmake)
[1.019s] -- Found Python3: /usr/bin/python3 (found version "3.10.12") found components: Interpreter 
[1.110s] -- Found rclcpp: 16.0.11 (/opt/ros/humble/share/rclcpp/cmake)
[1.162s] -- Found rosidl_generator_c: 3.1.6 (/opt/ros/humble/share/rosidl_generator_c/cmake)
[1.167s] -- Found rosidl_adapter: 3.1.6 (/opt/ros/humble/share/rosidl_adapter/cmake)
[1.179s] -- Found rosidl_generator_cpp: 3.1.6 (/opt/ros/humble/share/rosidl_generator_cpp/cmake)
[1.195s] -- Using all available rosidl_typesupport_c: rosidl_typesupport_fastrtps_c;rosidl_typesupport_introspection_c
[1.215s] -- Using all available rosidl_typesupport_cpp: rosidl_typesupport_fastrtps_cpp;rosidl_typesupport_introspection_cpp
[1.271s] -- Found rmw_implementation_cmake: 6.1.2 (/opt/ros/humble/share/rmw_implementation_cmake/cmake)
[1.275s] -- Found rmw_fastrtps_cpp: 6.2.7 (/opt/ros/humble/share/rmw_fastrtps_cpp/cmake)
[1.354s] -- Found OpenSSL: /usr/lib/x86_64-linux-gnu/libcrypto.so (found version "3.0.2")  
[1.372s] -- Found FastRTPS: /opt/ros/humble/include  
[1.395s] -- Using RMW implementation 'rmw_fastrtps_cpp' as default
[1.406s] -- Looking for pthread.h
[1.470s] -- Looking for pthread.h - found
[1.470s] -- Performing Test CMAKE_HAVE_LIBC_PTHREAD
[1.533s] -- Performing Test CMAKE_HAVE_LIBC_PTHREAD - Success
[1.534s] -- Found Threads: TRUE  
[1.600s] -- Found rclpy: 3.3.15 (/opt/ros/humble/share/rclpy/cmake)
[1.691s] -- Configuring done
[1.696s] -- Generating done
[1.698s] -- Build files have been written to: /home/tadtawan/mobile_robot/lab1_ws/build/lab1_1
[1.705s] Invoked command in '/home/tadtawan/mobile_robot/lab1_ws/build/lab1_1' returned '0': CMAKE_PREFIX_PATH=${CMAKE_PREFIX_PATH}:/opt/ros/humble /usr/bin/cmake /home/tadtawan/mobile_robot/lab1_ws/src/lab1_1 -DCMAKE_INSTALL_PREFIX=/home/tadtawan/mobile_robot/lab1_ws/install/lab1_1
[1.706s] Invoking command in '/home/tadtawan/mobile_robot/lab1_ws/build/lab1_1': CMAKE_PREFIX_PATH=${CMAKE_PREFIX_PATH}:/opt/ros/humble /usr/bin/cmake --build /home/tadtawan/mobile_robot/lab1_ws/build/lab1_1 -- -j16 -l16
[1.744s] [ 50%] [32mBuilding CXX object CMakeFiles/cpp_node_test.dir/src/cpp_node.cpp.o[0m
[1.748s] [ 50%] Built target ament_cmake_python_copy_lab1_1
[1.890s] running egg_info
[1.890s] creating lab1_1.egg-info
[1.890s] writing lab1_1.egg-info/PKG-INFO
[1.890s] writing dependency_links to lab1_1.egg-info/dependency_links.txt
[1.891s] writing top-level names to lab1_1.egg-info/top_level.txt
[1.891s] writing manifest file 'lab1_1.egg-info/SOURCES.txt'
[1.892s] reading manifest file 'lab1_1.egg-info/SOURCES.txt'
[1.892s] writing manifest file 'lab1_1.egg-info/SOURCES.txt'
[1.909s] [ 50%] Built target ament_cmake_python_build_lab1_1_egg
[2.044s] [100%] [32m[1mLinking CXX executable cpp_node_test[0m
[2.119s] [100%] Built target cpp_node_test
[2.126s] Invoked command in '/home/tadtawan/mobile_robot/lab1_ws/build/lab1_1' returned '0': CMAKE_PREFIX_PATH=${CMAKE_PREFIX_PATH}:/opt/ros/humble /usr/bin/cmake --build /home/tadtawan/mobile_robot/lab1_ws/build/lab1_1 -- -j16 -l16
[2.132s] Invoking command in '/home/tadtawan/mobile_robot/lab1_ws/build/lab1_1': CMAKE_PREFIX_PATH=${CMAKE_PREFIX_PATH}:/opt/ros/humble /usr/bin/cmake --install /home/tadtawan/mobile_robot/lab1_ws/build/lab1_1
[2.136s] -- Install configuration: ""
[2.136s] -- Installing: /home/tadtawan/mobile_robot/lab1_ws/install/lab1_1/share/lab1_1/environment/pythonpath.sh
[2.136s] -- Installing: /home/tadtawan/mobile_robot/lab1_ws/install/lab1_1/share/lab1_1/environment/pythonpath.dsv
[2.136s] -- Installing: /home/tadtawan/mobile_robot/lab1_ws/install/lab1_1/local/lib/python3.10/dist-packages/lab1_1-0.0.0-py3.10.egg-info
[2.136s] -- Installing: /home/tadtawan/mobile_robot/lab1_ws/install/lab1_1/local/lib/python3.10/dist-packages/lab1_1-0.0.0-py3.10.egg-info/top_level.txt
[2.136s] -- Installing: /home/tadtawan/mobile_robot/lab1_ws/install/lab1_1/local/lib/python3.10/dist-packages/lab1_1-0.0.0-py3.10.egg-info/dependency_links.txt
[2.136s] -- Installing: /home/tadtawan/mobile_robot/lab1_ws/install/lab1_1/local/lib/python3.10/dist-packages/lab1_1-0.0.0-py3.10.egg-info/SOURCES.txt
[2.136s] -- Installing: /home/tadtawan/mobile_robot/lab1_ws/install/lab1_1/local/lib/python3.10/dist-packages/lab1_1-0.0.0-py3.10.egg-info/PKG-INFO
[2.136s] -- Installing: /home/tadtawan/mobile_robot/lab1_ws/install/lab1_1/local/lib/python3.10/dist-packages/lab1_1
[2.136s] -- Installing: /home/tadtawan/mobile_robot/lab1_ws/install/lab1_1/local/lib/python3.10/dist-packages/lab1_1/__init__.py
[2.137s] -- Installing: /home/tadtawan/mobile_robot/lab1_ws/install/lab1_1/local/lib/python3.10/dist-packages/lab1_1/dummy_module.py
[2.158s] Listing '/home/tadtawan/mobile_robot/lab1_ws/install/lab1_1/local/lib/python3.10/dist-packages/lab1_1'...
[2.158s] Compiling '/home/tadtawan/mobile_robot/lab1_ws/install/lab1_1/local/lib/python3.10/dist-packages/lab1_1/__init__.py'...
[2.158s] Compiling '/home/tadtawan/mobile_robot/lab1_ws/install/lab1_1/local/lib/python3.10/dist-packages/lab1_1/dummy_module.py'...
[2.161s] -- Installing: /home/tadtawan/mobile_robot/lab1_ws/install/lab1_1/lib/lab1_1/dummy_script.py
[2.161s] -- Installing: /home/tadtawan/mobile_robot/lab1_ws/install/lab1_1/lib/lab1_1/cpp_node_test
[2.162s] -- Set runtime path of "/home/tadtawan/mobile_robot/lab1_ws/install/lab1_1/lib/lab1_1/cpp_node_test" to ""
[2.162s] -- Installing: /home/tadtawan/mobile_robot/lab1_ws/install/lab1_1/share/lab1_1/meshes
[2.162s] -- Installing: /home/tadtawan/mobile_robot/lab1_ws/install/lab1_1/share/lab1_1/meshes/limo_base.stl
[3.070s] -- Installing: /home/tadtawan/mobile_robot/lab1_ws/install/lab1_1/share/lab1_1/meshes/limo_optimal_wheels.dae
[3.082s] -- Installing: /home/tadtawan/mobile_robot/lab1_ws/install/lab1_1/share/lab1_1/meshes/steering.dae
[3.110s] -- Installing: /home/tadtawan/mobile_robot/lab1_ws/install/lab1_1/share/lab1_1/meshes/limo_wheel.dae
[3.367s] -- Installing: /home/tadtawan/mobile_robot/lab1_ws/install/lab1_1/share/lab1_1/meshes/sidescreentexture.png
[3.368s] -- Installing: /home/tadtawan/mobile_robot/lab1_ws/install/lab1_1/share/lab1_1/meshes/limo_base.dae
[4.534s] -- Installing: /home/tadtawan/mobile_robot/lab1_ws/install/lab1_1/share/lab1_1/meshes/rotw2_rviz.png
[4.569s] -- Installing: /home/tadtawan/mobile_robot/lab1_ws/install/lab1_1/share/lab1_1/meshes/face.png
[4.577s] -- Installing: /home/tadtawan/mobile_robot/lab1_ws/install/lab1_1/share/lab1_1/meshes/limo_texture.png
[4.578s] -- Installing: /home/tadtawan/mobile_robot/lab1_ws/install/lab1_1/share/lab1_1/meshes/arrow_texture.png
[4.578s] -- Installing: /home/tadtawan/mobile_robot/lab1_ws/install/lab1_1/share/lab1_1/meshes/lcd_screen_texture.png
[4.582s] -- Installing: /home/tadtawan/mobile_robot/lab1_ws/install/lab1_1/share/lab1_1/meshes/steering_texture.png
[4.582s] -- Installing: /home/tadtawan/mobile_robot/lab1_ws/install/lab1_1/share/lab1_1/meshes/limo_wheel.stl
[4.744s] -- Installing: /home/tadtawan/mobile_robot/lab1_ws/install/lab1_1/share/lab1_1/meshes/limo_optimal.dae
[4.882s] -- Installing: /home/tadtawan/mobile_robot/lab1_ws/install/lab1_1/share/lab1_1/worlds
[4.882s] -- Installing: /home/tadtawan/mobile_robot/lab1_ws/install/lab1_1/share/lab1_1/worlds/basic.world
[4.882s] -- Installing: /home/tadtawan/mobile_robot/lab1_ws/install/lab1_1/share/lab1_1/launch
[4.882s] -- Installing: /home/tadtawan/mobile_robot/lab1_ws/install/lab1_1/share/lab1_1/launch/world.launch.py
[4.882s] -- Installing: /home/tadtawan/mobile_robot/lab1_ws/install/lab1_1/share/ament_index/resource_index/package_run_dependencies/lab1_1
[4.882s] -- Installing: /home/tadtawan/mobile_robot/lab1_ws/install/lab1_1/share/ament_index/resource_index/parent_prefix_path/lab1_1
[4.882s] -- Installing: /home/tadtawan/mobile_robot/lab1_ws/install/lab1_1/share/lab1_1/environment/ament_prefix_path.sh
[4.882s] -- Installing: /home/tadtawan/mobile_robot/lab1_ws/install/lab1_1/share/lab1_1/environment/ament_prefix_path.dsv
[4.882s] -- Installing: /home/tadtawan/mobile_robot/lab1_ws/install/lab1_1/share/lab1_1/environment/path.sh
[4.882s] -- Installing: /home/tadtawan/mobile_robot/lab1_ws/install/lab1_1/share/lab1_1/environment/path.dsv
[4.883s] -- Installing: /home/tadtawan/mobile_robot/lab1_ws/install/lab1_1/share/lab1_1/local_setup.bash
[4.883s] -- Installing: /home/tadtawan/mobile_robot/lab1_ws/install/lab1_1/share/lab1_1/local_setup.sh
[4.883s] -- Installing: /home/tadtawan/mobile_robot/lab1_ws/install/lab1_1/share/lab1_1/local_setup.zsh
[4.883s] -- Installing: /home/tadtawan/mobile_robot/lab1_ws/install/lab1_1/share/lab1_1/local_setup.dsv
[4.883s] -- Installing: /home/tadtawan/mobile_robot/lab1_ws/install/lab1_1/share/lab1_1/package.dsv
[4.883s] -- Installing: /home/tadtawan/mobile_robot/lab1_ws/install/lab1_1/share/ament_index/resource_index/packages/lab1_1
[4.883s] -- Installing: /home/tadtawan/mobile_robot/lab1_ws/install/lab1_1/share/lab1_1/cmake/lab1_1Config.cmake
[4.883s] -- Installing: /home/tadtawan/mobile_robot/lab1_ws/install/lab1_1/share/lab1_1/cmake/lab1_1Config-version.cmake
[4.883s] -- Installing: /home/tadtawan/mobile_robot/lab1_ws/install/lab1_1/share/lab1_1/package.xml
[4.884s] Invoked command in '/home/tadtawan/mobile_robot/lab1_ws/build/lab1_1' returned '0': CMAKE_PREFIX_PATH=${CMAKE_PREFIX_PATH}:/opt/ros/humble /usr/bin/cmake --install /home/tadtawan/mobile_robot/lab1_ws/build/lab1_1
